<?xml version="1.0" encoding="UTF-8"?>
<testsuite xmlns:xsi="http://www.w3.org/2001/XMLSchema-instance" xsi:noNamespaceSchemaLocation="https://maven.apache.org/surefire/maven-surefire-plugin/xsd/surefire-test-report-3.0.xsd" version="3.0" name="CucumberOptions.TestRunner" time="205.28" tests="5" errors="3" skipped="0" failures="0">
  <properties>
    <property name="sun.desktop" value="windows"/>
    <property name="awt.toolkit" value="sun.awt.windows.WToolkit"/>
    <property name="file.encoding.pkg" value="sun.io"/>
    <property name="java.specification.version" value="1.8"/>
    <property name="sun.cpu.isalist" value="amd64"/>
    <property name="sun.jnu.encoding" value="Cp1252"/>
    <property name="java.class.path" value="D:\Duplicate_SHN_Automation\SHNAutomation\target\test-classes;D:\Duplicate_SHN_Automation\SHNAutomation\target\classes;C:\Users\adithya.machiraju\.m2\repository\org\seleniumhq\selenium\selenium-java\3.141.59\selenium-java-3.141.59.jar;C:\Users\adithya.machiraju\.m2\repository\org\seleniumhq\selenium\selenium-api\3.141.59\selenium-api-3.141.59.jar;C:\Users\adithya.machiraju\.m2\repository\org\seleniumhq\selenium\selenium-chrome-driver\3.141.59\selenium-chrome-driver-3.141.59.jar;C:\Users\adithya.machiraju\.m2\repository\org\seleniumhq\selenium\selenium-edge-driver\3.141.59\selenium-edge-driver-3.141.59.jar;C:\Users\adithya.machiraju\.m2\repository\org\seleniumhq\selenium\selenium-firefox-driver\3.141.59\selenium-firefox-driver-3.141.59.jar;C:\Users\adithya.machiraju\.m2\repository\org\seleniumhq\selenium\selenium-ie-driver\3.141.59\selenium-ie-driver-3.141.59.jar;C:\Users\adithya.machiraju\.m2\repository\org\seleniumhq\selenium\selenium-opera-driver\3.141.59\selenium-opera-driver-3.141.59.jar;C:\Users\adithya.machiraju\.m2\repository\org\seleniumhq\selenium\selenium-remote-driver\3.141.59\selenium-remote-driver-3.141.59.jar;C:\Users\adithya.machiraju\.m2\repository\org\seleniumhq\selenium\selenium-safari-driver\3.141.59\selenium-safari-driver-3.141.59.jar;C:\Users\adithya.machiraju\.m2\repository\org\seleniumhq\selenium\selenium-support\3.141.59\selenium-support-3.141.59.jar;C:\Users\adithya.machiraju\.m2\repository\net\bytebuddy\byte-buddy\1.8.15\byte-buddy-1.8.15.jar;C:\Users\adithya.machiraju\.m2\repository\org\apache\commons\commons-exec\1.3\commons-exec-1.3.jar;C:\Users\adithya.machiraju\.m2\repository\com\google\guava\guava\25.0-jre\guava-25.0-jre.jar;C:\Users\adithya.machiraju\.m2\repository\com\google\code\findbugs\jsr305\1.3.9\jsr305-1.3.9.jar;C:\Users\adithya.machiraju\.m2\repository\org\checkerframework\checker-compat-qual\2.0.0\checker-compat-qual-2.0.0.jar;C:\Users\adithya.machiraju\.m2\repository\com\google\errorprone\error_prone_annotations\2.1.3\error_prone_annotations-2.1.3.jar;C:\Users\adithya.machiraju\.m2\repository\com\google\j2objc\j2objc-annotations\1.1\j2objc-annotations-1.1.jar;C:\Users\adithya.machiraju\.m2\repository\org\codehaus\mojo\animal-sniffer-annotations\1.14\animal-sniffer-annotations-1.14.jar;C:\Users\adithya.machiraju\.m2\repository\com\squareup\okhttp3\okhttp\3.11.0\okhttp-3.11.0.jar;C:\Users\adithya.machiraju\.m2\repository\com\squareup\okio\okio\1.14.0\okio-1.14.0.jar;C:\Users\adithya.machiraju\.m2\repository\info\cukes\cucumber-java\1.2.5\cucumber-java-1.2.5.jar;C:\Users\adithya.machiraju\.m2\repository\info\cukes\cucumber-core\1.2.5\cucumber-core-1.2.5.jar;C:\Users\adithya.machiraju\.m2\repository\info\cukes\cucumber-html\0.2.3\cucumber-html-0.2.3.jar;C:\Users\adithya.machiraju\.m2\repository\info\cukes\cucumber-jvm-deps\1.0.5\cucumber-jvm-deps-1.0.5.jar;C:\Users\adithya.machiraju\.m2\repository\info\cukes\gherkin\2.12.2\gherkin-2.12.2.jar;C:\Users\adithya.machiraju\.m2\repository\info\cukes\cucumber-junit\1.2.5\cucumber-junit-1.2.5.jar;C:\Users\adithya.machiraju\.m2\repository\junit\junit\4.12\junit-4.12.jar;C:\Users\adithya.machiraju\.m2\repository\org\hamcrest\hamcrest-core\1.3\hamcrest-core-1.3.jar;"/>
    <property name="java.vm.vendor" value="Oracle Corporation"/>
    <property name="sun.arch.data.model" value="64"/>
    <property name="user.variant" value=""/>
    <property name="java.vendor.url" value="http://java.oracle.com/"/>
    <property name="user.timezone" value="Asia/Calcutta"/>
    <property name="java.vm.specification.version" value="1.8"/>
    <property name="os.name" value="Windows 10"/>
    <property name="user.country" value="US"/>
    <property name="sun.java.launcher" value="SUN_STANDARD"/>
    <property name="sun.boot.library.path" value="C:\Program Files\Java\jdk1.8.0_131\jre\bin"/>
    <property name="sun.java.command" value="C:\Users\adithya.machiraju\AppData\Local\Temp\surefire7680989804705378283\surefirebooter6349102989898335184.jar C:\Users\adithya.machiraju\AppData\Local\Temp\surefire7680989804705378283 2019-05-16T14-01-26_565-jvmRun1 surefire7045755923540259004tmp surefire_08761537319874814172tmp"/>
    <property name="surefire.test.class.path" value="D:\Duplicate_SHN_Automation\SHNAutomation\target\test-classes;D:\Duplicate_SHN_Automation\SHNAutomation\target\classes;C:\Users\adithya.machiraju\.m2\repository\org\seleniumhq\selenium\selenium-java\3.141.59\selenium-java-3.141.59.jar;C:\Users\adithya.machiraju\.m2\repository\org\seleniumhq\selenium\selenium-api\3.141.59\selenium-api-3.141.59.jar;C:\Users\adithya.machiraju\.m2\repository\org\seleniumhq\selenium\selenium-chrome-driver\3.141.59\selenium-chrome-driver-3.141.59.jar;C:\Users\adithya.machiraju\.m2\repository\org\seleniumhq\selenium\selenium-edge-driver\3.141.59\selenium-edge-driver-3.141.59.jar;C:\Users\adithya.machiraju\.m2\repository\org\seleniumhq\selenium\selenium-firefox-driver\3.141.59\selenium-firefox-driver-3.141.59.jar;C:\Users\adithya.machiraju\.m2\repository\org\seleniumhq\selenium\selenium-ie-driver\3.141.59\selenium-ie-driver-3.141.59.jar;C:\Users\adithya.machiraju\.m2\repository\org\seleniumhq\selenium\selenium-opera-driver\3.141.59\selenium-opera-driver-3.141.59.jar;C:\Users\adithya.machiraju\.m2\repository\org\seleniumhq\selenium\selenium-remote-driver\3.141.59\selenium-remote-driver-3.141.59.jar;C:\Users\adithya.machiraju\.m2\repository\org\seleniumhq\selenium\selenium-safari-driver\3.141.59\selenium-safari-driver-3.141.59.jar;C:\Users\adithya.machiraju\.m2\repository\org\seleniumhq\selenium\selenium-support\3.141.59\selenium-support-3.141.59.jar;C:\Users\adithya.machiraju\.m2\repository\net\bytebuddy\byte-buddy\1.8.15\byte-buddy-1.8.15.jar;C:\Users\adithya.machiraju\.m2\repository\org\apache\commons\commons-exec\1.3\commons-exec-1.3.jar;C:\Users\adithya.machiraju\.m2\repository\com\google\guava\guava\25.0-jre\guava-25.0-jre.jar;C:\Users\adithya.machiraju\.m2\repository\com\google\code\findbugs\jsr305\1.3.9\jsr305-1.3.9.jar;C:\Users\adithya.machiraju\.m2\repository\org\checkerframework\checker-compat-qual\2.0.0\checker-compat-qual-2.0.0.jar;C:\Users\adithya.machiraju\.m2\repository\com\google\errorprone\error_prone_annotations\2.1.3\error_prone_annotations-2.1.3.jar;C:\Users\adithya.machiraju\.m2\repository\com\google\j2objc\j2objc-annotations\1.1\j2objc-annotations-1.1.jar;C:\Users\adithya.machiraju\.m2\repository\org\codehaus\mojo\animal-sniffer-annotations\1.14\animal-sniffer-annotations-1.14.jar;C:\Users\adithya.machiraju\.m2\repository\com\squareup\okhttp3\okhttp\3.11.0\okhttp-3.11.0.jar;C:\Users\adithya.machiraju\.m2\repository\com\squareup\okio\okio\1.14.0\okio-1.14.0.jar;C:\Users\adithya.machiraju\.m2\repository\info\cukes\cucumber-java\1.2.5\cucumber-java-1.2.5.jar;C:\Users\adithya.machiraju\.m2\repository\info\cukes\cucumber-core\1.2.5\cucumber-core-1.2.5.jar;C:\Users\adithya.machiraju\.m2\repository\info\cukes\cucumber-html\0.2.3\cucumber-html-0.2.3.jar;C:\Users\adithya.machiraju\.m2\repository\info\cukes\cucumber-jvm-deps\1.0.5\cucumber-jvm-deps-1.0.5.jar;C:\Users\adithya.machiraju\.m2\repository\info\cukes\gherkin\2.12.2\gherkin-2.12.2.jar;C:\Users\adithya.machiraju\.m2\repository\info\cukes\cucumber-junit\1.2.5\cucumber-junit-1.2.5.jar;C:\Users\adithya.machiraju\.m2\repository\junit\junit\4.12\junit-4.12.jar;C:\Users\adithya.machiraju\.m2\repository\org\hamcrest\hamcrest-core\1.3\hamcrest-core-1.3.jar;"/>
    <property name="sun.cpu.endian" value="little"/>
    <property name="user.home" value="C:\Users\adithya.machiraju"/>
    <property name="user.language" value="en"/>
    <property name="java.specification.vendor" value="Oracle Corporation"/>
    <property name="java.home" value="C:\Program Files\Java\jdk1.8.0_131\jre"/>
    <property name="basedir" value="D:\Duplicate_SHN_Automation\SHNAutomation"/>
    <property name="file.separator" value="\"/>
    <property name="line.separator" value="&#10;"/>
    <property name="java.vm.specification.vendor" value="Oracle Corporation"/>
    <property name="java.specification.name" value="Java Platform API Specification"/>
    <property name="java.awt.graphicsenv" value="sun.awt.Win32GraphicsEnvironment"/>
    <property name="surefire.real.class.path" value="C:\Users\adithya.machiraju\AppData\Local\Temp\surefire7680989804705378283\surefirebooter6349102989898335184.jar"/>
    <property name="sun.boot.class.path" value="C:\Program Files\Java\jdk1.8.0_131\jre\lib\resources.jar;C:\Program Files\Java\jdk1.8.0_131\jre\lib\rt.jar;C:\Program Files\Java\jdk1.8.0_131\jre\lib\sunrsasign.jar;C:\Program Files\Java\jdk1.8.0_131\jre\lib\jsse.jar;C:\Program Files\Java\jdk1.8.0_131\jre\lib\jce.jar;C:\Program Files\Java\jdk1.8.0_131\jre\lib\charsets.jar;C:\Program Files\Java\jdk1.8.0_131\jre\lib\jfr.jar;C:\Program Files\Java\jdk1.8.0_131\jre\classes"/>
    <property name="user.script" value=""/>
    <property name="sun.management.compiler" value="HotSpot 64-Bit Tiered Compilers"/>
    <property name="java.runtime.version" value="1.8.0_131-b11"/>
    <property name="user.name" value="adithya.machiraju"/>
    <property name="path.separator" value=";"/>
    <property name="os.version" value="10.0"/>
    <property name="java.endorsed.dirs" value="C:\Program Files\Java\jdk1.8.0_131\jre\lib\endorsed"/>
    <property name="java.runtime.name" value="Java(TM) SE Runtime Environment"/>
    <property name="file.encoding" value="Cp1252"/>
    <property name="java.vm.name" value="Java HotSpot(TM) 64-Bit Server VM"/>
    <property name="localRepository" value="C:\Users\adithya.machiraju\.m2\repository"/>
    <property name="java.vendor.url.bug" value="http://bugreport.sun.com/bugreport/"/>
    <property name="java.io.tmpdir" value="C:\Users\ADITHY~1.MAC\AppData\Local\Temp\"/>
    <property name="java.version" value="1.8.0_131"/>
    <property name="user.dir" value="D:\Duplicate_SHN_Automation\SHNAutomation"/>
    <property name="os.arch" value="amd64"/>
    <property name="java.vm.specification.name" value="Java Virtual Machine Specification"/>
    <property name="java.awt.printerjob" value="sun.awt.windows.WPrinterJob"/>
    <property name="sun.os.patch.level" value=""/>
    <property name="java.library.path" value="C:\Program Files\Java\jdk1.8.0_131\jre\bin;C:\WINDOWS\Sun\Java\bin;C:\WINDOWS\system32;C:\WINDOWS;C:\ProgramData\chocolatey\lib\maven\apache-maven-3.6.0/bin;C:\Program Files\Java\jdk1.8.0_131/bin;C:\Program Files\Java\jdk1.8.0_131/bin;C:\Program Files (x86)\Common Files\Oracle\Java\javapath;C:\Program Files\Microsoft MPI\Bin\;C:\ProgramData\Oracle\Java\javapath;C:\Program Files (x86)\Intel\iCLS Client\;C:\Program Files\Intel\iCLS Client\;C:\WINDOWS\system32;C:\WINDOWS;C:\WINDOWS\System32\Wbem;C:\WINDOWS\System32\WindowsPowerShell\v1.0\;C:\Program Files (x86)\Intel\Intel(R) Management Engine Components\DAL;C:\Program Files\Intel\Intel(R) Management Engine Components\DAL;C:\Program Files (x86)\Intel\Intel(R) Management Engine Components\IPT;C:\Program Files\Intel\Intel(R) Management Engine Components\IPT;C:\Program Files\TortoiseSVN\bin;C:\apache-maven-3.5.4\bin;C:\apache-maven-3.5.4\lib;C:\Program Files\Java\jdk1.8.0_131\bin;C:\Program Files (x86)\Microsoft SQL Server\130\Tools\Binn\;C:\Program Files\Microsoft SQL Server\130\Tools\Binn\;C:\Program Files (x86)\Microsoft SQL Server\130\DTS\Binn\;C:\Program Files\Microsoft SQL Server\130\DTS\Binn\;C:\Program Files\Microsoft SQL Server\Client SDK\ODBC\130\Tools\Binn\;C:\Program Files (x86)\Microsoft SQL Server\Client SDK\ODBC\130\Tools\Binn\;C:\Program Files (x86)\Microsoft SQL Server\130\Tools\Binn\ManagementStudio\;C:\Program Files\Microsoft SQL Server\110\DTS\Binn\;C:\Program Files (x86)\Microsoft SQL Server\110\Tools\Binn\;C:\Program Files\Microsoft SQL Server\110\Tools\Binn\;C:\Program Files (x86)\Microsoft SQL Server\110\Tools\Binn\ManagementStudio\;C:\Program Files (x86)\Microsoft Visual Studio 10.0\Common7\IDE\PrivateAssemblies\;C:\Program Files (x86)\Microsoft SQL Server\110\DTS\Binn\;C:\Program Files\nodejs\;C:\ProgramData\chocolatey\bin;C:\Program Files\Git\cmd;C:\Program Files\Java\jdk1.8.0_211\bin;C:\ProgramData\chocolatey\lib\maven\apache-maven-3.6.0\bin;C:\Users\adithya.machiraju\AppData\Local\Microsoft\WindowsApps;C:\Users\adithya.machiraju\AppData\Local\GitHubDesktop\bin;."/>
    <property name="java.vm.info" value="mixed mode"/>
    <property name="java.vendor" value="Oracle Corporation"/>
    <property name="java.vm.version" value="25.131-b11"/>
    <property name="java.ext.dirs" value="C:\Program Files\Java\jdk1.8.0_131\jre\lib\ext;C:\WINDOWS\Sun\Java\lib\ext"/>
    <property name="sun.io.unicode.encoding" value="UnicodeLittle"/>
    <property name="java.class.version" value="52.0"/>
  </properties>
  <testcase name="Given I launch the URL" classname="Scenario: Verify caretypes mentioned in requirements are displaying in Learn about section and verify each links on HomePage" time="0.571"/>
  <testcase name="When i am in HomePage" classname="Scenario: Verify caretypes mentioned in requirements are displaying in Learn about section and verify each links on HomePage" time="0"/>
  <testcase name="Then Verify caretypes under Learnaboutsection on Homepage" classname="Scenario: Verify caretypes mentioned in requirements are displaying in Learn about section and verify each links on HomePage" time="19.502">
    <error message="java.lang.reflect.InvocationTargetException" type="java.lang.RuntimeException">java.lang.RuntimeException: java.lang.reflect.InvocationTargetException
Caused by: java.lang.reflect.InvocationTargetException
Caused by: java.lang.RuntimeException: java.lang.reflect.InvocationTargetException
Caused by: java.lang.reflect.InvocationTargetException
Caused by: java.lang.RuntimeException: java.lang.reflect.InvocationTargetException
Caused by: java.lang.reflect.InvocationTargetException
Caused by: java.lang.RuntimeException: java.lang.reflect.InvocationTargetException
Caused by: java.lang.reflect.InvocationTargetException
Caused by: java.lang.RuntimeException: java.lang.reflect.InvocationTargetException
Caused by: java.lang.reflect.InvocationTargetException
Caused by: java.lang.RuntimeException: java.lang.reflect.InvocationTargetException
Caused by: java.lang.reflect.InvocationTargetException
Caused by: java.lang.RuntimeException: java.lang.reflect.InvocationTargetException
Caused by: java.lang.reflect.InvocationTargetException
Caused by: java.lang.RuntimeException: java.lang.reflect.InvocationTargetException
Caused by: java.lang.reflect.InvocationTargetException
Caused by: java.lang.RuntimeException: java.lang.reflect.InvocationTargetException
Caused by: java.lang.reflect.InvocationTargetException
Caused by: java.lang.RuntimeException: java.lang.reflect.InvocationTargetException
Caused by: java.lang.reflect.InvocationTargetException
Caused by: java.lang.RuntimeException: java.lang.reflect.InvocationTargetException
Caused by: java.lang.reflect.InvocationTargetException
Caused by: java.lang.RuntimeException: java.lang.reflect.InvocationTargetException
Caused by: java.lang.reflect.InvocationTargetException
Caused by: java.lang.RuntimeException: java.lang.reflect.InvocationTargetException
Caused by: java.lang.reflect.InvocationTargetException
Caused by: java.lang.RuntimeException: java.lang.reflect.InvocationTargetException
Caused by: java.lang.reflect.InvocationTargetException
Caused by: java.lang.RuntimeException: java.lang.reflect.InvocationTargetException
Caused by: java.lang.reflect.InvocationTargetException
Caused by: java.lang.RuntimeException: java.lang.reflect.InvocationTargetException
Caused by: java.lang.reflect.InvocationTargetException
Caused by: java.lang.RuntimeException: java.lang.reflect.InvocationTargetException
Caused by: java.lang.reflect.InvocationTargetException
Caused by: java.lang.RuntimeException: java.lang.reflect.InvocationTargetException
Caused by: java.lang.reflect.InvocationTargetException
Caused by: java.lang.RuntimeException: java.lang.reflect.InvocationTargetException
Caused by: java.lang.reflect.InvocationTargetException
Caused by: java.lang.RuntimeException: java.lang.reflect.InvocationTargetException
Caused by: java.lang.reflect.InvocationTargetException
Caused by: java.lang.RuntimeException: java.lang.reflect.InvocationTargetException
Caused by: java.lang.reflect.InvocationTargetException
Caused by: java.lang.RuntimeException: java.lang.reflect.InvocationTargetException
Caused by: java.lang.reflect.InvocationTargetException
Caused by: java.lang.RuntimeException: java.lang.reflect.InvocationTargetException
Caused by: java.lang.reflect.InvocationTargetException
Caused by: java.lang.RuntimeException: java.lang.reflect.InvocationTargetException
Caused by: java.lang.reflect.InvocationTargetException
Caused by: java.lang.RuntimeException: java.lang.reflect.InvocationTargetException
Caused by: java.lang.reflect.InvocationTargetException
Caused by: java.lang.RuntimeException: java.lang.reflect.InvocationTargetException
Caused by: java.lang.reflect.InvocationTargetException
Caused by: java.lang.RuntimeException: java.lang.reflect.InvocationTargetException
Caused by: java.lang.reflect.InvocationTargetException
Caused by: java.lang.RuntimeException: java.lang.reflect.InvocationTargetException
Caused by: java.lang.reflect.InvocationTargetException
Caused by: java.lang.RuntimeException: java.lang.reflect.InvocationTargetException
Caused by: java.lang.reflect.InvocationTargetException
Caused by: java.lang.RuntimeException: java.lang.reflect.InvocationTargetException
Caused by: java.lang.reflect.InvocationTargetException
Caused by: java.lang.RuntimeException: java.lang.reflect.InvocationTargetException
Caused by: java.lang.reflect.InvocationTargetException
Caused by: java.lang.RuntimeException: java.lang.reflect.InvocationTargetException
Caused by: java.lang.reflect.InvocationTargetException
Caused by: java.lang.RuntimeException: java.lang.reflect.InvocationTargetException
Caused by: java.lang.reflect.InvocationTargetException
Caused by: java.lang.RuntimeException: java.lang.reflect.InvocationTargetException
Caused by: java.lang.reflect.InvocationTargetException
Caused by: java.lang.RuntimeException: java.lang.reflect.InvocationTargetException
Caused by: java.lang.reflect.InvocationTargetException
Caused by: java.lang.RuntimeException: java.lang.reflect.InvocationTargetException
Caused by: java.lang.reflect.InvocationTargetException
Caused by: java.lang.RuntimeException: java.lang.reflect.InvocationTargetException
Caused by: java.lang.reflect.InvocationTargetException
Caused by: java.lang.RuntimeException: java.lang.reflect.InvocationTargetException
Caused by: java.lang.reflect.InvocationTargetException
Caused by: java.lang.RuntimeException: java.lang.reflect.InvocationTargetException
Caused by: java.lang.reflect.InvocationTargetException
Caused by: java.lang.RuntimeException: java.lang.reflect.InvocationTargetException
Caused by: java.lang.reflect.InvocationTargetException
Caused by: java.lang.RuntimeException: java.lang.reflect.InvocationTargetException
Caused by: java.lang.reflect.InvocationTargetException
Caused by: java.lang.RuntimeException: java.lang.reflect.InvocationTargetException
Caused by: java.lang.reflect.InvocationTargetException
Caused by: java.lang.RuntimeException: java.lang.reflect.InvocationTargetException
Caused by: java.lang.reflect.InvocationTargetException
Caused by: java.lang.RuntimeException: java.lang.reflect.InvocationTargetException
Caused by: java.lang.reflect.InvocationTargetException
Caused by: java.lang.RuntimeException: java.lang.reflect.InvocationTargetException
Caused by: java.lang.reflect.InvocationTargetException
Caused by: java.lang.RuntimeException: java.lang.reflect.InvocationTargetException
Caused by: java.lang.reflect.InvocationTargetException
Caused by: java.lang.RuntimeException: java.lang.reflect.InvocationTargetException
Caused by: java.lang.reflect.InvocationTargetException
Caused by: java.lang.RuntimeException: java.lang.reflect.InvocationTargetException
Caused by: java.lang.reflect.InvocationTargetException
Caused by: java.lang.RuntimeException: java.lang.reflect.InvocationTargetException
Caused by: java.lang.reflect.InvocationTargetException
Caused by: java.lang.RuntimeException: java.lang.reflect.InvocationTargetException
Caused by: java.lang.reflect.InvocationTargetException
Caused by: java.lang.RuntimeException: java.lang.reflect.InvocationTargetException
Caused by: java.lang.reflect.InvocationTargetException
Caused by: java.lang.RuntimeException: java.lang.reflect.InvocationTargetException
Caused by: java.lang.reflect.InvocationTargetException
Caused by: java.lang.RuntimeException: java.lang.reflect.InvocationTargetException
Caused by: java.lang.reflect.InvocationTargetException
Caused by: java.lang.RuntimeException: java.lang.reflect.InvocationTargetException
Caused by: java.lang.reflect.InvocationTargetException
Caused by: java.lang.RuntimeException: java.lang.reflect.InvocationTargetException
Caused by: java.lang.reflect.InvocationTargetException
Caused by: java.lang.RuntimeException: java.lang.reflect.InvocationTargetException
Caused by: java.lang.reflect.InvocationTargetException
Caused by: java.lang.RuntimeException: java.lang.reflect.InvocationTargetException
Caused by: java.lang.reflect.InvocationTargetException
Caused by: java.lang.RuntimeException: java.lang.reflect.InvocationTargetException
Caused by: java.lang.reflect.InvocationTargetException
Caused by: java.lang.RuntimeException: java.lang.reflect.InvocationTargetException
Caused by: java.lang.reflect.InvocationTargetException
Caused by: java.lang.RuntimeException: java.lang.reflect.InvocationTargetException
Caused by: java.lang.reflect.InvocationTargetException
Caused by: java.lang.RuntimeException: java.lang.reflect.InvocationTargetException
Caused by: java.lang.reflect.InvocationTargetException
Caused by: java.lang.RuntimeException: java.lang.reflect.InvocationTargetException
Caused by: java.lang.reflect.InvocationTargetException
Caused by: java.lang.RuntimeException: java.lang.reflect.InvocationTargetException
Caused by: java.lang.reflect.InvocationTargetException
Caused by: java.lang.RuntimeException: java.lang.reflect.InvocationTargetException
Caused by: java.lang.reflect.InvocationTargetException
Caused by: java.lang.RuntimeException: java.lang.reflect.InvocationTargetException
Caused by: java.lang.reflect.InvocationTargetException
Caused by: java.lang.RuntimeException: java.lang.reflect.InvocationTargetException
Caused by: java.lang.reflect.InvocationTargetException
Caused by: java.lang.RuntimeException: java.lang.reflect.InvocationTargetException
Caused by: java.lang.reflect.InvocationTargetException
Caused by: java.lang.RuntimeException: java.lang.reflect.InvocationTargetException
Caused by: java.lang.reflect.InvocationTargetException
Caused by: java.lang.RuntimeException: java.lang.reflect.InvocationTargetException
Caused by: java.lang.reflect.InvocationTargetException
Caused by: java.lang.RuntimeException: java.lang.reflect.InvocationTargetException
Caused by: java.lang.reflect.InvocationTargetException
Caused by: java.lang.RuntimeException: java.lang.reflect.InvocationTargetException
Caused by: java.lang.reflect.InvocationTargetException
Caused by: java.lang.RuntimeException: java.lang.reflect.InvocationTargetException
Caused by: java.lang.reflect.InvocationTargetException
Caused by: java.lang.RuntimeException: java.lang.reflect.InvocationTargetException
Caused by: java.lang.reflect.InvocationTargetException
Caused by: java.lang.RuntimeException: java.lang.reflect.InvocationTargetException
Caused by: java.lang.reflect.InvocationTargetException
Caused by: java.lang.RuntimeException: java.lang.reflect.InvocationTargetException
Caused by: java.lang.reflect.InvocationTargetException
Caused by: java.lang.RuntimeException: java.lang.reflect.InvocationTargetException
Caused by: java.lang.reflect.InvocationTargetException
Caused by: java.lang.RuntimeException: java.lang.reflect.InvocationTargetException
Caused by: java.lang.reflect.InvocationTargetException
Caused by: java.lang.RuntimeException: java.lang.reflect.InvocationTargetException
Caused by: java.lang.reflect.InvocationTargetException
Caused by: java.lang.RuntimeException: java.lang.reflect.InvocationTargetException
Caused by: java.lang.reflect.InvocationTargetException
Caused by: java.lang.RuntimeException: java.lang.reflect.InvocationTargetException
Caused by: java.lang.reflect.InvocationTargetException
Caused by: java.lang.RuntimeException: java.lang.reflect.InvocationTargetException
Caused by: java.lang.reflect.InvocationTargetException
Caused by: java.lang.RuntimeException: java.lang.reflect.InvocationTargetException
Caused by: java.lang.reflect.InvocationTargetException
Caused by: java.lang.RuntimeException: java.lang.reflect.InvocationTargetException
Caused by: java.lang.reflect.InvocationTargetException
Caused by: java.lang.RuntimeException: java.lang.reflect.InvocationTargetException
Caused by: java.lang.reflect.InvocationTargetException
Caused by: java.lang.RuntimeException: java.lang.reflect.InvocationTargetException
Caused by: java.lang.reflect.InvocationTargetException
Caused by: java.lang.RuntimeException: java.lang.reflect.InvocationTargetException
Caused by: java.lang.reflect.InvocationTargetException
Caused by: java.lang.RuntimeException: java.lang.reflect.InvocationTargetException
Caused by: java.lang.reflect.InvocationTargetException
Caused by: java.lang.RuntimeException: java.lang.reflect.InvocationTargetException
Caused by: java.lang.reflect.InvocationTargetException
Caused by: java.lang.RuntimeException: java.lang.reflect.InvocationTargetException
Caused by: java.lang.reflect.InvocationTargetException
Caused by: java.lang.RuntimeException: java.lang.reflect.InvocationTargetException
Caused by: java.lang.reflect.InvocationTargetException
Caused by: java.lang.RuntimeException: java.lang.reflect.InvocationTargetException
Caused by: java.lang.reflect.InvocationTargetException
Caused by: java.lang.RuntimeException: java.lang.reflect.InvocationTargetException
Caused by: java.lang.reflect.InvocationTargetException
Caused by: java.lang.RuntimeException: java.lang.reflect.InvocationTargetException
Caused by: java.lang.reflect.InvocationTargetException
Caused by: java.lang.RuntimeException: java.lang.reflect.InvocationTargetException
Caused by: java.lang.reflect.InvocationTargetException
Caused by: java.lang.RuntimeException: java.lang.reflect.InvocationTargetException
Caused by: java.lang.reflect.InvocationTargetException
Caused by: java.lang.RuntimeException: java.lang.reflect.InvocationTargetException
Caused by: java.lang.reflect.InvocationTargetException
Caused by: java.lang.RuntimeException: java.lang.reflect.InvocationTargetException
Caused by: java.lang.reflect.InvocationTargetException
Caused by: java.lang.RuntimeException: java.lang.reflect.InvocationTargetException
Caused by: java.lang.reflect.InvocationTargetException
Caused by: java.lang.RuntimeException: java.lang.reflect.InvocationTargetException
Caused by: java.lang.reflect.InvocationTargetException
Caused by: java.lang.RuntimeException: java.lang.reflect.InvocationTargetException
Caused by: java.lang.reflect.InvocationTargetException
Caused by: java.lang.RuntimeException: java.lang.reflect.InvocationTargetException
Caused by: java.lang.reflect.InvocationTargetException
Caused by: java.lang.RuntimeException: java.lang.reflect.InvocationTargetException
Caused by: java.lang.reflect.InvocationTargetException
Caused by: java.lang.RuntimeException: java.lang.reflect.InvocationTargetException
Caused by: java.lang.reflect.InvocationTargetException
Caused by: java.lang.RuntimeException: java.lang.reflect.InvocationTargetException
Caused by: java.lang.reflect.InvocationTargetException
Caused by: java.lang.RuntimeException: java.lang.reflect.InvocationTargetException
Caused by: java.lang.reflect.InvocationTargetException
Caused by: java.lang.RuntimeException: java.lang.reflect.InvocationTargetException
Caused by: java.lang.reflect.InvocationTargetException
Caused by: java.lang.RuntimeException: java.lang.reflect.InvocationTargetException
Caused by: java.lang.reflect.InvocationTargetException
Caused by: java.lang.RuntimeException: java.lang.reflect.InvocationTargetException
Caused by: java.lang.reflect.InvocationTargetException
Caused by: java.lang.RuntimeException: java.lang.reflect.InvocationTargetException
Caused by: java.lang.reflect.InvocationTargetException
Caused by: java.lang.RuntimeException: java.lang.reflect.InvocationTargetException
Caused by: java.lang.reflect.InvocationTargetException
Caused by: java.lang.RuntimeException: java.lang.reflect.InvocationTargetException
Caused by: java.lang.reflect.InvocationTargetException
Caused by: java.lang.RuntimeException: java.lang.reflect.InvocationTargetException
Caused by: java.lang.reflect.InvocationTargetException
Caused by: java.lang.RuntimeException: java.lang.reflect.InvocationTargetException
Caused by: java.lang.reflect.InvocationTargetException
Caused by: java.lang.RuntimeException: java.lang.reflect.InvocationTargetException
Caused by: java.lang.reflect.InvocationTargetException
Caused by: java.lang.RuntimeException: java.lang.reflect.InvocationTargetException
Caused by: java.lang.reflect.InvocationTargetException
Caused by: java.lang.RuntimeException: java.lang.reflect.InvocationTargetException
Caused by: java.lang.reflect.InvocationTargetException
Caused by: java.lang.RuntimeException: java.lang.reflect.InvocationTargetException
Caused by: java.lang.reflect.InvocationTargetException
Caused by: java.lang.RuntimeException: java.lang.reflect.InvocationTargetException
Caused by: java.lang.reflect.InvocationTargetException
Caused by: java.lang.RuntimeException: java.lang.reflect.InvocationTargetException
Caused by: java.lang.reflect.InvocationTargetException
Caused by: java.lang.RuntimeException: java.lang.reflect.InvocationTargetException
Caused by: java.lang.reflect.InvocationTargetException
Caused by: java.lang.RuntimeException: java.lang.reflect.InvocationTargetException
Caused by: java.lang.reflect.InvocationTargetException
Caused by: java.lang.RuntimeException: java.lang.reflect.InvocationTargetException
Caused by: java.lang.reflect.InvocationTargetException
Caused by: java.lang.RuntimeException: java.lang.reflect.InvocationTargetException
Caused by: java.lang.reflect.InvocationTargetException
Caused by: java.lang.RuntimeException: java.lang.reflect.InvocationTargetException
Caused by: java.lang.reflect.InvocationTargetException
Caused by: java.lang.RuntimeException: java.lang.reflect.InvocationTargetException
Caused by: java.lang.reflect.InvocationTargetException
Caused by: java.lang.RuntimeException: java.lang.reflect.InvocationTargetException
Caused by: java.lang.reflect.InvocationTargetException
Caused by: java.lang.RuntimeException: java.lang.reflect.InvocationTargetException
Caused by: java.lang.reflect.InvocationTargetException
Caused by: java.lang.RuntimeException: java.lang.reflect.InvocationTargetException
Caused by: java.lang.reflect.InvocationTargetException
Caused by: java.lang.RuntimeException: java.lang.reflect.InvocationTargetException
Caused by: java.lang.reflect.InvocationTargetException
Caused by: java.lang.RuntimeException: java.lang.reflect.InvocationTargetException
Caused by: java.lang.reflect.InvocationTargetException
Caused by: java.lang.RuntimeException: java.lang.reflect.InvocationTargetException
Caused by: java.lang.reflect.InvocationTargetException
Caused by: java.lang.RuntimeException: java.lang.reflect.InvocationTargetException
Caused by: java.lang.reflect.InvocationTargetException
Caused by: java.lang.RuntimeException: java.lang.reflect.InvocationTargetException
Caused by: java.lang.reflect.InvocationTargetException
Caused by: java.lang.RuntimeException: java.lang.reflect.InvocationTargetException
Caused by: java.lang.reflect.InvocationTargetException
Caused by: java.lang.RuntimeException: java.lang.reflect.InvocationTargetException
Caused by: java.lang.reflect.InvocationTargetException
Caused by: java.lang.RuntimeException: java.lang.reflect.InvocationTargetException
Caused by: java.lang.reflect.InvocationTargetException
Caused by: java.lang.RuntimeException: java.lang.reflect.InvocationTargetException
Caused by: java.lang.reflect.InvocationTargetException
Caused by: java.lang.RuntimeException: java.lang.reflect.InvocationTargetException
Caused by: java.lang.reflect.InvocationTargetException
Caused by: java.lang.RuntimeException: java.lang.reflect.InvocationTargetException
Caused by: java.lang.reflect.InvocationTargetException
Caused by: java.lang.RuntimeException: java.lang.reflect.InvocationTargetException
Caused by: java.lang.reflect.InvocationTargetException
Caused by: java.lang.RuntimeException: java.lang.reflect.InvocationTargetException
Caused by: java.lang.reflect.InvocationTargetException
Caused by: java.lang.RuntimeException: java.lang.reflect.InvocationTargetException
Caused by: java.lang.reflect.InvocationTargetException
Caused by: java.lang.RuntimeException: java.lang.reflect.InvocationTargetException
Caused by: java.lang.reflect.InvocationTargetException
Caused by: java.lang.RuntimeException: java.lang.reflect.InvocationTargetException
Caused by: java.lang.reflect.InvocationTargetException
Caused by: java.lang.RuntimeException: java.lang.reflect.InvocationTargetException
Caused by: java.lang.reflect.InvocationTargetException
Caused by: java.lang.RuntimeException: java.lang.reflect.InvocationTargetException
Caused by: java.lang.reflect.InvocationTargetException
Caused by: java.lang.RuntimeException: java.lang.reflect.InvocationTargetException
Caused by: java.lang.reflect.InvocationTargetException
Caused by: java.lang.RuntimeException: java.lang.reflect.InvocationTargetException
Caused by: java.lang.reflect.InvocationTargetException
Caused by: java.lang.RuntimeException: java.lang.reflect.InvocationTargetException
Caused by: java.lang.reflect.InvocationTargetException
Caused by: java.lang.RuntimeException: java.lang.reflect.InvocationTargetException
Caused by: java.lang.reflect.InvocationTargetException
Caused by: java.lang.RuntimeException: java.lang.reflect.InvocationTargetException
Caused by: java.lang.reflect.InvocationTargetException
Caused by: java.lang.RuntimeException: java.lang.reflect.InvocationTargetException
Caused by: java.lang.reflect.InvocationTargetException
Caused by: java.lang.RuntimeException: java.lang.reflect.InvocationTargetException
Caused by: java.lang.reflect.InvocationTargetException
Caused by: java.lang.RuntimeException: java.lang.reflect.InvocationTargetException
Caused by: java.lang.reflect.InvocationTargetException
Caused by: java.lang.RuntimeException: java.lang.reflect.InvocationTargetException
Caused by: java.lang.reflect.InvocationTargetException
Caused by: java.lang.RuntimeException: java.lang.reflect.InvocationTargetException
Caused by: java.lang.reflect.InvocationTargetException
Caused by: java.lang.RuntimeException: java.lang.reflect.InvocationTargetException
Caused by: java.lang.reflect.InvocationTargetException
Caused by: java.lang.RuntimeException: java.lang.reflect.InvocationTargetException
Caused by: java.lang.reflect.InvocationTargetException
Caused by: java.lang.RuntimeException: java.lang.reflect.InvocationTargetException
Caused by: java.lang.reflect.InvocationTargetException
Caused by: java.lang.RuntimeException: java.lang.reflect.InvocationTargetException
Caused by: java.lang.reflect.InvocationTargetException
Caused by: java.lang.RuntimeException: java.lang.reflect.InvocationTargetException
Caused by: java.lang.reflect.InvocationTargetException
Caused by: java.lang.RuntimeException: java.lang.reflect.InvocationTargetException
Caused by: java.lang.reflect.InvocationTargetException
Caused by: java.lang.RuntimeException: java.lang.reflect.InvocationTargetException
Caused by: java.lang.reflect.InvocationTargetException
Caused by: java.lang.RuntimeException: java.lang.reflect.InvocationTargetException
Caused by: java.lang.reflect.InvocationTargetException
Caused by: java.lang.RuntimeException: java.lang.reflect.InvocationTargetException
Caused by: java.lang.reflect.InvocationTargetException
Caused by: java.lang.RuntimeException: java.lang.reflect.InvocationTargetException
Caused by: java.lang.reflect.InvocationTargetException
Caused by: java.lang.RuntimeException: java.lang.reflect.InvocationTargetException
Caused by: java.lang.reflect.InvocationTargetException
Caused by: java.lang.RuntimeException: java.lang.reflect.InvocationTargetException
Caused by: java.lang.reflect.InvocationTargetException
Caused by: java.lang.RuntimeException: java.lang.reflect.InvocationTargetException
Caused by: java.lang.reflect.InvocationTargetException
Caused by: java.lang.RuntimeException: java.lang.reflect.InvocationTargetException
Caused by: java.lang.reflect.InvocationTargetException
Caused by: java.lang.RuntimeException: java.lang.reflect.InvocationTargetException
Caused by: java.lang.reflect.InvocationTargetException
Caused by: java.lang.RuntimeException: java.lang.reflect.InvocationTargetException
Caused by: java.lang.reflect.InvocationTargetException
Caused by: java.lang.RuntimeException: java.lang.reflect.InvocationTargetException
Caused by: java.lang.reflect.InvocationTargetException
Caused by: java.lang.RuntimeException: java.lang.reflect.InvocationTargetException
Caused by: java.lang.reflect.InvocationTargetException
Caused by: java.lang.RuntimeException: java.lang.reflect.InvocationTargetException
Caused by: java.lang.reflect.InvocationTargetException
Caused by: java.lang.RuntimeException: java.lang.reflect.InvocationTargetException
Caused by: java.lang.reflect.InvocationTargetException
Caused by: java.lang.RuntimeException: java.lang.reflect.InvocationTargetException
Caused by: java.lang.reflect.InvocationTargetException
Caused by: java.lang.RuntimeException: java.lang.reflect.InvocationTargetException
Caused by: java.lang.reflect.InvocationTargetException
Caused by: java.lang.RuntimeException: java.lang.reflect.InvocationTargetException
Caused by: java.lang.reflect.InvocationTargetException
Caused by: java.lang.RuntimeException: java.lang.reflect.InvocationTargetException
Caused by: java.lang.reflect.InvocationTargetException
Caused by: java.lang.RuntimeException: java.lang.reflect.InvocationTargetException
Caused by: java.lang.reflect.InvocationTargetException
Caused by: java.lang.RuntimeException: java.lang.reflect.InvocationTargetException
Caused by: java.lang.reflect.InvocationTargetException
Caused by: java.lang.RuntimeException: java.lang.reflect.InvocationTargetException
Caused by: java.lang.reflect.InvocationTargetException
Caused by: java.lang.RuntimeException: java.lang.reflect.InvocationTargetException
Caused by: java.lang.reflect.InvocationTargetException
Caused by: java.lang.RuntimeException: java.lang.reflect.InvocationTargetException
Caused by: java.lang.reflect.InvocationTargetException
Caused by: java.lang.RuntimeException: java.lang.reflect.InvocationTargetException
Caused by: java.lang.reflect.InvocationTargetException
Caused by: java.lang.RuntimeException: java.lang.reflect.InvocationTargetException
Caused by: java.lang.reflect.InvocationTargetException
Caused by: java.lang.RuntimeException: java.lang.reflect.InvocationTargetException
Caused by: java.lang.reflect.InvocationTargetException
Caused by: java.lang.RuntimeException: java.lang.reflect.InvocationTargetException
Caused by: java.lang.reflect.InvocationTargetException
Caused by: java.lang.RuntimeException: java.lang.reflect.InvocationTargetException
Caused by: java.lang.reflect.InvocationTargetException
Caused by: java.lang.RuntimeException: java.lang.reflect.InvocationTargetException
Caused by: java.lang.reflect.InvocationTargetException
Caused by: java.lang.RuntimeException: java.lang.reflect.InvocationTargetException
Caused by: java.lang.reflect.InvocationTargetException
Caused by: java.lang.RuntimeException: java.lang.reflect.InvocationTargetException
Caused by: java.lang.reflect.InvocationTargetException
Caused by: java.lang.RuntimeException: java.lang.reflect.InvocationTargetException
Caused by: java.lang.reflect.InvocationTargetException
Caused by: java.lang.RuntimeException: java.lang.reflect.InvocationTargetException
Caused by: java.lang.reflect.InvocationTargetException
Caused by: java.lang.RuntimeException: java.lang.reflect.InvocationTargetException
Caused by: java.lang.reflect.InvocationTargetException
Caused by: java.lang.RuntimeException: java.lang.reflect.InvocationTargetException
Caused by: java.lang.reflect.InvocationTargetException
Caused by: java.lang.RuntimeException: java.lang.reflect.InvocationTargetException
Caused by: java.lang.reflect.InvocationTargetException
Caused by: java.lang.RuntimeException: java.lang.reflect.InvocationTargetException
Caused by: java.lang.reflect.InvocationTargetException
Caused by: java.lang.RuntimeException: java.lang.reflect.InvocationTargetException
Caused by: java.lang.reflect.InvocationTargetException
Caused by: java.lang.RuntimeException: java.lang.reflect.InvocationTargetException
Caused by: java.lang.reflect.InvocationTargetException
Caused by: java.lang.RuntimeException: java.lang.reflect.InvocationTargetException
Caused by: java.lang.reflect.InvocationTargetException
Caused by: java.lang.RuntimeException: java.lang.reflect.InvocationTargetException
Caused by: java.lang.reflect.InvocationTargetException
Caused by: java.lang.RuntimeException: java.lang.reflect.InvocationTargetException
Caused by: java.lang.reflect.InvocationTargetException
Caused by: java.lang.RuntimeException: java.lang.reflect.InvocationTargetException
Caused by: java.lang.reflect.InvocationTargetException
Caused by: java.lang.RuntimeException: java.lang.reflect.InvocationTargetException
Caused by: java.lang.reflect.InvocationTargetException
Caused by: java.lang.RuntimeException: java.lang.reflect.InvocationTargetException
Caused by: java.lang.reflect.InvocationTargetException
Caused by: java.lang.RuntimeException: java.lang.reflect.InvocationTargetException
Caused by: java.lang.reflect.InvocationTargetException
Caused by: java.lang.RuntimeException: java.lang.reflect.InvocationTargetException
Caused by: java.lang.reflect.InvocationTargetException
Caused by: java.lang.RuntimeException: java.lang.reflect.InvocationTargetException
Caused by: java.lang.reflect.InvocationTargetException
Caused by: java.lang.RuntimeException: java.lang.reflect.InvocationTargetException
Caused by: java.lang.reflect.InvocationTargetException
Caused by: java.lang.RuntimeException: java.lang.reflect.InvocationTargetException
Caused by: java.lang.reflect.InvocationTargetException
Caused by: java.lang.RuntimeException: java.lang.reflect.InvocationTargetException
Caused by: java.lang.reflect.InvocationTargetException
Caused by: java.lang.RuntimeException: java.lang.reflect.InvocationTargetException
Caused by: java.lang.reflect.InvocationTargetException
Caused by: java.lang.RuntimeException: java.lang.reflect.InvocationTargetException
Caused by: java.lang.reflect.InvocationTargetException
Caused by: java.lang.RuntimeException: java.lang.reflect.InvocationTargetException
Caused by: java.lang.reflect.InvocationTargetException
Caused by: java.lang.RuntimeException: java.lang.reflect.InvocationTargetException
Caused by: java.lang.reflect.InvocationTargetException
Caused by: java.lang.RuntimeException: java.lang.reflect.InvocationTargetException
Caused by: java.lang.reflect.InvocationTargetException
Caused by: java.lang.RuntimeException: java.lang.reflect.InvocationTargetException
Caused by: java.lang.reflect.InvocationTargetException
Caused by: java.lang.RuntimeException: java.lang.reflect.InvocationTargetException
Caused by: java.lang.reflect.InvocationTargetException
Caused by: java.lang.RuntimeException: java.lang.reflect.InvocationTargetException
Caused by: java.lang.reflect.InvocationTargetException
Caused by: java.lang.RuntimeException: java.lang.reflect.InvocationTargetException
Caused by: java.lang.reflect.InvocationTargetException
Caused by: java.lang.RuntimeException: java.lang.reflect.InvocationTargetException
Caused by: java.lang.reflect.InvocationTargetException
Caused by: java.lang.RuntimeException: java.lang.reflect.InvocationTargetException
Caused by: java.lang.reflect.InvocationTargetException
Caused by: java.lang.RuntimeException: java.lang.reflect.InvocationTargetException
Caused by: java.lang.reflect.InvocationTargetException
Caused by: java.lang.RuntimeException: java.lang.reflect.InvocationTargetException
Caused by: java.lang.reflect.InvocationTargetException
Caused by: java.lang.RuntimeException: java.lang.reflect.InvocationTargetException
Caused by: java.lang.reflect.InvocationTargetException
Caused by: java.lang.RuntimeException: java.lang.reflect.InvocationTargetException
Caused by: java.lang.reflect.InvocationTargetException
Caused by: java.lang.RuntimeException: java.lang.reflect.InvocationTargetException
Caused by: java.lang.reflect.InvocationTargetException
Caused by: java.lang.RuntimeException: java.lang.reflect.InvocationTargetException
Caused by: java.lang.reflect.InvocationTargetException
Caused by: java.lang.RuntimeException: java.lang.reflect.InvocationTargetException
Caused by: java.lang.reflect.InvocationTargetException
Caused by: java.lang.RuntimeException: java.lang.reflect.InvocationTargetException
Caused by: java.lang.reflect.InvocationTargetException
Caused by: java.lang.RuntimeException: java.lang.reflect.InvocationTargetException
Caused by: java.lang.reflect.InvocationTargetException
Caused by: java.lang.RuntimeException: java.lang.reflect.InvocationTargetException
Caused by: java.lang.reflect.InvocationTargetException
Caused by: java.lang.RuntimeException: java.lang.reflect.InvocationTargetException
Caused by: java.lang.reflect.InvocationTargetException
Caused by: java.lang.RuntimeException: java.lang.reflect.InvocationTargetException
Caused by: java.lang.reflect.InvocationTargetException
Caused by: java.lang.RuntimeException: java.lang.reflect.InvocationTargetException
Caused by: java.lang.reflect.InvocationTargetException
Caused by: java.lang.RuntimeException: java.lang.reflect.InvocationTargetException
Caused by: java.lang.reflect.InvocationTargetException
Caused by: java.lang.RuntimeException: java.lang.reflect.InvocationTargetException
Caused by: java.lang.reflect.InvocationTargetException
Caused by: java.lang.RuntimeException: java.lang.reflect.InvocationTargetException
Caused by: java.lang.reflect.InvocationTargetException
Caused by: java.lang.RuntimeException: java.lang.reflect.InvocationTargetException
Caused by: java.lang.reflect.InvocationTargetException
Caused by: java.lang.RuntimeException: java.lang.reflect.InvocationTargetException
Caused by: java.lang.reflect.InvocationTargetException
Caused by: java.lang.RuntimeException: java.lang.reflect.InvocationTargetException
Caused by: java.lang.reflect.InvocationTargetException
Caused by: java.lang.RuntimeException: java.lang.reflect.InvocationTargetException
Caused by: java.lang.reflect.InvocationTargetException
Caused by: java.lang.RuntimeException: java.lang.reflect.InvocationTargetException
Caused by: java.lang.reflect.InvocationTargetException
Caused by: java.lang.RuntimeException: java.lang.reflect.InvocationTargetException
Caused by: java.lang.reflect.InvocationTargetException
Caused by: java.lang.RuntimeException: java.lang.reflect.InvocationTargetException
Caused by: java.lang.reflect.InvocationTargetException
Caused by: java.lang.RuntimeException: java.lang.reflect.InvocationTargetException
Caused by: java.lang.reflect.InvocationTargetException
Caused by: java.lang.RuntimeException: java.lang.reflect.InvocationTargetException
Caused by: java.lang.reflect.InvocationTargetException
Caused by: java.lang.RuntimeException: java.lang.reflect.InvocationTargetException
Caused by: java.lang.reflect.InvocationTargetException
Caused by: java.lang.RuntimeException: java.lang.reflect.InvocationTargetException
Caused by: java.lang.reflect.InvocationTargetException
Caused by: java.lang.RuntimeException: java.lang.reflect.InvocationTargetException
Caused by: java.lang.reflect.InvocationTargetException
Caused by: java.lang.RuntimeException: java.lang.reflect.InvocationTargetException
Caused by: java.lang.reflect.InvocationTargetException
Caused by: java.lang.RuntimeException: java.lang.reflect.InvocationTargetException
Caused by: java.lang.reflect.InvocationTargetException
Caused by: java.lang.RuntimeException: java.lang.reflect.InvocationTargetException
Caused by: java.lang.reflect.InvocationTargetException
Caused by: java.lang.RuntimeException: java.lang.reflect.InvocationTargetException
Caused by: java.lang.reflect.InvocationTargetException
Caused by: java.lang.RuntimeException: java.lang.reflect.InvocationTargetException
Caused by: java.lang.reflect.InvocationTargetException
Caused by: java.lang.RuntimeException: java.lang.reflect.InvocationTargetException
Caused by: java.lang.reflect.InvocationTargetException
Caused by: java.lang.RuntimeException: java.lang.reflect.InvocationTargetException
Caused by: java.lang.reflect.InvocationTargetException
Caused by: java.lang.RuntimeException: java.lang.reflect.InvocationTargetException
Caused by: java.lang.reflect.InvocationTargetException
Caused by: java.lang.RuntimeException: java.lang.reflect.InvocationTargetException
Caused by: java.lang.reflect.InvocationTargetException
Caused by: java.lang.RuntimeException: java.lang.reflect.InvocationTargetException
Caused by: java.lang.reflect.InvocationTargetException
Caused by: java.lang.RuntimeException: java.lang.reflect.InvocationTargetException
Caused by: java.lang.reflect.InvocationTargetException
Caused by: java.lang.RuntimeException: java.lang.reflect.InvocationTargetException
Caused by: java.lang.reflect.InvocationTargetException
Caused by: java.lang.RuntimeException: java.lang.reflect.InvocationTargetException
Caused by: java.lang.reflect.InvocationTargetException
Caused by: java.lang.RuntimeException: java.lang.reflect.InvocationTargetException
Caused by: java.lang.reflect.InvocationTargetException
Caused by: java.lang.RuntimeException: java.lang.reflect.InvocationTargetException
Caused by: java.lang.reflect.InvocationTargetException
Caused by: java.lang.RuntimeException: java.lang.reflect.InvocationTargetException
Caused by: java.lang.reflect.InvocationTargetException
Caused by: java.lang.RuntimeException: java.lang.reflect.InvocationTargetException
Caused by: java.lang.reflect.InvocationTargetException
Caused by: java.lang.RuntimeException: java.lang.reflect.InvocationTargetException
Caused by: java.lang.reflect.InvocationTargetException
Caused by: java.lang.RuntimeException: java.lang.reflect.InvocationTargetException
Caused by: java.lang.reflect.InvocationTargetException
Caused by: java.lang.RuntimeException: java.lang.reflect.InvocationTargetException
Caused by: java.lang.reflect.InvocationTargetException
Caused by: java.lang.RuntimeException: java.lang.reflect.InvocationTargetException
Caused by: java.lang.reflect.InvocationTargetException
Caused by: java.lang.RuntimeException: java.lang.reflect.InvocationTargetException
Caused by: java.lang.reflect.InvocationTargetException
Caused by: java.lang.RuntimeException: java.lang.reflect.InvocationTargetException
Caused by: java.lang.reflect.InvocationTargetException
Caused by: java.lang.RuntimeException: java.lang.reflect.InvocationTargetException
Caused by: java.lang.reflect.InvocationTargetException
Caused by: java.lang.RuntimeException: java.lang.reflect.InvocationTargetException
Caused by: java.lang.reflect.InvocationTargetException
Caused by: java.lang.RuntimeException: java.lang.reflect.InvocationTargetException
Caused by: java.lang.reflect.InvocationTargetException
Caused by: java.lang.RuntimeException: java.lang.reflect.InvocationTargetException
Caused by: java.lang.reflect.InvocationTargetException
Caused by: java.lang.RuntimeException: java.lang.reflect.InvocationTargetException
Caused by: java.lang.reflect.InvocationTargetException
Caused by: java.lang.RuntimeException: java.lang.reflect.InvocationTargetException
Caused by: java.lang.reflect.InvocationTargetException
Caused by: java.lang.RuntimeException: java.lang.reflect.InvocationTargetException
Caused by: java.lang.reflect.InvocationTargetException
Caused by: java.lang.RuntimeException: java.lang.reflect.InvocationTargetException
Caused by: java.lang.reflect.InvocationTargetException
Caused by: java.lang.RuntimeException: java.lang.reflect.InvocationTargetException
Caused by: java.lang.reflect.InvocationTargetException
Caused by: java.lang.RuntimeException: java.lang.reflect.InvocationTargetException
Caused by: java.lang.reflect.InvocationTargetException
Caused by: java.lang.RuntimeException: java.lang.reflect.InvocationTargetException
Caused by: java.lang.reflect.InvocationTargetException
Caused by: java.lang.RuntimeException: java.lang.reflect.InvocationTargetException
Caused by: java.lang.reflect.InvocationTargetException
Caused by: java.lang.RuntimeException: java.lang.reflect.InvocationTargetException
Caused by: java.lang.reflect.InvocationTargetException
Caused by: java.lang.RuntimeException: java.lang.reflect.InvocationTargetException
Caused by: java.lang.reflect.InvocationTargetException
Caused by: java.lang.RuntimeException: java.lang.reflect.InvocationTargetException
Caused by: java.lang.reflect.InvocationTargetException
Caused by: java.lang.RuntimeException: java.lang.reflect.InvocationTargetException
Caused by: java.lang.reflect.InvocationTargetException
Caused by: java.lang.RuntimeException: java.lang.reflect.InvocationTargetException
Caused by: java.lang.reflect.InvocationTargetException
Caused by: java.lang.RuntimeException: java.lang.reflect.InvocationTargetException
Caused by: java.lang.reflect.InvocationTargetException
Caused by: java.lang.RuntimeException: java.lang.reflect.InvocationTargetException
Caused by: java.lang.reflect.InvocationTargetException
Caused by: java.lang.RuntimeException: java.lang.reflect.InvocationTargetException
Caused by: java.lang.reflect.InvocationTargetException
Caused by: java.lang.RuntimeException: java.lang.reflect.InvocationTargetException
Caused by: java.lang.reflect.InvocationTargetException
Caused by: java.lang.RuntimeException: java.lang.reflect.InvocationTargetException
Caused by: java.lang.reflect.InvocationTargetException
Caused by: java.lang.RuntimeException: java.lang.reflect.InvocationTargetException
Caused by: java.lang.reflect.InvocationTargetException
Caused by: java.lang.RuntimeException: java.lang.reflect.InvocationTargetException
Caused by: java.lang.reflect.InvocationTargetException
Caused by: java.lang.RuntimeException: java.lang.reflect.InvocationTargetException
Caused by: java.lang.reflect.InvocationTargetException
Caused by: java.lang.RuntimeException: java.lang.reflect.InvocationTargetException
Caused by: java.lang.reflect.InvocationTargetException
Caused by: java.lang.RuntimeException: java.lang.reflect.InvocationTargetException
Caused by: java.lang.reflect.InvocationTargetException
Caused by: java.lang.RuntimeException: java.lang.reflect.InvocationTargetException
Caused by: java.lang.reflect.InvocationTargetException
Caused by: java.lang.RuntimeException: java.lang.reflect.InvocationTargetException
Caused by: java.lang.reflect.InvocationTargetException
Caused by: java.lang.RuntimeException: java.lang.reflect.InvocationTargetException
Caused by: java.lang.reflect.InvocationTargetException
Caused by: java.lang.RuntimeException: java.lang.reflect.InvocationTargetException
Caused by: java.lang.reflect.InvocationTargetException
Caused by: java.lang.RuntimeException: java.lang.reflect.InvocationTargetException
Caused by: java.lang.reflect.InvocationTargetException
Caused by: java.lang.RuntimeException: java.lang.reflect.InvocationTargetException
Caused by: java.lang.reflect.InvocationTargetException
Caused by: java.lang.RuntimeException: java.lang.reflect.InvocationTargetException
Caused by: java.lang.reflect.InvocationTargetException
Caused by: java.lang.RuntimeException: java.lang.reflect.InvocationTargetException
Caused by: java.lang.reflect.InvocationTargetException
Caused by: java.lang.RuntimeException: java.lang.reflect.InvocationTargetException
Caused by: java.lang.reflect.InvocationTargetException
Caused by: java.lang.RuntimeException: java.lang.reflect.InvocationTargetException
Caused by: java.lang.reflect.InvocationTargetException
Caused by: java.lang.RuntimeException: java.lang.reflect.InvocationTargetException
Caused by: java.lang.reflect.InvocationTargetException
Caused by: java.lang.RuntimeException: java.lang.reflect.InvocationTargetException
Caused by: java.lang.reflect.InvocationTargetException
Caused by: java.lang.RuntimeException: java.lang.reflect.InvocationTargetException
Caused by: java.lang.reflect.InvocationTargetException
Caused by: java.lang.RuntimeException: java.lang.reflect.InvocationTargetException
Caused by: java.lang.reflect.InvocationTargetException
Caused by: java.lang.RuntimeException: java.lang.reflect.InvocationTargetException
Caused by: java.lang.reflect.InvocationTargetException
Caused by: java.lang.RuntimeException: java.lang.reflect.InvocationTargetException
Caused by: java.lang.reflect.InvocationTargetException
Caused by: java.lang.RuntimeException: java.lang.reflect.InvocationTargetException
Caused by: java.lang.reflect.InvocationTargetException
Caused by: java.lang.RuntimeException: java.lang.reflect.InvocationTargetException
Caused by: java.lang.reflect.InvocationTargetException
Caused by: java.lang.RuntimeException: java.lang.reflect.InvocationTargetException
Caused by: java.lang.reflect.InvocationTargetException
Caused by: java.lang.RuntimeException: java.lang.reflect.InvocationTargetException
Caused by: java.lang.reflect.InvocationTargetException
Caused by: java.lang.RuntimeException: java.lang.reflect.InvocationTargetException
Caused by: java.lang.reflect.InvocationTargetException
Caused by: java.lang.RuntimeException: java.lang.reflect.InvocationTargetException
Caused by: java.lang.reflect.InvocationTargetException
Caused by: java.lang.RuntimeException: java.lang.reflect.InvocationTargetException
Caused by: java.lang.reflect.InvocationTargetException
Caused by: java.lang.RuntimeException: java.lang.reflect.InvocationTargetException
Caused by: java.lang.reflect.InvocationTargetException
Caused by: java.lang.RuntimeException: java.lang.reflect.InvocationTargetException
Caused by: java.lang.reflect.InvocationTargetException
Caused by: java.lang.RuntimeException: java.lang.reflect.InvocationTargetException
Caused by: java.lang.reflect.InvocationTargetException
Caused by: java.lang.RuntimeException: java.lang.reflect.InvocationTargetException
Caused by: java.lang.reflect.InvocationTargetException
Caused by: java.lang.RuntimeException: java.lang.reflect.InvocationTargetException
Caused by: java.lang.reflect.InvocationTargetException
Caused by: java.lang.RuntimeException: java.lang.reflect.InvocationTargetException
Caused by: java.lang.reflect.InvocationTargetException
Caused by: java.lang.RuntimeException: java.lang.reflect.InvocationTargetException
Caused by: java.lang.reflect.InvocationTargetException
Caused by: java.lang.RuntimeException: java.lang.reflect.InvocationTargetException
Caused by: java.lang.reflect.InvocationTargetException
Caused by: java.lang.RuntimeException: java.lang.reflect.InvocationTargetException
Caused by: java.lang.reflect.InvocationTargetException
Caused by: java.lang.RuntimeException: java.lang.reflect.InvocationTargetException
Caused by: java.lang.reflect.InvocationTargetException
Caused by: java.lang.RuntimeException: java.lang.reflect.InvocationTargetException
Caused by: java.lang.reflect.InvocationTargetException
Caused by: java.lang.RuntimeException: java.lang.reflect.InvocationTargetException
Caused by: java.lang.reflect.InvocationTargetException
Caused by: java.lang.RuntimeException: java.lang.reflect.InvocationTargetException
Caused by: java.lang.reflect.InvocationTargetException
Caused by: java.lang.RuntimeException: java.lang.reflect.InvocationTargetException
Caused by: java.lang.reflect.InvocationTargetException
Caused by: java.lang.RuntimeException: java.lang.reflect.InvocationTargetException
Caused by: java.lang.reflect.InvocationTargetException
Caused by: java.lang.RuntimeException: java.lang.reflect.InvocationTargetException
Caused by: java.lang.reflect.InvocationTargetException
Caused by: java.lang.RuntimeException: java.lang.reflect.InvocationTargetException
Caused by: java.lang.reflect.InvocationTargetException
Caused by: java.lang.RuntimeException: java.lang.reflect.InvocationTargetException
Caused by: java.lang.reflect.InvocationTargetException
Caused by: java.lang.RuntimeException: java.lang.reflect.InvocationTargetException
Caused by: java.lang.reflect.InvocationTargetException
Caused by: java.lang.RuntimeException: java.lang.reflect.InvocationTargetException
Caused by: java.lang.reflect.InvocationTargetException
Caused by: java.lang.RuntimeException: java.lang.reflect.InvocationTargetException
Caused by: java.lang.reflect.InvocationTargetException
Caused by: java.lang.RuntimeException: java.lang.reflect.InvocationTargetException
Caused by: java.lang.reflect.InvocationTargetException
Caused by: java.lang.RuntimeException: java.lang.reflect.InvocationTargetException
Caused by: java.lang.reflect.InvocationTargetException
Caused by: java.lang.RuntimeException: java.lang.reflect.InvocationTargetException
Caused by: java.lang.reflect.InvocationTargetException
Caused by: java.lang.RuntimeException: java.lang.reflect.InvocationTargetException
Caused by: java.lang.reflect.InvocationTargetException
Caused by: java.lang.RuntimeException: java.lang.reflect.InvocationTargetException
Caused by: java.lang.reflect.InvocationTargetException
Caused by: java.lang.RuntimeException: java.lang.reflect.InvocationTargetException
Caused by: java.lang.reflect.InvocationTargetException
Caused by: java.lang.RuntimeException: java.lang.reflect.InvocationTargetException
Caused by: java.lang.reflect.InvocationTargetException
Caused by: java.lang.RuntimeException: java.lang.reflect.InvocationTargetException
Caused by: java.lang.reflect.InvocationTargetException
Caused by: java.lang.RuntimeException: java.lang.reflect.InvocationTargetException
Caused by: java.lang.reflect.InvocationTargetException
Caused by: java.lang.RuntimeException: java.lang.reflect.InvocationTargetException
Caused by: java.lang.reflect.InvocationTargetException
Caused by: java.lang.RuntimeException: java.lang.reflect.InvocationTargetException
Caused by: java.lang.reflect.InvocationTargetException
Caused by: java.lang.RuntimeException: java.lang.reflect.InvocationTargetException
Caused by: java.lang.reflect.InvocationTargetException
Caused by: java.lang.RuntimeException: java.lang.reflect.InvocationTargetException
Caused by: java.lang.reflect.InvocationTargetException
Caused by: java.lang.RuntimeException: java.lang.reflect.InvocationTargetException
Caused by: java.lang.reflect.InvocationTargetException
Caused by: java.lang.RuntimeException: java.lang.reflect.InvocationTargetException
Caused by: java.lang.reflect.InvocationTargetException
Caused by: java.lang.RuntimeException: java.lang.reflect.InvocationTargetException
Caused by: java.lang.reflect.InvocationTargetException
Caused by: java.lang.RuntimeException: java.lang.reflect.InvocationTargetException
Caused by: java.lang.reflect.InvocationTargetException
Caused by: java.lang.RuntimeException: java.lang.reflect.InvocationTargetException
Caused by: java.lang.reflect.InvocationTargetException
Caused by: java.lang.RuntimeException: java.lang.reflect.InvocationTargetException
Caused by: java.lang.reflect.InvocationTargetException
Caused by: java.lang.RuntimeException: java.lang.reflect.InvocationTargetException
Caused by: java.lang.reflect.InvocationTargetException
Caused by: java.lang.RuntimeException: java.lang.reflect.InvocationTargetException
Caused by: java.lang.reflect.InvocationTargetException
Caused by: java.lang.RuntimeException: java.lang.reflect.InvocationTargetException
Caused by: java.lang.reflect.InvocationTargetException
Caused by: java.lang.RuntimeException: java.lang.reflect.InvocationTargetException
Caused by: java.lang.reflect.InvocationTargetException
Caused by: java.lang.RuntimeException: java.lang.reflect.InvocationTargetException
Caused by: java.lang.reflect.InvocationTargetException
Caused by: java.lang.RuntimeException: java.lang.reflect.InvocationTargetException
Caused by: java.lang.reflect.InvocationTargetException
Caused by: java.lang.RuntimeException: java.lang.reflect.InvocationTargetException
Caused by: java.lang.reflect.InvocationTargetException
Caused by: java.lang.RuntimeException: java.lang.reflect.InvocationTargetException
Caused by: java.lang.reflect.InvocationTargetException
Caused by: java.lang.RuntimeException: java.lang.reflect.InvocationTargetException
Caused by: java.lang.reflect.InvocationTargetException
Caused by: java.lang.RuntimeException: java.lang.reflect.InvocationTargetException
Caused by: java.lang.reflect.InvocationTargetException
Caused by: java.lang.RuntimeException: java.lang.reflect.InvocationTargetException
Caused by: java.lang.reflect.InvocationTargetException
Caused by: java.lang.RuntimeException: java.lang.reflect.InvocationTargetException
Caused by: java.lang.reflect.InvocationTargetException
Caused by: java.lang.RuntimeException: java.lang.reflect.InvocationTargetException
Caused by: java.lang.reflect.InvocationTargetException
Caused by: java.lang.RuntimeException: java.lang.reflect.InvocationTargetException
Caused by: java.lang.reflect.InvocationTargetException
Caused by: java.lang.RuntimeException: java.lang.reflect.InvocationTargetException
Caused by: java.lang.reflect.InvocationTargetException
Caused by: java.lang.RuntimeException: java.lang.reflect.InvocationTargetException
Caused by: java.lang.reflect.InvocationTargetException
Caused by: java.lang.RuntimeException: java.lang.reflect.InvocationTargetException
Caused by: java.lang.reflect.InvocationTargetException
Caused by: java.lang.RuntimeException: java.lang.reflect.InvocationTargetException
Caused by: java.lang.reflect.InvocationTargetException
Caused by: java.lang.RuntimeException: java.lang.reflect.InvocationTargetException
Caused by: java.lang.reflect.InvocationTargetException
Caused by: java.lang.RuntimeException: java.lang.reflect.InvocationTargetException
Caused by: java.lang.reflect.InvocationTargetException
Caused by: java.lang.RuntimeException: java.lang.reflect.InvocationTargetException
Caused by: java.lang.reflect.InvocationTargetException
Caused by: java.lang.RuntimeException: java.lang.reflect.InvocationTargetException
Caused by: java.lang.reflect.InvocationTargetException
Caused by: java.lang.RuntimeException: java.lang.reflect.InvocationTargetException
Caused by: java.lang.reflect.InvocationTargetException
Caused by: java.lang.RuntimeException: java.lang.reflect.InvocationTargetException
Caused by: java.lang.reflect.InvocationTargetException
Caused by: java.lang.RuntimeException: java.lang.reflect.InvocationTargetException
Caused by: java.lang.reflect.InvocationTargetException
Caused by: java.lang.RuntimeException: java.lang.reflect.InvocationTargetException
Caused by: java.lang.reflect.InvocationTargetException
Caused by: java.lang.RuntimeException: java.lang.reflect.InvocationTargetException
Caused by: java.lang.reflect.InvocationTargetException
Caused by: java.lang.RuntimeException: java.lang.reflect.InvocationTargetException
Caused by: java.lang.reflect.InvocationTargetException
Caused by: java.lang.RuntimeException: java.lang.reflect.InvocationTargetException
Caused by: java.lang.reflect.InvocationTargetException
Caused by: java.lang.RuntimeException: java.lang.reflect.InvocationTargetException
Caused by: java.lang.reflect.InvocationTargetException
Caused by: java.lang.RuntimeException: java.lang.reflect.InvocationTargetException
Caused by: java.lang.reflect.InvocationTargetException
Caused by: java.lang.RuntimeException: java.lang.reflect.InvocationTargetException
Caused by: java.lang.reflect.InvocationTargetException
Caused by: java.lang.RuntimeException: java.lang.reflect.InvocationTargetException
Caused by: java.lang.reflect.InvocationTargetException
Caused by: java.lang.RuntimeException: java.lang.reflect.InvocationTargetException
Caused by: java.lang.reflect.InvocationTargetException
Caused by: java.lang.RuntimeException: java.lang.reflect.InvocationTargetException
Caused by: java.lang.reflect.InvocationTargetException
Caused by: java.lang.RuntimeException: java.lang.reflect.InvocationTargetException
Caused by: java.lang.reflect.InvocationTargetException
Caused by: java.lang.RuntimeException: java.lang.reflect.InvocationTargetException
Caused by: java.lang.reflect.InvocationTargetException
Caused by: java.lang.RuntimeException: java.lang.reflect.InvocationTargetException
Caused by: java.lang.reflect.InvocationTargetException
Caused by: java.lang.RuntimeException: java.lang.reflect.InvocationTargetException
Caused by: java.lang.reflect.InvocationTargetException
Caused by: java.lang.RuntimeException: java.lang.reflect.InvocationTargetException
Caused by: java.lang.reflect.InvocationTargetException
Caused by: java.lang.RuntimeException: java.lang.reflect.InvocationTargetException
Caused by: java.lang.reflect.InvocationTargetException
Caused by: java.lang.RuntimeException: java.lang.reflect.InvocationTargetException
Caused by: java.lang.reflect.InvocationTargetException
Caused by: java.lang.RuntimeException: java.lang.reflect.InvocationTargetException
Caused by: java.lang.reflect.InvocationTargetException
Caused by: java.lang.RuntimeException: java.lang.reflect.InvocationTargetException
Caused by: java.lang.reflect.InvocationTargetException
Caused by: java.lang.RuntimeException: java.lang.reflect.InvocationTargetException
Caused by: java.lang.reflect.InvocationTargetException
Caused by: java.lang.RuntimeException: java.lang.reflect.InvocationTargetException
Caused by: java.lang.reflect.InvocationTargetException
Caused by: java.lang.RuntimeException: java.lang.reflect.InvocationTargetException
Caused by: java.lang.reflect.InvocationTargetException
Caused by: java.lang.RuntimeException: java.lang.reflect.InvocationTargetException
Caused by: java.lang.reflect.InvocationTargetException
Caused by: java.lang.RuntimeException: java.lang.reflect.InvocationTargetException
Caused by: java.lang.reflect.InvocationTargetException
Caused by: java.lang.RuntimeException: java.lang.reflect.InvocationTargetException
Caused by: java.lang.reflect.InvocationTargetException
Caused by: java.lang.RuntimeException: java.lang.reflect.InvocationTargetException
Caused by: java.lang.reflect.InvocationTargetException
Caused by: java.lang.RuntimeException: java.lang.reflect.InvocationTargetException
Caused by: java.lang.reflect.InvocationTargetException
Caused by: java.lang.RuntimeException: java.lang.reflect.InvocationTargetException
Caused by: java.lang.reflect.InvocationTargetException
Caused by: java.lang.RuntimeException: java.lang.reflect.InvocationTargetException
Caused by: java.lang.reflect.InvocationTargetException
Caused by: java.lang.RuntimeException: java.lang.reflect.InvocationTargetException
Caused by: java.lang.reflect.InvocationTargetException
Caused by: java.lang.RuntimeException: java.lang.reflect.InvocationTargetException
Caused by: java.lang.reflect.InvocationTargetException
Caused by: java.lang.RuntimeException: java.lang.reflect.InvocationTargetException
Caused by: java.lang.reflect.InvocationTargetException
Caused by: java.lang.RuntimeException: java.lang.reflect.InvocationTargetException
Caused by: java.lang.reflect.InvocationTargetException
Caused by: java.lang.RuntimeException: java.lang.reflect.InvocationTargetException
Caused by: java.lang.reflect.InvocationTargetException
Caused by: java.lang.RuntimeException: java.lang.reflect.InvocationTargetException
Caused by: java.lang.reflect.InvocationTargetException
Caused by: java.lang.RuntimeException: java.lang.reflect.InvocationTargetException
Caused by: java.lang.reflect.InvocationTargetException
Caused by: java.lang.RuntimeException: java.lang.reflect.InvocationTargetException
Caused by: java.lang.reflect.InvocationTargetException
Caused by: java.lang.RuntimeException: java.lang.reflect.InvocationTargetException
Caused by: java.lang.reflect.InvocationTargetException
Caused by: java.lang.RuntimeException: java.lang.reflect.InvocationTargetException
Caused by: java.lang.reflect.InvocationTargetException
Caused by: java.lang.RuntimeException: java.lang.reflect.InvocationTargetException
Caused by: java.lang.reflect.InvocationTargetException
Caused by: java.lang.RuntimeException: java.lang.reflect.InvocationTargetException
Caused by: java.lang.reflect.InvocationTargetException
Caused by: java.lang.RuntimeException: java.lang.reflect.InvocationTargetException
Caused by: java.lang.reflect.InvocationTargetException
Caused by: java.lang.RuntimeException: java.lang.reflect.InvocationTargetException
Caused by: java.lang.reflect.InvocationTargetException
Caused by: java.lang.RuntimeException: java.lang.reflect.InvocationTargetException
Caused by: java.lang.reflect.InvocationTargetException
Caused by: java.lang.RuntimeException: java.lang.reflect.InvocationTargetException
Caused by: java.lang.reflect.InvocationTargetException
Caused by: java.lang.RuntimeException: java.lang.reflect.InvocationTargetException
Caused by: java.lang.reflect.InvocationTargetException
Caused by: java.lang.RuntimeException: java.lang.reflect.InvocationTargetException
Caused by: java.lang.reflect.InvocationTargetException
Caused by: java.lang.RuntimeException: java.lang.reflect.InvocationTargetException
Caused by: java.lang.reflect.InvocationTargetException
Caused by: java.lang.RuntimeException: java.lang.reflect.InvocationTargetException
Caused by: java.lang.reflect.InvocationTargetException
Caused by: java.lang.RuntimeException: java.lang.reflect.InvocationTargetException
Caused by: java.lang.reflect.InvocationTargetException
Caused by: java.lang.RuntimeException: java.lang.reflect.InvocationTargetException
Caused by: java.lang.reflect.InvocationTargetException
Caused by: java.lang.RuntimeException: java.lang.reflect.InvocationTargetException
Caused by: java.lang.reflect.InvocationTargetException
Caused by: java.lang.RuntimeException: java.lang.reflect.InvocationTargetException
Caused by: java.lang.reflect.InvocationTargetException
Caused by: java.lang.RuntimeException: java.lang.reflect.InvocationTargetException
Caused by: java.lang.reflect.InvocationTargetException
Caused by: java.lang.RuntimeException: java.lang.reflect.InvocationTargetException
Caused by: java.lang.reflect.InvocationTargetException
Caused by: java.lang.RuntimeException: java.lang.reflect.InvocationTargetException
Caused by: java.lang.reflect.InvocationTargetException
Caused by: java.lang.RuntimeException: java.lang.reflect.InvocationTargetException
Caused by: java.lang.reflect.InvocationTargetException
Caused by: java.lang.RuntimeException: java.lang.reflect.InvocationTargetException
Caused by: java.lang.reflect.InvocationTargetException
Caused by: java.lang.RuntimeException: java.lang.reflect.InvocationTargetException
Caused by: java.lang.reflect.InvocationTargetException
Caused by: java.lang.RuntimeException: java.lang.reflect.InvocationTargetException
Caused by: java.lang.reflect.InvocationTargetException
Caused by: java.lang.RuntimeException: java.lang.reflect.InvocationTargetException
Caused by: java.lang.reflect.InvocationTargetException
Caused by: java.lang.RuntimeException: java.lang.reflect.InvocationTargetException
Caused by: java.lang.reflect.InvocationTargetException
Caused by: java.lang.RuntimeException: java.lang.reflect.InvocationTargetException
Caused by: java.lang.reflect.InvocationTargetException
Caused by: java.lang.RuntimeException: java.lang.reflect.InvocationTargetException
Caused by: java.lang.reflect.InvocationTargetException
Caused by: java.lang.RuntimeException: java.lang.reflect.InvocationTargetException
Caused by: java.lang.reflect.InvocationTargetException
Caused by: java.lang.RuntimeException: java.lang.reflect.InvocationTargetException
Caused by: java.lang.reflect.InvocationTargetException
Caused by: java.lang.RuntimeException: java.lang.reflect.InvocationTargetException
Caused by: java.lang.reflect.InvocationTargetException
Caused by: java.lang.RuntimeException: java.lang.reflect.InvocationTargetException
Caused by: java.lang.reflect.InvocationTargetException
Caused by: java.lang.RuntimeException: java.lang.reflect.InvocationTargetException
Caused by: java.lang.reflect.InvocationTargetException
Caused by: java.lang.RuntimeException: java.lang.reflect.InvocationTargetException
Caused by: java.lang.reflect.InvocationTargetException
Caused by: java.lang.RuntimeException: java.lang.reflect.InvocationTargetException
Caused by: java.lang.reflect.InvocationTargetException
Caused by: java.lang.RuntimeException: java.lang.reflect.InvocationTargetException
Caused by: java.lang.reflect.InvocationTargetException
Caused by: java.lang.RuntimeException: java.lang.reflect.InvocationTargetException
Caused by: java.lang.reflect.InvocationTargetException
Caused by: java.lang.RuntimeException: java.lang.reflect.InvocationTargetException
Caused by: java.lang.reflect.InvocationTargetException
Caused by: java.lang.RuntimeException: java.lang.reflect.InvocationTargetException
Caused by: java.lang.reflect.InvocationTargetException
Caused by: java.lang.RuntimeException: java.lang.reflect.InvocationTargetException
Caused by: java.lang.reflect.InvocationTargetException
Caused by: java.lang.RuntimeException: java.lang.reflect.InvocationTargetException
Caused by: java.lang.reflect.InvocationTargetException
Caused by: java.lang.RuntimeException: java.lang.reflect.InvocationTargetException
Caused by: java.lang.reflect.InvocationTargetException
Caused by: java.lang.RuntimeException: java.lang.reflect.InvocationTargetException
Caused by: java.lang.reflect.InvocationTargetException
Caused by: java.lang.RuntimeException: java.lang.reflect.InvocationTargetException
Caused by: java.lang.reflect.InvocationTargetException
Caused by: java.lang.RuntimeException: java.lang.reflect.InvocationTargetException
Caused by: java.lang.reflect.InvocationTargetException
Caused by: java.lang.RuntimeException: java.lang.reflect.InvocationTargetException
Caused by: java.lang.reflect.InvocationTargetException
Caused by: java.lang.RuntimeException: java.lang.reflect.InvocationTargetException
Caused by: java.lang.reflect.InvocationTargetException
Caused by: java.lang.RuntimeException: java.lang.reflect.InvocationTargetException
Caused by: java.lang.reflect.InvocationTargetException
Caused by: java.lang.RuntimeException: java.lang.reflect.InvocationTargetException
Caused by: java.lang.reflect.InvocationTargetException
Caused by: java.lang.RuntimeException: java.lang.reflect.InvocationTargetException
Caused by: java.lang.reflect.InvocationTargetException
Caused by: java.lang.RuntimeException: java.lang.reflect.InvocationTargetException
Caused by: java.lang.reflect.InvocationTargetException
Caused by: java.lang.RuntimeException: java.lang.reflect.InvocationTargetException
Caused by: java.lang.reflect.InvocationTargetException
Caused by: java.lang.RuntimeException: java.lang.reflect.InvocationTargetException
Caused by: java.lang.reflect.InvocationTargetException
Caused by: java.lang.RuntimeException: java.lang.reflect.InvocationTargetException
Caused by: java.lang.reflect.InvocationTargetException
Caused by: java.lang.RuntimeException: java.lang.reflect.InvocationTargetException
Caused by: java.lang.reflect.InvocationTargetException
Caused by: java.lang.RuntimeException: java.lang.reflect.InvocationTargetException
Caused by: java.lang.reflect.InvocationTargetException
Caused by: java.lang.RuntimeException: java.lang.reflect.InvocationTargetException
Caused by: java.lang.reflect.InvocationTargetException
Caused by: java.lang.RuntimeException: java.lang.reflect.InvocationTargetException
Caused by: java.lang.reflect.InvocationTargetException
Caused by: java.lang.RuntimeException: java.lang.reflect.InvocationTargetException
Caused by: java.lang.reflect.InvocationTargetException
Caused by: java.lang.RuntimeException: java.lang.reflect.InvocationTargetException
Caused by: java.lang.reflect.InvocationTargetException
Caused by: java.lang.RuntimeException: java.lang.reflect.InvocationTargetException
Caused by: java.lang.reflect.InvocationTargetException
Caused by: java.lang.RuntimeException: java.lang.reflect.InvocationTargetException
Caused by: java.lang.reflect.InvocationTargetException
Caused by: java.lang.RuntimeException: java.lang.reflect.InvocationTargetException
Caused by: java.lang.reflect.InvocationTargetException
Caused by: java.lang.RuntimeException: java.lang.reflect.InvocationTargetException
Caused by: java.lang.reflect.InvocationTargetException
Caused by: java.lang.RuntimeException: java.lang.reflect.InvocationTargetException
Caused by: java.lang.reflect.InvocationTargetException
Caused by: java.lang.RuntimeException: java.lang.reflect.InvocationTargetException
Caused by: java.lang.reflect.InvocationTargetException
Caused by: java.lang.RuntimeException: java.lang.reflect.InvocationTargetException
Caused by: java.lang.reflect.InvocationTargetException
Caused by: java.lang.RuntimeException: java.lang.reflect.InvocationTargetException
Caused by: java.lang.reflect.InvocationTargetException
Caused by: java.lang.RuntimeException: java.lang.reflect.InvocationTargetException
Caused by: java.lang.reflect.InvocationTargetException
Caused by: java.lang.RuntimeException: java.lang.reflect.InvocationTargetException
Caused by: java.lang.reflect.InvocationTargetException
Caused by: java.lang.RuntimeException: java.lang.reflect.InvocationTargetException
Caused by: java.lang.reflect.InvocationTargetException
Caused by: java.lang.RuntimeException: java.lang.reflect.InvocationTargetException
Caused by: java.lang.reflect.InvocationTargetException
Caused by: java.lang.RuntimeException: java.lang.reflect.InvocationTargetException
Caused by: java.lang.reflect.InvocationTargetException
Caused by: java.lang.RuntimeException: java.lang.reflect.InvocationTargetException
Caused by: java.lang.reflect.InvocationTargetException
Caused by: java.lang.RuntimeException: java.lang.reflect.InvocationTargetException
Caused by: java.lang.reflect.InvocationTargetException
Caused by: java.lang.RuntimeException: java.lang.reflect.InvocationTargetException
Caused by: java.lang.reflect.InvocationTargetException
Caused by: java.lang.RuntimeException: java.lang.reflect.InvocationTargetException
Caused by: java.lang.reflect.InvocationTargetException
Caused by: java.lang.RuntimeException: java.lang.reflect.InvocationTargetException
Caused by: java.lang.reflect.InvocationTargetException
Caused by: java.lang.RuntimeException: java.lang.reflect.InvocationTargetException
Caused by: java.lang.reflect.InvocationTargetException
Caused by: java.lang.RuntimeException: java.lang.reflect.InvocationTargetException
Caused by: java.lang.reflect.InvocationTargetException
Caused by: java.lang.RuntimeException: java.lang.reflect.InvocationTargetException
Caused by: java.lang.reflect.InvocationTargetException
Caused by: java.lang.RuntimeException: java.lang.reflect.InvocationTargetException
Caused by: java.lang.reflect.InvocationTargetException
Caused by: java.lang.RuntimeException: java.lang.reflect.InvocationTargetException
Caused by: java.lang.reflect.InvocationTargetException
Caused by: java.lang.RuntimeException: java.lang.reflect.InvocationTargetException
Caused by: java.lang.reflect.InvocationTargetException
Caused by: java.lang.RuntimeException: java.lang.reflect.InvocationTargetException
Caused by: java.lang.reflect.InvocationTargetException
Caused by: java.lang.RuntimeException: java.lang.reflect.InvocationTargetException
Caused by: java.lang.reflect.InvocationTargetException
Caused by: java.lang.RuntimeException: java.lang.reflect.InvocationTargetException
Caused by: java.lang.reflect.InvocationTargetException
Caused by: java.lang.RuntimeException: java.lang.reflect.InvocationTargetException
Caused by: java.lang.reflect.InvocationTargetException
Caused by: java.lang.RuntimeException: java.lang.reflect.InvocationTargetException
Caused by: java.lang.reflect.InvocationTargetException
Caused by: java.lang.RuntimeException: java.lang.reflect.InvocationTargetException
Caused by: java.lang.reflect.InvocationTargetException
Caused by: java.lang.RuntimeException: java.lang.reflect.InvocationTargetException
Caused by: java.lang.reflect.InvocationTargetException
Caused by: java.lang.RuntimeException: java.lang.reflect.InvocationTargetException
Caused by: java.lang.reflect.InvocationTargetException
Caused by: java.lang.RuntimeException: java.lang.reflect.InvocationTargetException
Caused by: java.lang.reflect.InvocationTargetException
Caused by: java.lang.RuntimeException: java.lang.reflect.InvocationTargetException
Caused by: java.lang.reflect.InvocationTargetException
Caused by: java.lang.RuntimeException: java.lang.reflect.InvocationTargetException
Caused by: java.lang.reflect.InvocationTargetException
Caused by: java.lang.RuntimeException: java.lang.reflect.InvocationTargetException
Caused by: java.lang.reflect.InvocationTargetException
Caused by: java.lang.RuntimeException: java.lang.reflect.InvocationTargetException
Caused by: java.lang.reflect.InvocationTargetException
Caused by: java.lang.RuntimeException: java.lang.reflect.InvocationTargetException
Caused by: java.lang.reflect.InvocationTargetException
Caused by: java.lang.RuntimeException: java.lang.reflect.InvocationTargetException
Caused by: java.lang.reflect.InvocationTargetException
Caused by: java.lang.RuntimeException: java.lang.reflect.InvocationTargetException
Caused by: java.lang.reflect.InvocationTargetException
Caused by: java.lang.RuntimeException: java.lang.reflect.InvocationTargetException
Caused by: java.lang.reflect.InvocationTargetException
Caused by: java.lang.RuntimeException: java.lang.reflect.InvocationTargetException
Caused by: java.lang.reflect.InvocationTargetException
Caused by: java.lang.RuntimeException: java.lang.reflect.InvocationTargetException
Caused by: java.lang.reflect.InvocationTargetException
Caused by: java.lang.RuntimeException: java.lang.reflect.InvocationTargetException
Caused by: java.lang.reflect.InvocationTargetException
Caused by: java.lang.RuntimeException: java.lang.reflect.InvocationTargetException
Caused by: java.lang.reflect.InvocationTargetException
Caused by: java.lang.RuntimeException: java.lang.reflect.InvocationTargetException
Caused by: java.lang.reflect.InvocationTargetException
Caused by: java.lang.RuntimeException: java.lang.reflect.InvocationTargetException
Caused by: java.lang.reflect.InvocationTargetException
Caused by: java.lang.RuntimeException: java.lang.reflect.InvocationTargetException
Caused by: java.lang.reflect.InvocationTargetException
Caused by: java.lang.RuntimeException: java.lang.reflect.InvocationTargetException
Caused by: java.lang.reflect.InvocationTargetException
Caused by: java.lang.RuntimeException: java.lang.reflect.InvocationTargetException
Caused by: java.lang.reflect.InvocationTargetException
Caused by: java.lang.RuntimeException: java.lang.reflect.InvocationTargetException
Caused by: java.lang.reflect.InvocationTargetException
Caused by: java.lang.RuntimeException: java.lang.reflect.InvocationTargetException
Caused by: java.lang.reflect.InvocationTargetException
Caused by: java.lang.RuntimeException: java.lang.reflect.InvocationTargetException
Caused by: java.lang.reflect.InvocationTargetException
Caused by: java.lang.RuntimeException: java.lang.reflect.InvocationTargetException
Caused by: java.lang.reflect.InvocationTargetException
Caused by: java.lang.RuntimeException: java.lang.reflect.InvocationTargetException
Caused by: java.lang.reflect.InvocationTargetException
Caused by: java.lang.RuntimeException: java.lang.reflect.InvocationTargetException
Caused by: java.lang.reflect.InvocationTargetException
Caused by: java.lang.RuntimeException: java.lang.reflect.InvocationTargetException
Caused by: java.lang.reflect.InvocationTargetException
Caused by: java.lang.RuntimeException: java.lang.reflect.InvocationTargetException
Caused by: java.lang.reflect.InvocationTargetException
Caused by: java.lang.RuntimeException: java.lang.reflect.InvocationTargetException
Caused by: java.lang.reflect.InvocationTargetException
Caused by: java.lang.RuntimeException: java.lang.reflect.InvocationTargetException
Caused by: java.lang.reflect.InvocationTargetException
Caused by: java.lang.RuntimeException: java.lang.reflect.InvocationTargetException
Caused by: java.lang.reflect.InvocationTargetException
Caused by: java.lang.RuntimeException: java.lang.reflect.InvocationTargetException
Caused by: java.lang.reflect.InvocationTargetException
Caused by: java.lang.RuntimeException: java.lang.reflect.InvocationTargetException
Caused by: java.lang.reflect.InvocationTargetException
Caused by: java.lang.RuntimeException: java.lang.reflect.InvocationTargetException
Caused by: java.lang.reflect.InvocationTargetException
Caused by: java.lang.RuntimeException: java.lang.reflect.InvocationTargetException
Caused by: java.lang.reflect.InvocationTargetException
Caused by: java.lang.RuntimeException: java.lang.reflect.InvocationTargetException
Caused by: java.lang.reflect.InvocationTargetException
Caused by: java.lang.RuntimeException: java.lang.reflect.InvocationTargetException
Caused by: java.lang.reflect.InvocationTargetException
Caused by: java.lang.RuntimeException: java.lang.reflect.InvocationTargetException
Caused by: java.lang.reflect.InvocationTargetException
Caused by: java.lang.RuntimeException: java.lang.reflect.InvocationTargetException
Caused by: java.lang.reflect.InvocationTargetException
Caused by: java.lang.RuntimeException: java.lang.reflect.InvocationTargetException
Caused by: java.lang.reflect.InvocationTargetException
Caused by: java.lang.RuntimeException: java.lang.reflect.InvocationTargetException
Caused by: java.lang.reflect.InvocationTargetException
Caused by: java.lang.RuntimeException: java.lang.reflect.InvocationTargetException
Caused by: java.lang.reflect.InvocationTargetException
Caused by: java.lang.RuntimeException: java.lang.reflect.InvocationTargetException
Caused by: java.lang.reflect.InvocationTargetException
Caused by: java.lang.RuntimeException: java.lang.reflect.InvocationTargetException
Caused by: java.lang.reflect.InvocationTargetException
Caused by: java.lang.RuntimeException: java.lang.reflect.InvocationTargetException
Caused by: java.lang.reflect.InvocationTargetException
Caused by: java.lang.RuntimeException: java.lang.reflect.InvocationTargetException
Caused by: java.lang.reflect.InvocationTargetException
Caused by: java.lang.RuntimeException: java.lang.reflect.InvocationTargetException
Caused by: java.lang.reflect.InvocationTargetException
Caused by: java.lang.RuntimeException: java.lang.reflect.InvocationTargetException
Caused by: java.lang.reflect.InvocationTargetException
Caused by: java.lang.RuntimeException: java.lang.reflect.InvocationTargetException
Caused by: java.lang.reflect.InvocationTargetException
Caused by: java.lang.RuntimeException: java.lang.reflect.InvocationTargetException
Caused by: java.lang.reflect.InvocationTargetException
Caused by: java.lang.RuntimeException: java.lang.reflect.InvocationTargetException
Caused by: java.lang.reflect.InvocationTargetException
Caused by: java.lang.RuntimeException: java.lang.reflect.InvocationTargetException
Caused by: java.lang.reflect.InvocationTargetException
Caused by: java.lang.RuntimeException: java.lang.reflect.InvocationTargetException
Caused by: java.lang.reflect.InvocationTargetException
Caused by: java.lang.RuntimeException: java.lang.reflect.InvocationTargetException
Caused by: java.lang.reflect.InvocationTargetException
Caused by: java.lang.RuntimeException: java.lang.reflect.InvocationTargetException
Caused by: java.lang.reflect.InvocationTargetException
Caused by: java.lang.RuntimeException: java.lang.reflect.InvocationTargetException
Caused by: java.lang.reflect.InvocationTargetException
Caused by: java.lang.RuntimeException: java.lang.reflect.InvocationTargetException
Caused by: java.lang.reflect.InvocationTargetException
Caused by: java.lang.RuntimeException: java.lang.reflect.InvocationTargetException
Caused by: java.lang.reflect.InvocationTargetException
Caused by: java.lang.RuntimeException: java.lang.reflect.InvocationTargetException
Caused by: java.lang.reflect.InvocationTargetException
Caused by: java.lang.RuntimeException: java.lang.reflect.InvocationTargetException
Caused by: java.lang.reflect.InvocationTargetException
Caused by: java.lang.RuntimeException: java.lang.reflect.InvocationTargetException
Caused by: java.lang.reflect.InvocationTargetException
Caused by: java.lang.RuntimeException: java.lang.reflect.InvocationTargetException
Caused by: java.lang.reflect.InvocationTargetException
Caused by: java.lang.RuntimeException: java.lang.reflect.InvocationTargetException
Caused by: java.lang.reflect.InvocationTargetException
Caused by: java.lang.RuntimeException: java.lang.reflect.InvocationTargetException
Caused by: java.lang.reflect.InvocationTargetException
Caused by: java.lang.RuntimeException: java.lang.reflect.InvocationTargetException
Caused by: java.lang.reflect.InvocationTargetException
Caused by: java.lang.RuntimeException: java.lang.reflect.InvocationTargetException
Caused by: java.lang.reflect.InvocationTargetException
Caused by: java.lang.RuntimeException: java.lang.reflect.InvocationTargetException
Caused by: java.lang.reflect.InvocationTargetException
Caused by: java.lang.RuntimeException: java.lang.reflect.InvocationTargetException
Caused by: java.lang.reflect.InvocationTargetException
Caused by: java.lang.RuntimeException: java.lang.reflect.InvocationTargetException
Caused by: java.lang.reflect.InvocationTargetException
Caused by: java.lang.RuntimeException: java.lang.reflect.InvocationTargetException
Caused by: java.lang.reflect.InvocationTargetException
Caused by: java.lang.RuntimeException: java.lang.reflect.InvocationTargetException
Caused by: java.lang.reflect.InvocationTargetException
Caused by: java.lang.RuntimeException: java.lang.reflect.InvocationTargetException
Caused by: java.lang.reflect.InvocationTargetException
Caused by: java.lang.RuntimeException: java.lang.reflect.InvocationTargetException
Caused by: java.lang.reflect.InvocationTargetException
Caused by: java.lang.RuntimeException: java.lang.reflect.InvocationTargetException
Caused by: java.lang.reflect.InvocationTargetException
Caused by: java.lang.RuntimeException: java.lang.reflect.InvocationTargetException
Caused by: java.lang.reflect.InvocationTargetException
Caused by: java.lang.RuntimeException: java.lang.reflect.InvocationTargetException
Caused by: java.lang.reflect.InvocationTargetException
Caused by: java.lang.RuntimeException: java.lang.reflect.InvocationTargetException
Caused by: java.lang.reflect.InvocationTargetException
Caused by: java.lang.RuntimeException: java.lang.reflect.InvocationTargetException
Caused by: java.lang.reflect.InvocationTargetException
Caused by: java.lang.RuntimeException: java.lang.reflect.InvocationTargetException
Caused by: java.lang.reflect.InvocationTargetException
Caused by: java.lang.RuntimeException: java.lang.reflect.InvocationTargetException
Caused by: java.lang.reflect.InvocationTargetException
Caused by: java.lang.RuntimeException: java.lang.reflect.InvocationTargetException
Caused by: java.lang.reflect.InvocationTargetException
Caused by: java.lang.RuntimeException: java.lang.reflect.InvocationTargetException
Caused by: java.lang.reflect.InvocationTargetException
Caused by: java.lang.RuntimeException: java.lang.reflect.InvocationTargetException
Caused by: java.lang.reflect.InvocationTargetException
Caused by: java.lang.RuntimeException: java.lang.reflect.InvocationTargetException
Caused by: java.lang.reflect.InvocationTargetException
Caused by: java.lang.RuntimeException: java.lang.reflect.InvocationTargetException
Caused by: java.lang.reflect.InvocationTargetException
Caused by: java.lang.RuntimeException: java.lang.reflect.InvocationTargetException
Caused by: java.lang.reflect.InvocationTargetException
Caused by: java.lang.RuntimeException: java.lang.reflect.InvocationTargetException
Caused by: java.lang.reflect.InvocationTargetException
Caused by: java.lang.RuntimeException: java.lang.reflect.InvocationTargetException
Caused by: java.lang.reflect.InvocationTargetException
Caused by: java.lang.RuntimeException: java.lang.reflect.InvocationTargetException
Caused by: java.lang.reflect.InvocationTargetException
Caused by: java.lang.RuntimeException: java.lang.reflect.InvocationTargetException
Caused by: java.lang.reflect.InvocationTargetException
Caused by: java.lang.RuntimeException: java.lang.reflect.InvocationTargetException
Caused by: java.lang.reflect.InvocationTargetException
Caused by: java.lang.RuntimeException: java.lang.reflect.InvocationTargetException
Caused by: java.lang.reflect.InvocationTargetException
Caused by: java.lang.RuntimeException: java.lang.reflect.InvocationTargetException
Caused by: java.lang.reflect.InvocationTargetException
Caused by: java.lang.RuntimeException: java.lang.reflect.InvocationTargetException
Caused by: java.lang.reflect.InvocationTargetException
Caused by: java.lang.RuntimeException: java.lang.reflect.InvocationTargetException
Caused by: java.lang.reflect.InvocationTargetException
Caused by: java.lang.RuntimeException: java.lang.reflect.InvocationTargetException
Caused by: java.lang.reflect.InvocationTargetException
Caused by: java.lang.RuntimeException: java.lang.reflect.InvocationTargetException
Caused by: java.lang.reflect.InvocationTargetException
Caused by: java.lang.RuntimeException: java.lang.reflect.InvocationTargetException
Caused by: java.lang.reflect.InvocationTargetException
Caused by: java.lang.RuntimeException: java.lang.reflect.InvocationTargetException
Caused by: java.lang.reflect.InvocationTargetException
Caused by: java.lang.RuntimeException: java.lang.reflect.InvocationTargetException
Caused by: java.lang.reflect.InvocationTargetException
Caused by: java.lang.RuntimeException: java.lang.reflect.InvocationTargetException
Caused by: java.lang.reflect.InvocationTargetException
Caused by: java.lang.RuntimeException: java.lang.reflect.InvocationTargetException
Caused by: java.lang.reflect.InvocationTargetException
Caused by: java.lang.RuntimeException: java.lang.reflect.InvocationTargetException
Caused by: java.lang.reflect.InvocationTargetException
Caused by: java.lang.RuntimeException: java.lang.reflect.InvocationTargetException
Caused by: java.lang.reflect.InvocationTargetException
Caused by: java.lang.RuntimeException: java.lang.reflect.InvocationTargetException
Caused by: java.lang.reflect.InvocationTargetException
Caused by: java.lang.RuntimeException: java.lang.reflect.InvocationTargetException
Caused by: java.lang.reflect.InvocationTargetException
Caused by: java.lang.RuntimeException: java.lang.reflect.InvocationTargetException
Caused by: java.lang.reflect.InvocationTargetException
Caused by: java.lang.RuntimeException: java.lang.reflect.InvocationTargetException
Caused by: java.lang.reflect.InvocationTargetException
Caused by: java.lang.RuntimeException: java.lang.reflect.InvocationTargetException
Caused by: java.lang.reflect.InvocationTargetException
Caused by: java.lang.RuntimeException: java.lang.reflect.InvocationTargetException
Caused by: java.lang.reflect.InvocationTargetException
Caused by: java.lang.RuntimeException: java.lang.reflect.InvocationTargetException
Caused by: java.lang.reflect.InvocationTargetException
Caused by: java.lang.RuntimeException: java.lang.reflect.InvocationTargetException
Caused by: java.lang.reflect.InvocationTargetException
Caused by: java.lang.RuntimeException: java.lang.reflect.InvocationTargetException
Caused by: java.lang.reflect.InvocationTargetException
Caused by: java.lang.RuntimeException: java.lang.reflect.InvocationTargetException
Caused by: java.lang.reflect.InvocationTargetException
Caused by: java.lang.RuntimeException: java.lang.reflect.InvocationTargetException
Caused by: java.lang.reflect.InvocationTargetException
Caused by: java.lang.RuntimeException: java.lang.reflect.InvocationTargetException
Caused by: java.lang.reflect.InvocationTargetException
Caused by: java.lang.RuntimeException: java.lang.reflect.InvocationTargetException
Caused by: java.lang.reflect.InvocationTargetException
Caused by: java.lang.RuntimeException: java.lang.reflect.InvocationTargetException
Caused by: java.lang.reflect.InvocationTargetException
Caused by: java.lang.RuntimeException: java.lang.reflect.InvocationTargetException
Caused by: java.lang.reflect.InvocationTargetException
Caused by: java.lang.RuntimeException: java.lang.reflect.InvocationTargetException
Caused by: java.lang.reflect.InvocationTargetException
Caused by: java.lang.RuntimeException: java.lang.reflect.InvocationTargetException
Caused by: java.lang.reflect.InvocationTargetException
Caused by: java.lang.RuntimeException: java.lang.reflect.InvocationTargetException
Caused by: java.lang.reflect.InvocationTargetException
Caused by: java.lang.RuntimeException: java.lang.reflect.InvocationTargetException
Caused by: java.lang.reflect.InvocationTargetException
Caused by: java.lang.RuntimeException: java.lang.reflect.InvocationTargetException
Caused by: java.lang.reflect.InvocationTargetException
Caused by: java.lang.RuntimeException: java.lang.reflect.InvocationTargetException
Caused by: java.lang.reflect.InvocationTargetException
Caused by: java.lang.RuntimeException: java.lang.reflect.InvocationTargetException
Caused by: java.lang.reflect.InvocationTargetException
Caused by: java.lang.RuntimeException: java.lang.reflect.InvocationTargetException
Caused by: java.lang.reflect.InvocationTargetException
Caused by: java.lang.RuntimeException: java.lang.reflect.InvocationTargetException
Caused by: java.lang.reflect.InvocationTargetException
Caused by: java.lang.RuntimeException: java.lang.reflect.InvocationTargetException
Caused by: java.lang.reflect.InvocationTargetException
Caused by: java.lang.RuntimeException: java.lang.reflect.InvocationTargetException
Caused by: java.lang.reflect.InvocationTargetException
Caused by: java.lang.RuntimeException: java.lang.reflect.InvocationTargetException
Caused by: java.lang.reflect.InvocationTargetException
Caused by: java.lang.RuntimeException: java.lang.reflect.InvocationTargetException
Caused by: java.lang.reflect.InvocationTargetException
Caused by: java.lang.RuntimeException: java.lang.reflect.InvocationTargetException
Caused by: java.lang.reflect.InvocationTargetException
Caused by: java.lang.RuntimeException: java.lang.reflect.InvocationTargetException
Caused by: java.lang.reflect.InvocationTargetException
Caused by: java.lang.RuntimeException: java.lang.reflect.InvocationTargetException
Caused by: java.lang.reflect.InvocationTargetException
Caused by: java.lang.RuntimeException: java.lang.reflect.InvocationTargetException
Caused by: java.lang.reflect.InvocationTargetException
Caused by: java.lang.RuntimeException: java.lang.reflect.InvocationTargetException
Caused by: java.lang.reflect.InvocationTargetException
Caused by: java.lang.RuntimeException: java.lang.reflect.InvocationTargetException
Caused by: java.lang.reflect.InvocationTargetException
Caused by: java.lang.RuntimeException: java.lang.reflect.InvocationTargetException
Caused by: java.lang.reflect.InvocationTargetException
Caused by: java.lang.RuntimeException: java.lang.reflect.InvocationTargetException
Caused by: java.lang.reflect.InvocationTargetException
Caused by: java.lang.RuntimeException: java.lang.reflect.InvocationTargetException
Caused by: java.lang.reflect.InvocationTargetException
Caused by: java.lang.RuntimeException: java.lang.reflect.InvocationTargetException
Caused by: java.lang.reflect.InvocationTargetException
Caused by: java.lang.RuntimeException: java.lang.reflect.InvocationTargetException
Caused by: java.lang.reflect.InvocationTargetException
Caused by: java.lang.RuntimeException: java.lang.reflect.InvocationTargetException
Caused by: java.lang.reflect.InvocationTargetException
Caused by: java.lang.RuntimeException: java.lang.reflect.InvocationTargetException
Caused by: java.lang.reflect.InvocationTargetException
Caused by: java.lang.RuntimeException: java.lang.reflect.InvocationTargetException
Caused by: java.lang.reflect.InvocationTargetException
Caused by: java.lang.RuntimeException: java.lang.reflect.InvocationTargetException
Caused by: java.lang.reflect.InvocationTargetException
Caused by: java.lang.RuntimeException: java.lang.reflect.InvocationTargetException
Caused by: java.lang.reflect.InvocationTargetException
Caused by: java.lang.RuntimeException: java.lang.reflect.InvocationTargetException
Caused by: java.lang.reflect.InvocationTargetException
Caused by: java.lang.RuntimeException: java.lang.reflect.InvocationTargetException
Caused by: java.lang.reflect.InvocationTargetException
Caused by: java.lang.RuntimeException: java.lang.reflect.InvocationTargetException
Caused by: java.lang.reflect.InvocationTargetException
Caused by: java.lang.RuntimeException: java.lang.reflect.InvocationTargetException
Caused by: java.lang.reflect.InvocationTargetException
Caused by: java.lang.RuntimeException: java.lang.reflect.InvocationTargetException
Caused by: java.lang.reflect.InvocationTargetException
Caused by: java.lang.RuntimeException: java.lang.reflect.InvocationTargetException
Caused by: java.lang.reflect.InvocationTargetException
Caused by: java.lang.RuntimeException: java.lang.reflect.InvocationTargetException
Caused by: java.lang.reflect.InvocationTargetException
Caused by: java.lang.RuntimeException: java.lang.reflect.InvocationTargetException
Caused by: java.lang.reflect.InvocationTargetException
Caused by: java.lang.RuntimeException: java.lang.reflect.InvocationTargetException
Caused by: java.lang.reflect.InvocationTargetException
Caused by: java.lang.RuntimeException: java.lang.reflect.InvocationTargetException
Caused by: java.lang.reflect.InvocationTargetException
Caused by: java.lang.RuntimeException: java.lang.reflect.InvocationTargetException
Caused by: java.lang.reflect.InvocationTargetException
Caused by: java.lang.RuntimeException: java.lang.reflect.InvocationTargetException
Caused by: java.lang.reflect.InvocationTargetException
Caused by: java.lang.RuntimeException: java.lang.reflect.InvocationTargetException
Caused by: java.lang.reflect.InvocationTargetException
Caused by: java.lang.RuntimeException: java.lang.reflect.InvocationTargetException
Caused by: java.lang.reflect.InvocationTargetException
Caused by: java.lang.RuntimeException: java.lang.reflect.InvocationTargetException
Caused by: java.lang.reflect.InvocationTargetException
Caused by: java.lang.RuntimeException: java.lang.reflect.InvocationTargetException
Caused by: java.lang.reflect.InvocationTargetException
Caused by: java.lang.RuntimeException: java.lang.reflect.InvocationTargetException
Caused by: java.lang.reflect.InvocationTargetException
Caused by: java.lang.RuntimeException: java.lang.reflect.InvocationTargetException
Caused by: java.lang.reflect.InvocationTargetException
Caused by: java.lang.RuntimeException: java.lang.reflect.InvocationTargetException
Caused by: java.lang.reflect.InvocationTargetException
Caused by: java.lang.RuntimeException: java.lang.reflect.InvocationTargetException
Caused by: java.lang.reflect.InvocationTargetException
Caused by: java.lang.RuntimeException: java.lang.reflect.InvocationTargetException
Caused by: java.lang.reflect.InvocationTargetException
Caused by: java.lang.RuntimeException: java.lang.reflect.InvocationTargetException
Caused by: java.lang.reflect.InvocationTargetException
Caused by: java.lang.RuntimeException: java.lang.reflect.InvocationTargetException
Caused by: java.lang.reflect.InvocationTargetException
Caused by: java.lang.RuntimeException: java.lang.reflect.InvocationTargetException
Caused by: java.lang.reflect.InvocationTargetException
Caused by: java.lang.RuntimeException: java.lang.reflect.InvocationTargetException
Caused by: java.lang.reflect.InvocationTargetException
Caused by: java.lang.RuntimeException: java.lang.reflect.InvocationTargetException
Caused by: java.lang.reflect.InvocationTargetException
Caused by: java.lang.RuntimeException: java.lang.reflect.InvocationTargetException
Caused by: java.lang.reflect.InvocationTargetException
Caused by: java.lang.RuntimeException: java.lang.reflect.InvocationTargetException
Caused by: java.lang.reflect.InvocationTargetException
Caused by: java.lang.RuntimeException: java.lang.reflect.InvocationTargetException
Caused by: java.lang.reflect.InvocationTargetException
Caused by: java.lang.RuntimeException: java.lang.reflect.InvocationTargetException
Caused by: java.lang.reflect.InvocationTargetException
Caused by: java.lang.RuntimeException: java.lang.reflect.InvocationTargetException
Caused by: java.lang.reflect.InvocationTargetException
Caused by: java.lang.RuntimeException: java.lang.reflect.InvocationTargetException
Caused by: java.lang.reflect.InvocationTargetException
Caused by: java.lang.RuntimeException: java.lang.reflect.InvocationTargetException
Caused by: java.lang.reflect.InvocationTargetException
Caused by: java.lang.RuntimeException: java.lang.reflect.InvocationTargetException
Caused by: java.lang.reflect.InvocationTargetException
Caused by: java.lang.RuntimeException: java.lang.reflect.InvocationTargetException
Caused by: java.lang.reflect.InvocationTargetException
Caused by: java.lang.RuntimeException: java.lang.reflect.InvocationTargetException
Caused by: java.lang.reflect.InvocationTargetException
Caused by: java.lang.RuntimeException: java.lang.reflect.InvocationTargetException
Caused by: java.lang.reflect.InvocationTargetException
Caused by: java.lang.RuntimeException: java.lang.reflect.InvocationTargetException
Caused by: java.lang.reflect.InvocationTargetException
Caused by: java.lang.RuntimeException: java.lang.reflect.InvocationTargetException
Caused by: java.lang.reflect.InvocationTargetException
Caused by: java.lang.RuntimeException: java.lang.reflect.InvocationTargetException
Caused by: java.lang.reflect.InvocationTargetException
Caused by: java.lang.RuntimeException: java.lang.reflect.InvocationTargetException
Caused by: java.lang.reflect.InvocationTargetException
Caused by: java.lang.RuntimeException: java.lang.reflect.InvocationTargetException
Caused by: java.lang.reflect.InvocationTargetException
Caused by: java.lang.RuntimeException: java.lang.reflect.InvocationTargetException
Caused by: java.lang.reflect.InvocationTargetException
Caused by: java.lang.RuntimeException: java.lang.reflect.InvocationTargetException
Caused by: java.lang.reflect.InvocationTargetException
Caused by: java.lang.RuntimeException: java.lang.reflect.InvocationTargetException
Caused by: java.lang.reflect.InvocationTargetException
Caused by: java.lang.RuntimeException: java.lang.reflect.InvocationTargetException
Caused by: java.lang.reflect.InvocationTargetException
Caused by: java.lang.RuntimeException: java.lang.reflect.InvocationTargetException
Caused by: java.lang.reflect.InvocationTargetException
Caused by: java.lang.RuntimeException: java.lang.reflect.InvocationTargetException
Caused by: java.lang.reflect.InvocationTargetException
Caused by: java.lang.RuntimeException: java.lang.reflect.InvocationTargetException
Caused by: java.lang.reflect.InvocationTargetException
Caused by: java.lang.RuntimeException: java.lang.reflect.InvocationTargetException
Caused by: java.lang.reflect.InvocationTargetException
Caused by: java.lang.RuntimeException: java.lang.reflect.InvocationTargetException
Caused by: java.lang.reflect.InvocationTargetException
Caused by: java.lang.RuntimeException: java.lang.reflect.InvocationTargetException
Caused by: java.lang.reflect.InvocationTargetException
Caused by: java.lang.RuntimeException: java.lang.reflect.InvocationTargetException
Caused by: java.lang.reflect.InvocationTargetException
Caused by: java.lang.RuntimeException: java.lang.reflect.InvocationTargetException
Caused by: java.lang.reflect.InvocationTargetException
Caused by: java.lang.RuntimeException: java.lang.reflect.InvocationTargetException
Caused by: java.lang.reflect.InvocationTargetException
Caused by: java.lang.RuntimeException: java.lang.reflect.InvocationTargetException
Caused by: java.lang.reflect.InvocationTargetException
Caused by: java.lang.RuntimeException: java.lang.reflect.InvocationTargetException
Caused by: java.lang.reflect.InvocationTargetException
Caused by: java.lang.RuntimeException: java.lang.reflect.InvocationTargetException
Caused by: java.lang.reflect.InvocationTargetException
Caused by: java.lang.RuntimeException: java.lang.reflect.InvocationTargetException
Caused by: java.lang.reflect.InvocationTargetException
Caused by: java.lang.RuntimeException: java.lang.reflect.InvocationTargetException
Caused by: java.lang.reflect.InvocationTargetException
Caused by: java.lang.RuntimeException: java.lang.reflect.InvocationTargetException
Caused by: java.lang.reflect.InvocationTargetException
Caused by: java.lang.RuntimeException: java.lang.reflect.InvocationTargetException
Caused by: java.lang.reflect.InvocationTargetException
Caused by: java.lang.RuntimeException: java.lang.reflect.InvocationTargetException
Caused by: java.lang.reflect.InvocationTargetException
Caused by: java.lang.RuntimeException: java.lang.reflect.InvocationTargetException
Caused by: java.lang.reflect.InvocationTargetException
Caused by: java.lang.RuntimeException: java.lang.reflect.InvocationTargetException
Caused by: java.lang.reflect.InvocationTargetException
Caused by: java.lang.RuntimeException: java.lang.reflect.InvocationTargetException
Caused by: java.lang.reflect.InvocationTargetException
Caused by: java.lang.RuntimeException: java.lang.reflect.InvocationTargetException
Caused by: java.lang.reflect.InvocationTargetException
Caused by: java.lang.RuntimeException: java.lang.reflect.InvocationTargetException
Caused by: java.lang.reflect.InvocationTargetException
Caused by: java.lang.RuntimeException: java.lang.reflect.InvocationTargetException
Caused by: java.lang.reflect.InvocationTargetException
Caused by: java.lang.RuntimeException: java.lang.reflect.InvocationTargetException
Caused by: java.lang.reflect.InvocationTargetException
Caused by: java.lang.RuntimeException: java.lang.reflect.InvocationTargetException
Caused by: java.lang.reflect.InvocationTargetException
Caused by: java.lang.RuntimeException: java.lang.reflect.InvocationTargetException
Caused by: java.lang.reflect.InvocationTargetException
Caused by: java.lang.RuntimeException: java.lang.reflect.InvocationTargetException
Caused by: java.lang.reflect.InvocationTargetException
Caused by: java.lang.RuntimeException: java.lang.reflect.InvocationTargetException
Caused by: java.lang.reflect.InvocationTargetException
Caused by: java.lang.RuntimeException: java.lang.reflect.InvocationTargetException
Caused by: java.lang.reflect.InvocationTargetException
Caused by: java.lang.RuntimeException: java.lang.reflect.InvocationTargetException
Caused by: java.lang.reflect.InvocationTargetException
Caused by: java.lang.RuntimeException: java.lang.reflect.InvocationTargetException
Caused by: java.lang.reflect.InvocationTargetException
Caused by: java.lang.RuntimeException: java.lang.reflect.InvocationTargetException
Caused by: java.lang.reflect.InvocationTargetException
Caused by: java.lang.RuntimeException: java.lang.reflect.InvocationTargetException
Caused by: java.lang.reflect.InvocationTargetException
Caused by: java.lang.RuntimeException: java.lang.reflect.InvocationTargetException
Caused by: java.lang.reflect.InvocationTargetException
Caused by: java.lang.RuntimeException: java.lang.reflect.InvocationTargetException
Caused by: java.lang.reflect.InvocationTargetException
Caused by: java.lang.RuntimeException: java.lang.reflect.InvocationTargetException
Caused by: java.lang.reflect.InvocationTargetException
Caused by: java.lang.RuntimeException: java.lang.reflect.InvocationTargetException
Caused by: java.lang.reflect.InvocationTargetException
Caused by: java.lang.RuntimeException: java.lang.reflect.InvocationTargetException
Caused by: java.lang.reflect.InvocationTargetException
Caused by: java.lang.RuntimeException: java.lang.reflect.InvocationTargetException
Caused by: java.lang.reflect.InvocationTargetException
Caused by: java.lang.RuntimeException: java.lang.reflect.InvocationTargetException
Caused by: java.lang.reflect.InvocationTargetException
Caused by: java.lang.RuntimeException: java.lang.reflect.InvocationTargetException
Caused by: java.lang.reflect.InvocationTargetException
Caused by: java.lang.RuntimeException: java.lang.reflect.InvocationTargetException
Caused by: java.lang.reflect.InvocationTargetException
Caused by: java.lang.RuntimeException: java.lang.reflect.InvocationTargetException
Caused by: java.lang.reflect.InvocationTargetException
Caused by: java.lang.RuntimeException: java.lang.reflect.InvocationTargetException
Caused by: java.lang.reflect.InvocationTargetException
Caused by: java.lang.RuntimeException: java.lang.reflect.InvocationTargetException
Caused by: java.lang.reflect.InvocationTargetException
Caused by: java.lang.RuntimeException: java.lang.reflect.InvocationTargetException
Caused by: java.lang.reflect.InvocationTargetException
Caused by: java.lang.RuntimeException: java.lang.reflect.InvocationTargetException
Caused by: java.lang.reflect.InvocationTargetException
Caused by: java.lang.RuntimeException: java.lang.reflect.InvocationTargetException
Caused by: java.lang.reflect.InvocationTargetException
Caused by: java.lang.RuntimeException: java.lang.reflect.InvocationTargetException
Caused by: java.lang.reflect.InvocationTargetException
Caused by: java.lang.RuntimeException: java.lang.reflect.InvocationTargetException
Caused by: java.lang.reflect.InvocationTargetException
Caused by: java.lang.RuntimeException: java.lang.reflect.InvocationTargetException
Caused by: java.lang.reflect.InvocationTargetException
Caused by: java.lang.RuntimeException: java.lang.reflect.InvocationTargetException
Caused by: java.lang.reflect.InvocationTargetException
Caused by: java.lang.RuntimeException: java.lang.reflect.InvocationTargetException
Caused by: java.lang.reflect.InvocationTargetException
Caused by: java.lang.RuntimeException: java.lang.reflect.InvocationTargetException
Caused by: java.lang.reflect.InvocationTargetException
Caused by: java.lang.RuntimeException: java.lang.reflect.InvocationTargetException
Caused by: java.lang.reflect.InvocationTargetException
Caused by: java.lang.RuntimeException: java.lang.reflect.InvocationTargetException
Caused by: java.lang.reflect.InvocationTargetException
Caused by: java.lang.RuntimeException: java.lang.reflect.InvocationTargetException
Caused by: java.lang.reflect.InvocationTargetException
Caused by: java.lang.RuntimeException: java.lang.reflect.InvocationTargetException
Caused by: java.lang.reflect.InvocationTargetException
Caused by: java.lang.RuntimeException: java.lang.reflect.InvocationTargetException
Caused by: java.lang.reflect.InvocationTargetException
Caused by: java.lang.RuntimeException: java.lang.reflect.InvocationTargetException
Caused by: java.lang.reflect.InvocationTargetException
Caused by: java.lang.RuntimeException: java.lang.reflect.InvocationTargetException
Caused by: java.lang.reflect.InvocationTargetException
Caused by: java.lang.RuntimeException: java.lang.reflect.InvocationTargetException
Caused by: java.lang.reflect.InvocationTargetException
Caused by: java.lang.RuntimeException: java.lang.reflect.InvocationTargetException
Caused by: java.lang.reflect.InvocationTargetException
Caused by: java.lang.RuntimeException: java.lang.reflect.InvocationTargetException
Caused by: java.lang.reflect.InvocationTargetException
Caused by: java.lang.RuntimeException: java.lang.reflect.InvocationTargetException
Caused by: java.lang.reflect.InvocationTargetException
Caused by: java.lang.RuntimeException: java.lang.reflect.InvocationTargetException
Caused by: java.lang.reflect.InvocationTargetException
Caused by: java.lang.RuntimeException: java.lang.reflect.InvocationTargetException
Caused by: java.lang.reflect.InvocationTargetException
Caused by: java.lang.RuntimeException: java.lang.reflect.InvocationTargetException
Caused by: java.lang.reflect.InvocationTargetException
Caused by: java.lang.RuntimeException: java.lang.reflect.InvocationTargetException
Caused by: java.lang.reflect.InvocationTargetException
Caused by: java.lang.RuntimeException: java.lang.reflect.InvocationTargetException
Caused by: java.lang.reflect.InvocationTargetException
Caused by: java.lang.RuntimeException: java.lang.reflect.InvocationTargetException
Caused by: java.lang.reflect.InvocationTargetException
Caused by: java.lang.RuntimeException: java.lang.reflect.InvocationTargetException
Caused by: java.lang.reflect.InvocationTargetException
Caused by: java.lang.RuntimeException: java.lang.reflect.InvocationTargetException
Caused by: java.lang.reflect.InvocationTargetException
Caused by: java.lang.RuntimeException: java.lang.reflect.InvocationTargetException
Caused by: java.lang.reflect.InvocationTargetException
Caused by: java.lang.RuntimeException: java.lang.reflect.InvocationTargetException
Caused by: java.lang.reflect.InvocationTargetException
Caused by: java.lang.RuntimeException: java.lang.reflect.InvocationTargetException
Caused by: java.lang.reflect.InvocationTargetException
Caused by: java.lang.RuntimeException: java.lang.reflect.InvocationTargetException
Caused by: java.lang.reflect.InvocationTargetException
Caused by: java.lang.RuntimeException: java.lang.reflect.InvocationTargetException
Caused by: java.lang.reflect.InvocationTargetException
Caused by: java.lang.RuntimeException: java.lang.reflect.InvocationTargetException
Caused by: java.lang.reflect.InvocationTargetException
Caused by: java.lang.RuntimeException: java.lang.reflect.InvocationTargetException
Caused by: java.lang.reflect.InvocationTargetException
Caused by: java.lang.RuntimeException: java.lang.reflect.InvocationTargetException
Caused by: java.lang.reflect.InvocationTargetException
Caused by: java.lang.RuntimeException: java.lang.reflect.InvocationTargetException
Caused by: java.lang.reflect.InvocationTargetException
Caused by: java.lang.RuntimeException: java.lang.reflect.InvocationTargetException
Caused by: java.lang.reflect.InvocationTargetException
Caused by: java.lang.RuntimeException: java.lang.reflect.InvocationTargetException
Caused by: java.lang.reflect.InvocationTargetException
Caused by: java.lang.RuntimeException: java.lang.reflect.InvocationTargetException
Caused by: java.lang.reflect.InvocationTargetException
Caused by: java.lang.RuntimeException: java.lang.reflect.InvocationTargetException
Caused by: java.lang.reflect.InvocationTargetException
Caused by: java.lang.RuntimeException: java.lang.reflect.InvocationTargetException
Caused by: java.lang.reflect.InvocationTargetException
Caused by: java.lang.RuntimeException: java.lang.reflect.InvocationTargetException
Caused by: java.lang.reflect.InvocationTargetException
Caused by: java.lang.RuntimeException: java.lang.reflect.InvocationTargetException
Caused by: java.lang.reflect.InvocationTargetException
Caused by: java.lang.RuntimeException: java.lang.reflect.InvocationTargetException
Caused by: java.lang.reflect.InvocationTargetException
Caused by: java.lang.RuntimeException: java.lang.reflect.InvocationTargetException
Caused by: java.lang.reflect.InvocationTargetException
Caused by: java.lang.RuntimeException: java.lang.reflect.InvocationTargetException
Caused by: java.lang.reflect.InvocationTargetException
Caused by: java.lang.RuntimeException: java.lang.reflect.InvocationTargetException
Caused by: java.lang.reflect.InvocationTargetException
Caused by: java.lang.RuntimeException: java.lang.reflect.InvocationTargetException
Caused by: java.lang.reflect.InvocationTargetException
Caused by: java.lang.RuntimeException: java.lang.reflect.InvocationTargetException
Caused by: java.lang.reflect.InvocationTargetException
Caused by: java.lang.RuntimeException: java.lang.reflect.InvocationTargetException
Caused by: java.lang.reflect.InvocationTargetException
Caused by: java.lang.RuntimeException: java.lang.reflect.InvocationTargetException
Caused by: java.lang.reflect.InvocationTargetException
Caused by: java.lang.RuntimeException: java.lang.reflect.InvocationTargetException
Caused by: java.lang.reflect.InvocationTargetException
Caused by: java.lang.RuntimeException: java.lang.reflect.InvocationTargetException
Caused by: java.lang.reflect.InvocationTargetException
Caused by: java.lang.RuntimeException: java.lang.reflect.InvocationTargetException
Caused by: java.lang.reflect.InvocationTargetException
Caused by: java.lang.RuntimeException: java.lang.reflect.InvocationTargetException
Caused by: java.lang.reflect.InvocationTargetException
Caused by: java.lang.RuntimeException: java.lang.reflect.InvocationTargetException
Caused by: java.lang.reflect.InvocationTargetException
Caused by: java.lang.RuntimeException: java.lang.reflect.InvocationTargetException
Caused by: java.lang.reflect.InvocationTargetException
Caused by: java.lang.RuntimeException: java.lang.reflect.InvocationTargetException
Caused by: java.lang.reflect.InvocationTargetException
Caused by: java.lang.RuntimeException: java.lang.reflect.InvocationTargetException
Caused by: java.lang.reflect.InvocationTargetException
Caused by: java.lang.RuntimeException: java.lang.reflect.InvocationTargetException
Caused by: java.lang.reflect.InvocationTargetException
Caused by: java.lang.RuntimeException: java.lang.reflect.InvocationTargetException
Caused by: java.lang.reflect.InvocationTargetException
Caused by: java.lang.RuntimeException: java.lang.reflect.InvocationTargetException
Caused by: java.lang.reflect.InvocationTargetException
Caused by: java.lang.RuntimeException: java.lang.reflect.InvocationTargetException
Caused by: java.lang.reflect.InvocationTargetException
Caused by: java.lang.RuntimeException: java.lang.reflect.InvocationTargetException
Caused by: java.lang.reflect.InvocationTargetException
Caused by: java.lang.RuntimeException: java.lang.reflect.InvocationTargetException
Caused by: java.lang.reflect.InvocationTargetException
Caused by: java.lang.RuntimeException: java.lang.reflect.InvocationTargetException
Caused by: java.lang.reflect.InvocationTargetException
Caused by: java.lang.RuntimeException: java.lang.reflect.InvocationTargetException
Caused by: java.lang.reflect.InvocationTargetException
Caused by: java.lang.RuntimeException: java.lang.reflect.InvocationTargetException
Caused by: java.lang.reflect.InvocationTargetException
Caused by: java.lang.RuntimeException: java.lang.reflect.InvocationTargetException
Caused by: java.lang.reflect.InvocationTargetException
Caused by: java.lang.RuntimeException: java.lang.reflect.InvocationTargetException
Caused by: java.lang.reflect.InvocationTargetException
Caused by: java.lang.RuntimeException: java.lang.reflect.InvocationTargetException
Caused by: java.lang.reflect.InvocationTargetException
Caused by: java.lang.RuntimeException: java.lang.reflect.InvocationTargetException
Caused by: java.lang.reflect.InvocationTargetException
Caused by: java.lang.RuntimeException: java.lang.reflect.InvocationTargetException
Caused by: java.lang.reflect.InvocationTargetException
Caused by: java.lang.RuntimeException: java.lang.reflect.InvocationTargetException
Caused by: java.lang.reflect.InvocationTargetException
Caused by: java.lang.RuntimeException: java.lang.reflect.InvocationTargetException
Caused by: java.lang.reflect.InvocationTargetException
Caused by: java.lang.RuntimeException: java.lang.reflect.InvocationTargetException
Caused by: java.lang.reflect.InvocationTargetException
Caused by: java.lang.RuntimeException: java.lang.reflect.InvocationTargetException
Caused by: java.lang.reflect.InvocationTargetException
Caused by: java.lang.RuntimeException: java.lang.reflect.InvocationTargetException
Caused by: java.lang.reflect.InvocationTargetException
Caused by: java.lang.RuntimeException: java.lang.reflect.InvocationTargetException
Caused by: java.lang.reflect.InvocationTargetException
Caused by: java.lang.RuntimeException: java.lang.reflect.InvocationTargetException
Caused by: java.lang.reflect.InvocationTargetException
Caused by: java.lang.RuntimeException: java.lang.reflect.InvocationTargetException
Caused by: java.lang.reflect.InvocationTargetException
Caused by: java.lang.RuntimeException: java.lang.reflect.InvocationTargetException
Caused by: java.lang.reflect.InvocationTargetException
Caused by: java.lang.RuntimeException: java.lang.reflect.InvocationTargetException
Caused by: java.lang.reflect.InvocationTargetException
Caused by: java.lang.RuntimeException: java.lang.reflect.InvocationTargetException
Caused by: java.lang.reflect.InvocationTargetException
Caused by: java.lang.RuntimeException: java.lang.reflect.InvocationTargetException
Caused by: java.lang.reflect.InvocationTargetException
Caused by: java.lang.RuntimeException: java.lang.reflect.InvocationTargetException
Caused by: java.lang.reflect.InvocationTargetException
Caused by: java.lang.RuntimeException: java.lang.reflect.InvocationTargetException
Caused by: java.lang.reflect.InvocationTargetException
Caused by: java.lang.RuntimeException: java.lang.reflect.InvocationTargetException
Caused by: java.lang.reflect.InvocationTargetException
Caused by: java.lang.RuntimeException: java.lang.reflect.InvocationTargetException
Caused by: java.lang.reflect.InvocationTargetException
Caused by: java.lang.RuntimeException: java.lang.reflect.InvocationTargetException
Caused by: java.lang.reflect.InvocationTargetException
Caused by: java.lang.RuntimeException: java.lang.reflect.InvocationTargetException
Caused by: java.lang.reflect.InvocationTargetException
Caused by: java.lang.RuntimeException: java.lang.reflect.InvocationTargetException
Caused by: java.lang.reflect.InvocationTargetException
Caused by: java.lang.RuntimeException: java.lang.reflect.InvocationTargetException
Caused by: java.lang.reflect.InvocationTargetException
Caused by: java.lang.RuntimeException: java.lang.reflect.InvocationTargetException
Caused by: java.lang.reflect.InvocationTargetException
Caused by: java.lang.RuntimeException: java.lang.reflect.InvocationTargetException
Caused by: java.lang.reflect.InvocationTargetException
Caused by: java.lang.RuntimeException: java.lang.reflect.InvocationTargetException
Caused by: java.lang.reflect.InvocationTargetException
Caused by: java.lang.RuntimeException: java.lang.reflect.InvocationTargetException
Caused by: java.lang.reflect.InvocationTargetException
Caused by: java.lang.RuntimeException: java.lang.reflect.InvocationTargetException
Caused by: java.lang.reflect.InvocationTargetException
Caused by: java.lang.RuntimeException: java.lang.reflect.InvocationTargetException
Caused by: java.lang.reflect.InvocationTargetException
Caused by: java.lang.RuntimeException: java.lang.reflect.InvocationTargetException
Caused by: java.lang.reflect.InvocationTargetException
Caused by: java.lang.RuntimeException: java.lang.reflect.InvocationTargetException
Caused by: java.lang.reflect.InvocationTargetException
Caused by: java.lang.RuntimeException: java.lang.reflect.InvocationTargetException
Caused by: java.lang.reflect.InvocationTargetException
Caused by: java.lang.RuntimeException: java.lang.reflect.InvocationTargetException
Caused by: java.lang.reflect.InvocationTargetException
Caused by: java.lang.RuntimeException: java.lang.reflect.InvocationTargetException
Caused by: java.lang.reflect.InvocationTargetException
Caused by: java.lang.RuntimeException: java.lang.reflect.InvocationTargetException
Caused by: java.lang.reflect.InvocationTargetException
Caused by: java.lang.RuntimeException: java.lang.reflect.InvocationTargetException
Caused by: java.lang.reflect.InvocationTargetException
Caused by: java.lang.RuntimeException: java.lang.reflect.InvocationTargetException
Caused by: java.lang.reflect.InvocationTargetException
Caused by: java.lang.RuntimeException: java.lang.reflect.InvocationTargetException
Caused by: java.lang.reflect.InvocationTargetException
Caused by: java.lang.RuntimeException: java.lang.reflect.InvocationTargetException
Caused by: java.lang.reflect.InvocationTargetException
Caused by: java.lang.RuntimeException: java.lang.reflect.InvocationTargetException
Caused by: java.lang.reflect.InvocationTargetException
Caused by: java.lang.RuntimeException: java.lang.reflect.InvocationTargetException
Caused by: java.lang.reflect.InvocationTargetException
Caused by: java.lang.RuntimeException: java.lang.reflect.InvocationTargetException
Caused by: java.lang.reflect.InvocationTargetException
Caused by: java.lang.RuntimeException: java.lang.reflect.InvocationTargetException
Caused by: java.lang.reflect.InvocationTargetException
Caused by: java.lang.RuntimeException: java.lang.reflect.InvocationTargetException
Caused by: java.lang.reflect.InvocationTargetException
Caused by: java.lang.RuntimeException: java.lang.reflect.InvocationTargetException
Caused by: java.lang.reflect.InvocationTargetException
Caused by: java.lang.RuntimeException: java.lang.reflect.InvocationTargetException
Caused by: java.lang.reflect.InvocationTargetException
Caused by: java.lang.RuntimeException: java.lang.reflect.InvocationTargetException
Caused by: java.lang.reflect.InvocationTargetException
Caused by: java.lang.RuntimeException: java.lang.reflect.InvocationTargetException
Caused by: java.lang.reflect.InvocationTargetException
Caused by: java.lang.RuntimeException: java.lang.reflect.InvocationTargetException
Caused by: java.lang.reflect.InvocationTargetException
Caused by: java.lang.RuntimeException: java.lang.reflect.InvocationTargetException
Caused by: java.lang.reflect.InvocationTargetException
Caused by: java.lang.RuntimeException: java.lang.reflect.InvocationTargetException
Caused by: java.lang.reflect.InvocationTargetException
Caused by: java.lang.RuntimeException: java.lang.reflect.InvocationTargetException
Caused by: java.lang.reflect.InvocationTargetException
Caused by: java.lang.RuntimeException: java.lang.reflect.InvocationTargetException
Caused by: java.lang.reflect.InvocationTargetException
Caused by: java.lang.RuntimeException: java.lang.reflect.InvocationTargetException
Caused by: java.lang.reflect.InvocationTargetException
Caused by: java.lang.RuntimeException: java.lang.reflect.InvocationTargetException
Caused by: java.lang.reflect.InvocationTargetException
Caused by: java.lang.RuntimeException: java.lang.reflect.InvocationTargetException
Caused by: java.lang.reflect.InvocationTargetException
Caused by: java.lang.RuntimeException: java.lang.reflect.InvocationTargetException
Caused by: java.lang.reflect.InvocationTargetException
Caused by: java.lang.RuntimeException: java.lang.reflect.InvocationTargetException
Caused by: java.lang.reflect.InvocationTargetException
Caused by: java.lang.RuntimeException: java.lang.reflect.InvocationTargetException
Caused by: java.lang.reflect.InvocationTargetException
Caused by: java.lang.RuntimeException: java.lang.reflect.InvocationTargetException
Caused by: java.lang.reflect.InvocationTargetException
Caused by: java.lang.RuntimeException: java.lang.reflect.InvocationTargetException
Caused by: java.lang.reflect.InvocationTargetException
Caused by: java.lang.RuntimeException: java.lang.reflect.InvocationTargetException
Caused by: java.lang.reflect.InvocationTargetException
Caused by: java.lang.RuntimeException: java.lang.reflect.InvocationTargetException
Caused by: java.lang.reflect.InvocationTargetException
Caused by: java.lang.RuntimeException: java.lang.reflect.InvocationTargetException
Caused by: java.lang.reflect.InvocationTargetException
Caused by: java.lang.RuntimeException: java.lang.reflect.InvocationTargetException
Caused by: java.lang.reflect.InvocationTargetException
Caused by: java.lang.RuntimeException: java.lang.reflect.InvocationTargetException
Caused by: java.lang.reflect.InvocationTargetException
Caused by: java.lang.RuntimeException: java.lang.reflect.InvocationTargetException
Caused by: java.lang.reflect.InvocationTargetException
Caused by: java.lang.RuntimeException: java.lang.reflect.InvocationTargetException
Caused by: java.lang.reflect.InvocationTargetException
Caused by: java.lang.RuntimeException: java.lang.reflect.InvocationTargetException
Caused by: java.lang.reflect.InvocationTargetException
Caused by: java.lang.RuntimeException: java.lang.reflect.InvocationTargetException
Caused by: java.lang.reflect.InvocationTargetException
Caused by: java.lang.RuntimeException: java.lang.reflect.InvocationTargetException
Caused by: java.lang.reflect.InvocationTargetException
Caused by: java.lang.RuntimeException: java.lang.reflect.InvocationTargetException
Caused by: java.lang.reflect.InvocationTargetException
Caused by: java.lang.RuntimeException: java.lang.reflect.InvocationTargetException
Caused by: java.lang.reflect.InvocationTargetException
Caused by: java.lang.RuntimeException: java.lang.reflect.InvocationTargetException
Caused by: java.lang.reflect.InvocationTargetException
Caused by: java.lang.RuntimeException: java.lang.reflect.InvocationTargetException
Caused by: java.lang.reflect.InvocationTargetException
Caused by: java.lang.RuntimeException: java.lang.reflect.InvocationTargetException
Caused by: java.lang.reflect.InvocationTargetException
Caused by: java.lang.RuntimeException: java.lang.reflect.InvocationTargetException
Caused by: java.lang.reflect.InvocationTargetException
Caused by: java.lang.RuntimeException: java.lang.reflect.InvocationTargetException
Caused by: java.lang.reflect.InvocationTargetException
Caused by: java.lang.RuntimeException: java.lang.reflect.InvocationTargetException
Caused by: java.lang.reflect.InvocationTargetException
Caused by: java.lang.RuntimeException: java.lang.reflect.InvocationTargetException
Caused by: java.lang.reflect.InvocationTargetException
Caused by: java.lang.RuntimeException: java.lang.reflect.InvocationTargetException
Caused by: java.lang.reflect.InvocationTargetException
Caused by: java.lang.RuntimeException: java.lang.reflect.InvocationTargetException
Caused by: java.lang.reflect.InvocationTargetException
Caused by: java.lang.RuntimeException: java.lang.reflect.InvocationTargetException
Caused by: java.lang.reflect.InvocationTargetException
Caused by: java.lang.RuntimeException: java.lang.reflect.InvocationTargetException
Caused by: java.lang.reflect.InvocationTargetException
Caused by: java.lang.RuntimeException: java.lang.reflect.InvocationTargetException
Caused by: java.lang.reflect.InvocationTargetException
Caused by: java.lang.RuntimeException: java.lang.reflect.InvocationTargetException
Caused by: java.lang.reflect.InvocationTargetException
Caused by: java.lang.RuntimeException: java.lang.reflect.InvocationTargetException
Caused by: java.lang.reflect.InvocationTargetException
Caused by: java.lang.RuntimeException: java.lang.reflect.InvocationTargetException
Caused by: java.lang.reflect.InvocationTargetException
Caused by: java.lang.RuntimeException: java.lang.reflect.InvocationTargetException
Caused by: java.lang.reflect.InvocationTargetException
Caused by: java.lang.RuntimeException: java.lang.reflect.InvocationTargetException
Caused by: java.lang.reflect.InvocationTargetException
Caused by: java.lang.RuntimeException: java.lang.reflect.InvocationTargetException
Caused by: java.lang.reflect.InvocationTargetException
Caused by: java.lang.RuntimeException: java.lang.reflect.InvocationTargetException
Caused by: java.lang.reflect.InvocationTargetException
Caused by: java.lang.RuntimeException: java.lang.reflect.InvocationTargetException
Caused by: java.lang.reflect.InvocationTargetException
Caused by: java.lang.RuntimeException: java.lang.reflect.InvocationTargetException
Caused by: java.lang.reflect.InvocationTargetException
Caused by: java.lang.RuntimeException: java.lang.reflect.InvocationTargetException
Caused by: java.lang.reflect.InvocationTargetException
Caused by: java.lang.RuntimeException: java.lang.reflect.InvocationTargetException
Caused by: java.lang.reflect.InvocationTargetException
Caused by: java.lang.RuntimeException: java.lang.reflect.InvocationTargetException
Caused by: java.lang.reflect.InvocationTargetException
Caused by: java.lang.RuntimeException: java.lang.reflect.InvocationTargetException
Caused by: java.lang.reflect.InvocationTargetException
Caused by: java.lang.RuntimeException: java.lang.reflect.InvocationTargetException
Caused by: java.lang.reflect.InvocationTargetException
Caused by: java.lang.RuntimeException: java.lang.reflect.InvocationTargetException
Caused by: java.lang.reflect.InvocationTargetException
Caused by: java.lang.RuntimeException: java.lang.reflect.InvocationTargetException
Caused by: java.lang.reflect.InvocationTargetException
Caused by: java.lang.RuntimeException: java.lang.reflect.InvocationTargetException
Caused by: java.lang.reflect.InvocationTargetException
Caused by: java.lang.RuntimeException: java.lang.reflect.InvocationTargetException
Caused by: java.lang.reflect.InvocationTargetException
Caused by: java.lang.RuntimeException: java.lang.reflect.InvocationTargetException
Caused by: java.lang.reflect.InvocationTargetException
Caused by: java.lang.RuntimeException: java.lang.reflect.InvocationTargetException
Caused by: java.lang.reflect.InvocationTargetException
Caused by: java.lang.RuntimeException: java.lang.reflect.InvocationTargetException
Caused by: java.lang.reflect.InvocationTargetException
Caused by: java.lang.RuntimeException: java.lang.reflect.InvocationTargetException
Caused by: java.lang.reflect.InvocationTargetException
Caused by: java.lang.RuntimeException: java.lang.reflect.InvocationTargetException
Caused by: java.lang.reflect.InvocationTargetException
Caused by: java.lang.RuntimeException: java.lang.reflect.InvocationTargetException
Caused by: java.lang.reflect.InvocationTargetException
Caused by: java.lang.RuntimeException: java.lang.reflect.InvocationTargetException
Caused by: java.lang.reflect.InvocationTargetException
Caused by: java.lang.RuntimeException: java.lang.reflect.InvocationTargetException
Caused by: java.lang.reflect.InvocationTargetException
Caused by: java.lang.RuntimeException: java.lang.reflect.InvocationTargetException
Caused by: java.lang.reflect.InvocationTargetException
Caused by: java.lang.RuntimeException: java.lang.reflect.InvocationTargetException
Caused by: java.lang.reflect.InvocationTargetException
Caused by: java.lang.RuntimeException: java.lang.reflect.InvocationTargetException
Caused by: java.lang.reflect.InvocationTargetException
Caused by: java.lang.RuntimeException: java.lang.reflect.InvocationTargetException
Caused by: java.lang.reflect.InvocationTargetException
Caused by: java.lang.RuntimeException: java.lang.reflect.InvocationTargetException
Caused by: java.lang.reflect.InvocationTargetException
Caused by: java.lang.RuntimeException: java.lang.reflect.InvocationTargetException
Caused by: java.lang.reflect.InvocationTargetException
Caused by: java.lang.RuntimeException: java.lang.reflect.InvocationTargetException
Caused by: java.lang.reflect.InvocationTargetException
Caused by: java.lang.RuntimeException: java.lang.reflect.InvocationTargetException
Caused by: java.lang.reflect.InvocationTargetException
Caused by: java.lang.RuntimeException: java.lang.reflect.InvocationTargetException
Caused by: java.lang.reflect.InvocationTargetException
Caused by: java.lang.RuntimeException: java.lang.reflect.InvocationTargetException
Caused by: java.lang.reflect.InvocationTargetException
Caused by: java.lang.RuntimeException: java.lang.reflect.InvocationTargetException
Caused by: java.lang.reflect.InvocationTargetException
Caused by: java.lang.RuntimeException: java.lang.reflect.InvocationTargetException
Caused by: java.lang.reflect.InvocationTargetException
Caused by: java.lang.RuntimeException: java.lang.reflect.InvocationTargetException
Caused by: java.lang.reflect.InvocationTargetException
Caused by: java.lang.RuntimeException: java.lang.reflect.InvocationTargetException
Caused by: java.lang.reflect.InvocationTargetException
Caused by: java.lang.RuntimeException: java.lang.reflect.InvocationTargetException
Caused by: java.lang.reflect.InvocationTargetException
Caused by: java.lang.RuntimeException: java.lang.reflect.InvocationTargetException
Caused by: java.lang.reflect.InvocationTargetException
Caused by: java.lang.RuntimeException: java.lang.reflect.InvocationTargetException
Caused by: java.lang.reflect.InvocationTargetException
Caused by: java.lang.RuntimeException: java.lang.reflect.InvocationTargetException
Caused by: java.lang.reflect.InvocationTargetException
Caused by: java.lang.RuntimeException: java.lang.reflect.InvocationTargetException
Caused by: java.lang.reflect.InvocationTargetException
Caused by: java.lang.RuntimeException: java.lang.reflect.InvocationTargetException
Caused by: java.lang.reflect.InvocationTargetException
Caused by: java.lang.RuntimeException: java.lang.reflect.InvocationTargetException
Caused by: java.lang.reflect.InvocationTargetException
Caused by: java.lang.RuntimeException: java.lang.reflect.InvocationTargetException
Caused by: java.lang.reflect.InvocationTargetException
Caused by: java.lang.RuntimeException: java.lang.reflect.InvocationTargetException
Caused by: java.lang.reflect.InvocationTargetException
Caused by: java.lang.RuntimeException: java.lang.reflect.InvocationTargetException
Caused by: java.lang.reflect.InvocationTargetException
Caused by: java.lang.RuntimeException: java.lang.reflect.InvocationTargetException
Caused by: java.lang.reflect.InvocationTargetException
Caused by: java.lang.RuntimeException: java.lang.reflect.InvocationTargetException
Caused by: java.lang.reflect.InvocationTargetException
Caused by: java.lang.RuntimeException: java.lang.reflect.InvocationTargetException
Caused by: java.lang.reflect.InvocationTargetException
Caused by: java.lang.RuntimeException: java.lang.reflect.InvocationTargetException
Caused by: java.lang.reflect.InvocationTargetException
Caused by: java.lang.RuntimeException: java.lang.reflect.InvocationTargetException
Caused by: java.lang.reflect.InvocationTargetException
Caused by: java.lang.RuntimeException: java.lang.reflect.InvocationTargetException
Caused by: java.lang.reflect.InvocationTargetException
Caused by: java.lang.RuntimeException: java.lang.reflect.InvocationTargetException
Caused by: java.lang.reflect.InvocationTargetException
Caused by: java.lang.RuntimeException: java.lang.reflect.InvocationTargetException
Caused by: java.lang.reflect.InvocationTargetException
Caused by: java.lang.RuntimeException: java.lang.reflect.InvocationTargetException
Caused by: java.lang.reflect.InvocationTargetException
Caused by: java.lang.RuntimeException: java.lang.reflect.InvocationTargetException
Caused by: java.lang.reflect.InvocationTargetException
Caused by: java.lang.RuntimeException: java.lang.reflect.InvocationTargetException
Caused by: java.lang.reflect.InvocationTargetException
Caused by: java.lang.RuntimeException: java.lang.reflect.InvocationTargetException
Caused by: java.lang.reflect.InvocationTargetException
Caused by: java.lang.RuntimeException: java.lang.reflect.InvocationTargetException
Caused by: java.lang.reflect.InvocationTargetException
Caused by: java.lang.RuntimeException: java.lang.reflect.InvocationTargetException
Caused by: java.lang.reflect.InvocationTargetException
Caused by: java.lang.RuntimeException: java.lang.reflect.InvocationTargetException
Caused by: java.lang.reflect.InvocationTargetException
Caused by: java.lang.RuntimeException: java.lang.reflect.InvocationTargetException
Caused by: java.lang.reflect.InvocationTargetException
Caused by: java.lang.RuntimeException: java.lang.reflect.InvocationTargetException
Caused by: java.lang.reflect.InvocationTargetException
Caused by: java.lang.RuntimeException: java.lang.reflect.InvocationTargetException
Caused by: java.lang.reflect.InvocationTargetException
Caused by: java.lang.RuntimeException: java.lang.reflect.InvocationTargetException
Caused by: java.lang.reflect.InvocationTargetException
Caused by: java.lang.RuntimeException: java.lang.reflect.InvocationTargetException
Caused by: java.lang.reflect.InvocationTargetException
Caused by: java.lang.RuntimeException: java.lang.reflect.InvocationTargetException
Caused by: java.lang.reflect.InvocationTargetException
Caused by: java.lang.RuntimeException: java.lang.reflect.InvocationTargetException
Caused by: java.lang.reflect.InvocationTargetException
Caused by: java.lang.RuntimeException: java.lang.reflect.InvocationTargetException
Caused by: java.lang.reflect.InvocationTargetException
Caused by: java.lang.RuntimeException: java.lang.reflect.InvocationTargetException
Caused by: java.lang.reflect.InvocationTargetException
Caused by: java.lang.RuntimeException: java.lang.reflect.InvocationTargetException
Caused by: java.lang.reflect.InvocationTargetException
Caused by: java.lang.RuntimeException: java.lang.reflect.InvocationTargetException
Caused by: java.lang.reflect.InvocationTargetException
Caused by: java.lang.RuntimeException: java.lang.reflect.InvocationTargetException
Caused by: java.lang.reflect.InvocationTargetException
Caused by: java.lang.RuntimeException: java.lang.reflect.InvocationTargetException
Caused by: java.lang.reflect.InvocationTargetException
Caused by: java.lang.RuntimeException: java.lang.reflect.InvocationTargetException
Caused by: java.lang.reflect.InvocationTargetException
Caused by: java.lang.RuntimeException: java.lang.reflect.InvocationTargetException
Caused by: java.lang.reflect.InvocationTargetException
Caused by: java.lang.RuntimeException: java.lang.reflect.InvocationTargetException
Caused by: java.lang.reflect.InvocationTargetException
Caused by: java.lang.RuntimeException: java.lang.reflect.InvocationTargetException
Caused by: java.lang.reflect.InvocationTargetException
Caused by: java.lang.RuntimeException: java.lang.reflect.InvocationTargetException
Caused by: java.lang.reflect.InvocationTargetException
Caused by: java.lang.RuntimeException: java.lang.reflect.InvocationTargetException
Caused by: java.lang.reflect.InvocationTargetException
Caused by: java.lang.RuntimeException: java.lang.reflect.InvocationTargetException
Caused by: java.lang.reflect.InvocationTargetException
Caused by: java.lang.RuntimeException: java.lang.reflect.InvocationTargetException
Caused by: java.lang.reflect.InvocationTargetException
Caused by: java.lang.RuntimeException: java.lang.reflect.InvocationTargetException
Caused by: java.lang.reflect.InvocationTargetException
Caused by: java.lang.RuntimeException: java.lang.reflect.InvocationTargetException
Caused by: java.lang.reflect.InvocationTargetException
Caused by: java.lang.RuntimeException: java.lang.reflect.InvocationTargetException
Caused by: java.lang.reflect.InvocationTargetException
Caused by: java.lang.RuntimeException: java.lang.reflect.InvocationTargetException
Caused by: java.lang.reflect.InvocationTargetException
Caused by: java.lang.RuntimeException: java.lang.reflect.InvocationTargetException
Caused by: java.lang.reflect.InvocationTargetException
Caused by: java.lang.RuntimeException: java.lang.reflect.InvocationTargetException
Caused by: java.lang.reflect.InvocationTargetException
Caused by: java.lang.RuntimeException: java.lang.reflect.InvocationTargetException
Caused by: java.lang.reflect.InvocationTargetException
Caused by: java.lang.RuntimeException: java.lang.reflect.InvocationTargetException
Caused by: java.lang.reflect.InvocationTargetException
Caused by: java.lang.RuntimeException: java.lang.reflect.InvocationTargetException
Caused by: java.lang.reflect.InvocationTargetException
Caused by: java.lang.RuntimeException: java.lang.reflect.InvocationTargetException
Caused by: java.lang.reflect.InvocationTargetException
Caused by: java.lang.RuntimeException: java.lang.reflect.InvocationTargetException
Caused by: java.lang.reflect.InvocationTargetException
Caused by: java.lang.RuntimeException: java.lang.reflect.InvocationTargetException
Caused by: java.lang.reflect.InvocationTargetException
Caused by: java.lang.RuntimeException: java.lang.reflect.InvocationTargetException
Caused by: java.lang.reflect.InvocationTargetException
Caused by: java.lang.RuntimeException: java.lang.reflect.InvocationTargetException
Caused by: java.lang.reflect.InvocationTargetException
Caused by: java.lang.RuntimeException: java.lang.reflect.InvocationTargetException
Caused by: java.lang.reflect.InvocationTargetException
Caused by: java.lang.RuntimeException: java.lang.reflect.InvocationTargetException
Caused by: java.lang.reflect.InvocationTargetException
Caused by: java.lang.RuntimeException: java.lang.reflect.InvocationTargetException
Caused by: java.lang.reflect.InvocationTargetException
Caused by: java.lang.RuntimeException: java.lang.reflect.InvocationTargetException
Caused by: java.lang.reflect.InvocationTargetException
Caused by: java.lang.RuntimeException: java.lang.reflect.InvocationTargetException
Caused by: java.lang.reflect.InvocationTargetException
Caused by: java.lang.RuntimeException: java.lang.reflect.InvocationTargetException
Caused by: java.lang.reflect.InvocationTargetException
Caused by: java.lang.RuntimeException: java.lang.reflect.InvocationTargetException
Caused by: java.lang.reflect.InvocationTargetException
Caused by: java.lang.RuntimeException: java.lang.reflect.InvocationTargetException
Caused by: java.lang.reflect.InvocationTargetException
Caused by: java.lang.RuntimeException: java.lang.reflect.InvocationTargetException
Caused by: java.lang.reflect.InvocationTargetException
Caused by: java.lang.RuntimeException: java.lang.reflect.InvocationTargetException
Caused by: java.lang.reflect.InvocationTargetException
Caused by: java.lang.RuntimeException: java.lang.reflect.InvocationTargetException
Caused by: java.lang.reflect.InvocationTargetException
Caused by: java.lang.RuntimeException: java.lang.reflect.InvocationTargetException
Caused by: java.lang.reflect.InvocationTargetException
Caused by: java.lang.RuntimeException: java.lang.reflect.InvocationTargetException
Caused by: java.lang.reflect.InvocationTargetException
Caused by: java.lang.RuntimeException: java.lang.reflect.InvocationTargetException
Caused by: java.lang.reflect.InvocationTargetException
Caused by: java.lang.RuntimeException: java.lang.reflect.InvocationTargetException
Caused by: java.lang.reflect.InvocationTargetException
Caused by: java.lang.RuntimeException: java.lang.reflect.InvocationTargetException
Caused by: java.lang.reflect.InvocationTargetException
Caused by: java.lang.RuntimeException: java.lang.reflect.InvocationTargetException
Caused by: java.lang.reflect.InvocationTargetException
Caused by: java.lang.RuntimeException: java.lang.reflect.InvocationTargetException
Caused by: java.lang.reflect.InvocationTargetException
Caused by: java.lang.RuntimeException: java.lang.reflect.InvocationTargetException
Caused by: java.lang.reflect.InvocationTargetException
Caused by: java.lang.RuntimeException: java.lang.reflect.InvocationTargetException
Caused by: java.lang.reflect.InvocationTargetException
Caused by: java.lang.RuntimeException: java.lang.reflect.InvocationTargetException
Caused by: java.lang.reflect.InvocationTargetException
Caused by: java.lang.RuntimeException: java.lang.reflect.InvocationTargetException
Caused by: java.lang.reflect.InvocationTargetException
Caused by: java.lang.RuntimeException: java.lang.reflect.InvocationTargetException
Caused by: java.lang.reflect.InvocationTargetException
Caused by: java.lang.RuntimeException: java.lang.reflect.InvocationTargetException
Caused by: java.lang.reflect.InvocationTargetException
Caused by: java.lang.RuntimeException: java.lang.reflect.InvocationTargetException
Caused by: java.lang.reflect.InvocationTargetException
Caused by: java.lang.RuntimeException: java.lang.reflect.InvocationTargetException
Caused by: java.lang.reflect.InvocationTargetException
Caused by: java.lang.RuntimeException: java.lang.reflect.InvocationTargetException
Caused by: java.lang.reflect.InvocationTargetException
Caused by: java.lang.RuntimeException: java.lang.reflect.InvocationTargetException
Caused by: java.lang.reflect.InvocationTargetException
Caused by: java.lang.RuntimeException: java.lang.reflect.InvocationTargetException
Caused by: java.lang.reflect.InvocationTargetException
Caused by: java.lang.RuntimeException: java.lang.reflect.InvocationTargetException
Caused by: java.lang.reflect.InvocationTargetException
Caused by: java.lang.RuntimeException: java.lang.reflect.InvocationTargetException
Caused by: java.lang.reflect.InvocationTargetException
Caused by: java.lang.RuntimeException: java.lang.reflect.InvocationTargetException
Caused by: java.lang.reflect.InvocationTargetException
Caused by: java.lang.RuntimeException: java.lang.reflect.InvocationTargetException
Caused by: java.lang.reflect.InvocationTargetException
Caused by: java.lang.RuntimeException: java.lang.reflect.InvocationTargetException
Caused by: java.lang.reflect.InvocationTargetException
Caused by: java.lang.RuntimeException: java.lang.reflect.InvocationTargetException
Caused by: java.lang.reflect.InvocationTargetException
Caused by: java.lang.RuntimeException: java.lang.reflect.InvocationTargetException
Caused by: java.lang.reflect.InvocationTargetException
Caused by: java.lang.RuntimeException: java.lang.reflect.InvocationTargetException
Caused by: java.lang.reflect.InvocationTargetException
Caused by: java.lang.RuntimeException: java.lang.reflect.InvocationTargetException
Caused by: java.lang.reflect.InvocationTargetException
Caused by: java.lang.RuntimeException: java.lang.reflect.InvocationTargetException
Caused by: java.lang.reflect.InvocationTargetException
Caused by: java.lang.RuntimeException: java.lang.reflect.InvocationTargetException
Caused by: java.lang.reflect.InvocationTargetException
Caused by: java.lang.RuntimeException: java.lang.reflect.InvocationTargetException
Caused by: java.lang.reflect.InvocationTargetException
Caused by: java.lang.RuntimeException: java.lang.reflect.InvocationTargetException
Caused by: java.lang.reflect.InvocationTargetException
Caused by: java.lang.RuntimeException: java.lang.reflect.InvocationTargetException
Caused by: java.lang.reflect.InvocationTargetException
Caused by: java.lang.RuntimeException: java.lang.reflect.InvocationTargetException
Caused by: java.lang.reflect.InvocationTargetException
Caused by: java.lang.RuntimeException: java.lang.reflect.InvocationTargetException
Caused by: java.lang.reflect.InvocationTargetException
Caused by: java.lang.RuntimeException: java.lang.reflect.InvocationTargetException
Caused by: java.lang.reflect.InvocationTargetException
Caused by: java.lang.RuntimeException: java.lang.reflect.InvocationTargetException
Caused by: java.lang.reflect.InvocationTargetException
Caused by: java.lang.RuntimeException: java.lang.reflect.InvocationTargetException
Caused by: java.lang.reflect.InvocationTargetException
Caused by: java.lang.RuntimeException: java.lang.reflect.InvocationTargetException
Caused by: java.lang.reflect.InvocationTargetException
Caused by: java.lang.RuntimeException: java.lang.reflect.InvocationTargetException
Caused by: java.lang.reflect.InvocationTargetException
Caused by: java.lang.RuntimeException: java.lang.reflect.InvocationTargetException
Caused by: java.lang.reflect.InvocationTargetException
Caused by: java.lang.RuntimeException: java.lang.reflect.InvocationTargetException
Caused by: java.lang.reflect.InvocationTargetException
Caused by: java.lang.RuntimeException: java.lang.reflect.InvocationTargetException
Caused by: java.lang.reflect.InvocationTargetException
Caused by: java.lang.RuntimeException: java.lang.reflect.InvocationTargetException
Caused by: java.lang.reflect.InvocationTargetException
Caused by: java.lang.RuntimeException: java.lang.reflect.InvocationTargetException
Caused by: java.lang.reflect.InvocationTargetException
Caused by: java.lang.RuntimeException: java.lang.reflect.InvocationTargetException
Caused by: java.lang.reflect.InvocationTargetException
Caused by: java.lang.RuntimeException: java.lang.reflect.InvocationTargetException
Caused by: java.lang.reflect.InvocationTargetException
Caused by: java.lang.RuntimeException: java.lang.reflect.InvocationTargetException
Caused by: java.lang.reflect.InvocationTargetException
Caused by: java.lang.RuntimeException: java.lang.reflect.InvocationTargetException
Caused by: java.lang.reflect.InvocationTargetException
Caused by: java.lang.RuntimeException: java.lang.reflect.InvocationTargetException
Caused by: java.lang.reflect.InvocationTargetException
Caused by: java.lang.RuntimeException: java.lang.reflect.InvocationTargetException
Caused by: java.lang.reflect.InvocationTargetException
Caused by: java.lang.RuntimeException: java.lang.reflect.InvocationTargetException
Caused by: java.lang.reflect.InvocationTargetException
Caused by: java.lang.RuntimeException: java.lang.reflect.InvocationTargetException
Caused by: java.lang.reflect.InvocationTargetException
Caused by: java.lang.RuntimeException: java.lang.reflect.InvocationTargetException
Caused by: java.lang.reflect.InvocationTargetException
Caused by: java.lang.RuntimeException: java.lang.reflect.InvocationTargetException
Caused by: java.lang.reflect.InvocationTargetException
Caused by: java.lang.RuntimeException: java.lang.reflect.InvocationTargetException
Caused by: java.lang.reflect.InvocationTargetException
Caused by: java.lang.RuntimeException: java.lang.reflect.InvocationTargetException
Caused by: java.lang.reflect.InvocationTargetException
Caused by: java.lang.RuntimeException: java.lang.reflect.InvocationTargetException
Caused by: java.lang.reflect.InvocationTargetException
Caused by: java.lang.RuntimeException: java.lang.reflect.InvocationTargetException
Caused by: java.lang.reflect.InvocationTargetException
Caused by: java.lang.RuntimeException: java.lang.reflect.InvocationTargetException
Caused by: java.lang.reflect.InvocationTargetException
Caused by: java.lang.RuntimeException: java.lang.reflect.InvocationTargetException
Caused by: java.lang.reflect.InvocationTargetException
Caused by: java.lang.RuntimeException: java.lang.reflect.InvocationTargetException
Caused by: java.lang.reflect.InvocationTargetException
Caused by: java.lang.RuntimeException: java.lang.reflect.InvocationTargetException
Caused by: java.lang.reflect.InvocationTargetException
Caused by: java.lang.RuntimeException: java.lang.reflect.InvocationTargetException
Caused by: java.lang.reflect.InvocationTargetException
Caused by: java.lang.RuntimeException: java.lang.reflect.InvocationTargetException
Caused by: java.lang.reflect.InvocationTargetException
Caused by: java.lang.RuntimeException: java.lang.reflect.InvocationTargetException
Caused by: java.lang.reflect.InvocationTargetException
Caused by: java.lang.RuntimeException: java.lang.reflect.InvocationTargetException
Caused by: java.lang.reflect.InvocationTargetException
Caused by: java.lang.RuntimeException: java.lang.reflect.InvocationTargetException
Caused by: java.lang.reflect.InvocationTargetException
Caused by: java.lang.RuntimeException: java.lang.reflect.InvocationTargetException
Caused by: java.lang.reflect.InvocationTargetException
Caused by: java.lang.RuntimeException: java.lang.reflect.InvocationTargetException
Caused by: java.lang.reflect.InvocationTargetException
Caused by: java.lang.RuntimeException: java.lang.reflect.InvocationTargetException
Caused by: java.lang.reflect.InvocationTargetException
Caused by: java.lang.RuntimeException: java.lang.reflect.InvocationTargetException
Caused by: java.lang.reflect.InvocationTargetException
Caused by: java.lang.RuntimeException: java.lang.reflect.InvocationTargetException
Caused by: java.lang.reflect.InvocationTargetException
Caused by: java.lang.RuntimeException: java.lang.reflect.InvocationTargetException
Caused by: java.lang.reflect.InvocationTargetException
Caused by: java.lang.RuntimeException: java.lang.reflect.InvocationTargetException
Caused by: java.lang.reflect.InvocationTargetException
Caused by: java.lang.RuntimeException: java.lang.reflect.InvocationTargetException
Caused by: java.lang.reflect.InvocationTargetException
Caused by: java.lang.RuntimeException: java.lang.reflect.InvocationTargetException
Caused by: java.lang.reflect.InvocationTargetException
Caused by: java.lang.RuntimeException: java.lang.reflect.InvocationTargetException
Caused by: java.lang.reflect.InvocationTargetException
Caused by: java.lang.RuntimeException: java.lang.reflect.InvocationTargetException
Caused by: java.lang.reflect.InvocationTargetException
Caused by: java.lang.RuntimeException: java.lang.reflect.InvocationTargetException
Caused by: java.lang.reflect.InvocationTargetException
Caused by: java.lang.RuntimeException: java.lang.reflect.InvocationTargetException
Caused by: java.lang.reflect.InvocationTargetException
Caused by: java.lang.RuntimeException: java.lang.reflect.InvocationTargetException
Caused by: java.lang.reflect.InvocationTargetException
Caused by: java.lang.RuntimeException: java.lang.reflect.InvocationTargetException
Caused by: java.lang.reflect.InvocationTargetException
Caused by: java.lang.RuntimeException: java.lang.reflect.InvocationTargetException
Caused by: java.lang.reflect.InvocationTargetException
Caused by: java.lang.RuntimeException: java.lang.reflect.InvocationTargetException
Caused by: java.lang.reflect.InvocationTargetException
Caused by: java.lang.RuntimeException: java.lang.reflect.InvocationTargetException
Caused by: java.lang.reflect.InvocationTargetException
Caused by: java.lang.RuntimeException: java.lang.reflect.InvocationTargetException
Caused by: java.lang.reflect.InvocationTargetException
Caused by: java.lang.RuntimeException: java.lang.reflect.InvocationTargetException
Caused by: java.lang.reflect.InvocationTargetException
Caused by: java.lang.RuntimeException: java.lang.reflect.InvocationTargetException
Caused by: java.lang.reflect.InvocationTargetException
Caused by: java.lang.RuntimeException: java.lang.reflect.InvocationTargetException
Caused by: java.lang.reflect.InvocationTargetException
Caused by: java.lang.RuntimeException: java.lang.reflect.InvocationTargetException
Caused by: java.lang.reflect.InvocationTargetException
Caused by: java.lang.RuntimeException: java.lang.reflect.InvocationTargetException
Caused by: java.lang.reflect.InvocationTargetException
Caused by: java.lang.RuntimeException: java.lang.reflect.InvocationTargetException
Caused by: java.lang.reflect.InvocationTargetException
Caused by: java.lang.RuntimeException: java.lang.reflect.InvocationTargetException
Caused by: java.lang.reflect.InvocationTargetException
Caused by: java.lang.RuntimeException: java.lang.reflect.InvocationTargetException
Caused by: java.lang.reflect.InvocationTargetException
Caused by: java.lang.RuntimeException: java.lang.reflect.InvocationTargetException
Caused by: java.lang.reflect.InvocationTargetException
Caused by: java.lang.RuntimeException: java.lang.reflect.InvocationTargetException
Caused by: java.lang.reflect.InvocationTargetException
Caused by: java.lang.RuntimeException: java.lang.reflect.InvocationTargetException
Caused by: java.lang.reflect.InvocationTargetException
Caused by: java.lang.RuntimeException: java.lang.reflect.InvocationTargetException
Caused by: java.lang.reflect.InvocationTargetException
Caused by: java.lang.RuntimeException: java.lang.reflect.InvocationTargetException
Caused by: java.lang.reflect.InvocationTargetException
Caused by: java.lang.RuntimeException: java.lang.reflect.InvocationTargetException
Caused by: java.lang.reflect.InvocationTargetException
Caused by: java.lang.RuntimeException: java.lang.reflect.InvocationTargetException
Caused by: java.lang.reflect.InvocationTargetException
Caused by: java.lang.RuntimeException: java.lang.reflect.InvocationTargetException
Caused by: java.lang.reflect.InvocationTargetException
Caused by: java.lang.RuntimeException: java.lang.reflect.InvocationTargetException
Caused by: java.lang.reflect.InvocationTargetException
Caused by: java.lang.RuntimeException: java.lang.reflect.InvocationTargetException
Caused by: java.lang.reflect.InvocationTargetException
Caused by: java.lang.RuntimeException: java.lang.reflect.InvocationTargetException
Caused by: java.lang.reflect.InvocationTargetException
Caused by: java.lang.RuntimeException: java.lang.reflect.InvocationTargetException
Caused by: java.lang.reflect.InvocationTargetException
Caused by: java.lang.RuntimeException: java.lang.reflect.InvocationTargetException
Caused by: java.lang.reflect.InvocationTargetException
Caused by: java.lang.RuntimeException: java.lang.reflect.InvocationTargetException
Caused by: java.lang.reflect.InvocationTargetException
Caused by: java.lang.RuntimeException: java.lang.reflect.InvocationTargetException
Caused by: java.lang.reflect.InvocationTargetException
Caused by: java.lang.RuntimeException: java.lang.reflect.InvocationTargetException
Caused by: java.lang.reflect.InvocationTargetException
Caused by: java.lang.RuntimeException: java.lang.reflect.InvocationTargetException
Caused by: java.lang.reflect.InvocationTargetException
Caused by: java.lang.RuntimeException: java.lang.reflect.InvocationTargetException
Caused by: java.lang.reflect.InvocationTargetException
Caused by: java.lang.RuntimeException: java.lang.reflect.InvocationTargetException
Caused by: java.lang.reflect.InvocationTargetException
Caused by: java.lang.RuntimeException: java.lang.reflect.InvocationTargetException
Caused by: java.lang.reflect.InvocationTargetException
Caused by: java.lang.RuntimeException: java.lang.reflect.InvocationTargetException
Caused by: java.lang.reflect.InvocationTargetException
Caused by: java.lang.RuntimeException: java.lang.reflect.InvocationTargetException
Caused by: java.lang.reflect.InvocationTargetException
Caused by: java.lang.RuntimeException: java.lang.reflect.InvocationTargetException
Caused by: java.lang.reflect.InvocationTargetException
Caused by: java.lang.RuntimeException: java.lang.reflect.InvocationTargetException
Caused by: java.lang.reflect.InvocationTargetException
Caused by: java.lang.RuntimeException: java.lang.reflect.InvocationTargetException
Caused by: java.lang.reflect.InvocationTargetException
Caused by: java.lang.RuntimeException: java.lang.reflect.InvocationTargetException
Caused by: java.lang.reflect.InvocationTargetException
Caused by: java.lang.RuntimeException: java.lang.reflect.InvocationTargetException
Caused by: java.lang.reflect.InvocationTargetException
Caused by: java.lang.RuntimeException: java.lang.reflect.InvocationTargetException
Caused by: java.lang.reflect.InvocationTargetException
Caused by: java.lang.RuntimeException: java.lang.reflect.InvocationTargetException
Caused by: java.lang.reflect.InvocationTargetException
Caused by: java.lang.RuntimeException: java.lang.reflect.InvocationTargetException
Caused by: java.lang.reflect.InvocationTargetException
Caused by: java.lang.RuntimeException: java.lang.reflect.InvocationTargetException
Caused by: java.lang.reflect.InvocationTargetException
Caused by: java.lang.RuntimeException: java.lang.reflect.InvocationTargetException
Caused by: java.lang.reflect.InvocationTargetException
Caused by: java.lang.RuntimeException: java.lang.reflect.InvocationTargetException
Caused by: java.lang.reflect.InvocationTargetException
Caused by: java.lang.RuntimeException: java.lang.reflect.InvocationTargetException
Caused by: java.lang.reflect.InvocationTargetException
Caused by: java.lang.RuntimeException: java.lang.reflect.InvocationTargetException
Caused by: java.lang.reflect.InvocationTargetException
Caused by: java.lang.RuntimeException: java.lang.reflect.InvocationTargetException
Caused by: java.lang.reflect.InvocationTargetException
Caused by: java.lang.RuntimeException: java.lang.reflect.InvocationTargetException
Caused by: java.lang.reflect.InvocationTargetException
Caused by: java.lang.RuntimeException: java.lang.reflect.InvocationTargetException
Caused by: java.lang.reflect.InvocationTargetException
Caused by: java.lang.RuntimeException: java.lang.reflect.InvocationTargetException
Caused by: java.lang.reflect.InvocationTargetException
Caused by: java.lang.RuntimeException: java.lang.reflect.InvocationTargetException
Caused by: java.lang.reflect.InvocationTargetException
Caused by: java.lang.RuntimeException: java.lang.reflect.InvocationTargetException
Caused by: java.lang.reflect.InvocationTargetException
Caused by: java.lang.RuntimeException: java.lang.reflect.InvocationTargetException
Caused by: java.lang.reflect.InvocationTargetException
Caused by: java.lang.RuntimeException: java.lang.reflect.InvocationTargetException
Caused by: java.lang.reflect.InvocationTargetException
Caused by: java.lang.RuntimeException: java.lang.reflect.InvocationTargetException
Caused by: java.lang.reflect.InvocationTargetException
Caused by: java.lang.RuntimeException: java.lang.reflect.InvocationTargetException
Caused by: java.lang.reflect.InvocationTargetException
Caused by: java.lang.RuntimeException: java.lang.reflect.InvocationTargetException
Caused by: java.lang.reflect.InvocationTargetException
Caused by: java.lang.RuntimeException: java.lang.reflect.InvocationTargetException
Caused by: java.lang.reflect.InvocationTargetException
Caused by: java.lang.RuntimeException: java.lang.reflect.InvocationTargetException
Caused by: java.lang.reflect.InvocationTargetException
Caused by: java.lang.RuntimeException: java.lang.reflect.InvocationTargetException
Caused by: java.lang.reflect.InvocationTargetException
Caused by: java.lang.RuntimeException: java.lang.reflect.InvocationTargetException
Caused by: java.lang.reflect.InvocationTargetException
Caused by: java.lang.RuntimeException: java.lang.reflect.InvocationTargetException
Caused by: java.lang.reflect.InvocationTargetException
Caused by: java.lang.RuntimeException: java.lang.reflect.InvocationTargetException
Caused by: java.lang.reflect.InvocationTargetException
Caused by: java.lang.RuntimeException: java.lang.reflect.InvocationTargetException
Caused by: java.lang.reflect.InvocationTargetException
Caused by: java.lang.RuntimeException: java.lang.reflect.InvocationTargetException
Caused by: java.lang.reflect.InvocationTargetException
Caused by: java.lang.RuntimeException: java.lang.reflect.InvocationTargetException
Caused by: java.lang.reflect.InvocationTargetException
Caused by: java.lang.RuntimeException: java.lang.reflect.InvocationTargetException
Caused by: java.lang.reflect.InvocationTargetException
Caused by: java.lang.RuntimeException: java.lang.reflect.InvocationTargetException
Caused by: java.lang.reflect.InvocationTargetException
Caused by: java.lang.RuntimeException: java.lang.reflect.InvocationTargetException
Caused by: java.lang.reflect.InvocationTargetException
Caused by: java.lang.RuntimeException: java.lang.reflect.InvocationTargetException
Caused by: java.lang.reflect.InvocationTargetException
Caused by: java.lang.StackOverflowError
</error>
  </testcase>
  <testcase name="Scenario: Verify caretypes mentioned in requirements are displaying in Learn about section and verify each links on HomePage" classname="Scenario: Verify caretypes mentioned in requirements are displaying in Learn about section and verify each links on HomePage" time="19.505">
    <error message="java.lang.reflect.InvocationTargetException" type="java.lang.RuntimeException">java.lang.RuntimeException: java.lang.reflect.InvocationTargetException
Caused by: java.lang.reflect.InvocationTargetException
Caused by: java.lang.RuntimeException: java.lang.reflect.InvocationTargetException
Caused by: java.lang.reflect.InvocationTargetException
Caused by: java.lang.RuntimeException: java.lang.reflect.InvocationTargetException
Caused by: java.lang.reflect.InvocationTargetException
Caused by: java.lang.RuntimeException: java.lang.reflect.InvocationTargetException
Caused by: java.lang.reflect.InvocationTargetException
Caused by: java.lang.RuntimeException: java.lang.reflect.InvocationTargetException
Caused by: java.lang.reflect.InvocationTargetException
Caused by: java.lang.RuntimeException: java.lang.reflect.InvocationTargetException
Caused by: java.lang.reflect.InvocationTargetException
Caused by: java.lang.RuntimeException: java.lang.reflect.InvocationTargetException
Caused by: java.lang.reflect.InvocationTargetException
Caused by: java.lang.RuntimeException: java.lang.reflect.InvocationTargetException
Caused by: java.lang.reflect.InvocationTargetException
Caused by: java.lang.RuntimeException: java.lang.reflect.InvocationTargetException
Caused by: java.lang.reflect.InvocationTargetException
Caused by: java.lang.RuntimeException: java.lang.reflect.InvocationTargetException
Caused by: java.lang.reflect.InvocationTargetException
Caused by: java.lang.RuntimeException: java.lang.reflect.InvocationTargetException
Caused by: java.lang.reflect.InvocationTargetException
Caused by: java.lang.RuntimeException: java.lang.reflect.InvocationTargetException
Caused by: java.lang.reflect.InvocationTargetException
Caused by: java.lang.RuntimeException: java.lang.reflect.InvocationTargetException
Caused by: java.lang.reflect.InvocationTargetException
Caused by: java.lang.RuntimeException: java.lang.reflect.InvocationTargetException
Caused by: java.lang.reflect.InvocationTargetException
Caused by: java.lang.RuntimeException: java.lang.reflect.InvocationTargetException
Caused by: java.lang.reflect.InvocationTargetException
Caused by: java.lang.RuntimeException: java.lang.reflect.InvocationTargetException
Caused by: java.lang.reflect.InvocationTargetException
Caused by: java.lang.RuntimeException: java.lang.reflect.InvocationTargetException
Caused by: java.lang.reflect.InvocationTargetException
Caused by: java.lang.RuntimeException: java.lang.reflect.InvocationTargetException
Caused by: java.lang.reflect.InvocationTargetException
Caused by: java.lang.RuntimeException: java.lang.reflect.InvocationTargetException
Caused by: java.lang.reflect.InvocationTargetException
Caused by: java.lang.RuntimeException: java.lang.reflect.InvocationTargetException
Caused by: java.lang.reflect.InvocationTargetException
Caused by: java.lang.RuntimeException: java.lang.reflect.InvocationTargetException
Caused by: java.lang.reflect.InvocationTargetException
Caused by: java.lang.RuntimeException: java.lang.reflect.InvocationTargetException
Caused by: java.lang.reflect.InvocationTargetException
Caused by: java.lang.RuntimeException: java.lang.reflect.InvocationTargetException
Caused by: java.lang.reflect.InvocationTargetException
Caused by: java.lang.RuntimeException: java.lang.reflect.InvocationTargetException
Caused by: java.lang.reflect.InvocationTargetException
Caused by: java.lang.RuntimeException: java.lang.reflect.InvocationTargetException
Caused by: java.lang.reflect.InvocationTargetException
Caused by: java.lang.RuntimeException: java.lang.reflect.InvocationTargetException
Caused by: java.lang.reflect.InvocationTargetException
Caused by: java.lang.RuntimeException: java.lang.reflect.InvocationTargetException
Caused by: java.lang.reflect.InvocationTargetException
Caused by: java.lang.RuntimeException: java.lang.reflect.InvocationTargetException
Caused by: java.lang.reflect.InvocationTargetException
Caused by: java.lang.RuntimeException: java.lang.reflect.InvocationTargetException
Caused by: java.lang.reflect.InvocationTargetException
Caused by: java.lang.RuntimeException: java.lang.reflect.InvocationTargetException
Caused by: java.lang.reflect.InvocationTargetException
Caused by: java.lang.RuntimeException: java.lang.reflect.InvocationTargetException
Caused by: java.lang.reflect.InvocationTargetException
Caused by: java.lang.RuntimeException: java.lang.reflect.InvocationTargetException
Caused by: java.lang.reflect.InvocationTargetException
Caused by: java.lang.RuntimeException: java.lang.reflect.InvocationTargetException
Caused by: java.lang.reflect.InvocationTargetException
Caused by: java.lang.RuntimeException: java.lang.reflect.InvocationTargetException
Caused by: java.lang.reflect.InvocationTargetException
Caused by: java.lang.RuntimeException: java.lang.reflect.InvocationTargetException
Caused by: java.lang.reflect.InvocationTargetException
Caused by: java.lang.RuntimeException: java.lang.reflect.InvocationTargetException
Caused by: java.lang.reflect.InvocationTargetException
Caused by: java.lang.RuntimeException: java.lang.reflect.InvocationTargetException
Caused by: java.lang.reflect.InvocationTargetException
Caused by: java.lang.RuntimeException: java.lang.reflect.InvocationTargetException
Caused by: java.lang.reflect.InvocationTargetException
Caused by: java.lang.RuntimeException: java.lang.reflect.InvocationTargetException
Caused by: java.lang.reflect.InvocationTargetException
Caused by: java.lang.RuntimeException: java.lang.reflect.InvocationTargetException
Caused by: java.lang.reflect.InvocationTargetException
Caused by: java.lang.RuntimeException: java.lang.reflect.InvocationTargetException
Caused by: java.lang.reflect.InvocationTargetException
Caused by: java.lang.RuntimeException: java.lang.reflect.InvocationTargetException
Caused by: java.lang.reflect.InvocationTargetException
Caused by: java.lang.RuntimeException: java.lang.reflect.InvocationTargetException
Caused by: java.lang.reflect.InvocationTargetException
Caused by: java.lang.RuntimeException: java.lang.reflect.InvocationTargetException
Caused by: java.lang.reflect.InvocationTargetException
Caused by: java.lang.RuntimeException: java.lang.reflect.InvocationTargetException
Caused by: java.lang.reflect.InvocationTargetException
Caused by: java.lang.RuntimeException: java.lang.reflect.InvocationTargetException
Caused by: java.lang.reflect.InvocationTargetException
Caused by: java.lang.RuntimeException: java.lang.reflect.InvocationTargetException
Caused by: java.lang.reflect.InvocationTargetException
Caused by: java.lang.RuntimeException: java.lang.reflect.InvocationTargetException
Caused by: java.lang.reflect.InvocationTargetException
Caused by: java.lang.RuntimeException: java.lang.reflect.InvocationTargetException
Caused by: java.lang.reflect.InvocationTargetException
Caused by: java.lang.RuntimeException: java.lang.reflect.InvocationTargetException
Caused by: java.lang.reflect.InvocationTargetException
Caused by: java.lang.RuntimeException: java.lang.reflect.InvocationTargetException
Caused by: java.lang.reflect.InvocationTargetException
Caused by: java.lang.RuntimeException: java.lang.reflect.InvocationTargetException
Caused by: java.lang.reflect.InvocationTargetException
Caused by: java.lang.RuntimeException: java.lang.reflect.InvocationTargetException
Caused by: java.lang.reflect.InvocationTargetException
Caused by: java.lang.RuntimeException: java.lang.reflect.InvocationTargetException
Caused by: java.lang.reflect.InvocationTargetException
Caused by: java.lang.RuntimeException: java.lang.reflect.InvocationTargetException
Caused by: java.lang.reflect.InvocationTargetException
Caused by: java.lang.RuntimeException: java.lang.reflect.InvocationTargetException
Caused by: java.lang.reflect.InvocationTargetException
Caused by: java.lang.RuntimeException: java.lang.reflect.InvocationTargetException
Caused by: java.lang.reflect.InvocationTargetException
Caused by: java.lang.RuntimeException: java.lang.reflect.InvocationTargetException
Caused by: java.lang.reflect.InvocationTargetException
Caused by: java.lang.RuntimeException: java.lang.reflect.InvocationTargetException
Caused by: java.lang.reflect.InvocationTargetException
Caused by: java.lang.RuntimeException: java.lang.reflect.InvocationTargetException
Caused by: java.lang.reflect.InvocationTargetException
Caused by: java.lang.RuntimeException: java.lang.reflect.InvocationTargetException
Caused by: java.lang.reflect.InvocationTargetException
Caused by: java.lang.RuntimeException: java.lang.reflect.InvocationTargetException
Caused by: java.lang.reflect.InvocationTargetException
Caused by: java.lang.RuntimeException: java.lang.reflect.InvocationTargetException
Caused by: java.lang.reflect.InvocationTargetException
Caused by: java.lang.RuntimeException: java.lang.reflect.InvocationTargetException
Caused by: java.lang.reflect.InvocationTargetException
Caused by: java.lang.RuntimeException: java.lang.reflect.InvocationTargetException
Caused by: java.lang.reflect.InvocationTargetException
Caused by: java.lang.RuntimeException: java.lang.reflect.InvocationTargetException
Caused by: java.lang.reflect.InvocationTargetException
Caused by: java.lang.RuntimeException: java.lang.reflect.InvocationTargetException
Caused by: java.lang.reflect.InvocationTargetException
Caused by: java.lang.RuntimeException: java.lang.reflect.InvocationTargetException
Caused by: java.lang.reflect.InvocationTargetException
Caused by: java.lang.RuntimeException: java.lang.reflect.InvocationTargetException
Caused by: java.lang.reflect.InvocationTargetException
Caused by: java.lang.RuntimeException: java.lang.reflect.InvocationTargetException
Caused by: java.lang.reflect.InvocationTargetException
Caused by: java.lang.RuntimeException: java.lang.reflect.InvocationTargetException
Caused by: java.lang.reflect.InvocationTargetException
Caused by: java.lang.RuntimeException: java.lang.reflect.InvocationTargetException
Caused by: java.lang.reflect.InvocationTargetException
Caused by: java.lang.RuntimeException: java.lang.reflect.InvocationTargetException
Caused by: java.lang.reflect.InvocationTargetException
Caused by: java.lang.RuntimeException: java.lang.reflect.InvocationTargetException
Caused by: java.lang.reflect.InvocationTargetException
Caused by: java.lang.RuntimeException: java.lang.reflect.InvocationTargetException
Caused by: java.lang.reflect.InvocationTargetException
Caused by: java.lang.RuntimeException: java.lang.reflect.InvocationTargetException
Caused by: java.lang.reflect.InvocationTargetException
Caused by: java.lang.RuntimeException: java.lang.reflect.InvocationTargetException
Caused by: java.lang.reflect.InvocationTargetException
Caused by: java.lang.RuntimeException: java.lang.reflect.InvocationTargetException
Caused by: java.lang.reflect.InvocationTargetException
Caused by: java.lang.RuntimeException: java.lang.reflect.InvocationTargetException
Caused by: java.lang.reflect.InvocationTargetException
Caused by: java.lang.RuntimeException: java.lang.reflect.InvocationTargetException
Caused by: java.lang.reflect.InvocationTargetException
Caused by: java.lang.RuntimeException: java.lang.reflect.InvocationTargetException
Caused by: java.lang.reflect.InvocationTargetException
Caused by: java.lang.RuntimeException: java.lang.reflect.InvocationTargetException
Caused by: java.lang.reflect.InvocationTargetException
Caused by: java.lang.RuntimeException: java.lang.reflect.InvocationTargetException
Caused by: java.lang.reflect.InvocationTargetException
Caused by: java.lang.RuntimeException: java.lang.reflect.InvocationTargetException
Caused by: java.lang.reflect.InvocationTargetException
Caused by: java.lang.RuntimeException: java.lang.reflect.InvocationTargetException
Caused by: java.lang.reflect.InvocationTargetException
Caused by: java.lang.RuntimeException: java.lang.reflect.InvocationTargetException
Caused by: java.lang.reflect.InvocationTargetException
Caused by: java.lang.RuntimeException: java.lang.reflect.InvocationTargetException
Caused by: java.lang.reflect.InvocationTargetException
Caused by: java.lang.RuntimeException: java.lang.reflect.InvocationTargetException
Caused by: java.lang.reflect.InvocationTargetException
Caused by: java.lang.RuntimeException: java.lang.reflect.InvocationTargetException
Caused by: java.lang.reflect.InvocationTargetException
Caused by: java.lang.RuntimeException: java.lang.reflect.InvocationTargetException
Caused by: java.lang.reflect.InvocationTargetException
Caused by: java.lang.RuntimeException: java.lang.reflect.InvocationTargetException
Caused by: java.lang.reflect.InvocationTargetException
Caused by: java.lang.RuntimeException: java.lang.reflect.InvocationTargetException
Caused by: java.lang.reflect.InvocationTargetException
Caused by: java.lang.RuntimeException: java.lang.reflect.InvocationTargetException
Caused by: java.lang.reflect.InvocationTargetException
Caused by: java.lang.RuntimeException: java.lang.reflect.InvocationTargetException
Caused by: java.lang.reflect.InvocationTargetException
Caused by: java.lang.RuntimeException: java.lang.reflect.InvocationTargetException
Caused by: java.lang.reflect.InvocationTargetException
Caused by: java.lang.RuntimeException: java.lang.reflect.InvocationTargetException
Caused by: java.lang.reflect.InvocationTargetException
Caused by: java.lang.RuntimeException: java.lang.reflect.InvocationTargetException
Caused by: java.lang.reflect.InvocationTargetException
Caused by: java.lang.RuntimeException: java.lang.reflect.InvocationTargetException
Caused by: java.lang.reflect.InvocationTargetException
Caused by: java.lang.RuntimeException: java.lang.reflect.InvocationTargetException
Caused by: java.lang.reflect.InvocationTargetException
Caused by: java.lang.RuntimeException: java.lang.reflect.InvocationTargetException
Caused by: java.lang.reflect.InvocationTargetException
Caused by: java.lang.RuntimeException: java.lang.reflect.InvocationTargetException
Caused by: java.lang.reflect.InvocationTargetException
Caused by: java.lang.RuntimeException: java.lang.reflect.InvocationTargetException
Caused by: java.lang.reflect.InvocationTargetException
Caused by: java.lang.RuntimeException: java.lang.reflect.InvocationTargetException
Caused by: java.lang.reflect.InvocationTargetException
Caused by: java.lang.RuntimeException: java.lang.reflect.InvocationTargetException
Caused by: java.lang.reflect.InvocationTargetException
Caused by: java.lang.RuntimeException: java.lang.reflect.InvocationTargetException
Caused by: java.lang.reflect.InvocationTargetException
Caused by: java.lang.RuntimeException: java.lang.reflect.InvocationTargetException
Caused by: java.lang.reflect.InvocationTargetException
Caused by: java.lang.RuntimeException: java.lang.reflect.InvocationTargetException
Caused by: java.lang.reflect.InvocationTargetException
Caused by: java.lang.RuntimeException: java.lang.reflect.InvocationTargetException
Caused by: java.lang.reflect.InvocationTargetException
Caused by: java.lang.RuntimeException: java.lang.reflect.InvocationTargetException
Caused by: java.lang.reflect.InvocationTargetException
Caused by: java.lang.RuntimeException: java.lang.reflect.InvocationTargetException
Caused by: java.lang.reflect.InvocationTargetException
Caused by: java.lang.RuntimeException: java.lang.reflect.InvocationTargetException
Caused by: java.lang.reflect.InvocationTargetException
Caused by: java.lang.RuntimeException: java.lang.reflect.InvocationTargetException
Caused by: java.lang.reflect.InvocationTargetException
Caused by: java.lang.RuntimeException: java.lang.reflect.InvocationTargetException
Caused by: java.lang.reflect.InvocationTargetException
Caused by: java.lang.RuntimeException: java.lang.reflect.InvocationTargetException
Caused by: java.lang.reflect.InvocationTargetException
Caused by: java.lang.RuntimeException: java.lang.reflect.InvocationTargetException
Caused by: java.lang.reflect.InvocationTargetException
Caused by: java.lang.RuntimeException: java.lang.reflect.InvocationTargetException
Caused by: java.lang.reflect.InvocationTargetException
Caused by: java.lang.RuntimeException: java.lang.reflect.InvocationTargetException
Caused by: java.lang.reflect.InvocationTargetException
Caused by: java.lang.RuntimeException: java.lang.reflect.InvocationTargetException
Caused by: java.lang.reflect.InvocationTargetException
Caused by: java.lang.RuntimeException: java.lang.reflect.InvocationTargetException
Caused by: java.lang.reflect.InvocationTargetException
Caused by: java.lang.RuntimeException: java.lang.reflect.InvocationTargetException
Caused by: java.lang.reflect.InvocationTargetException
Caused by: java.lang.RuntimeException: java.lang.reflect.InvocationTargetException
Caused by: java.lang.reflect.InvocationTargetException
Caused by: java.lang.RuntimeException: java.lang.reflect.InvocationTargetException
Caused by: java.lang.reflect.InvocationTargetException
Caused by: java.lang.RuntimeException: java.lang.reflect.InvocationTargetException
Caused by: java.lang.reflect.InvocationTargetException
Caused by: java.lang.RuntimeException: java.lang.reflect.InvocationTargetException
Caused by: java.lang.reflect.InvocationTargetException
Caused by: java.lang.RuntimeException: java.lang.reflect.InvocationTargetException
Caused by: java.lang.reflect.InvocationTargetException
Caused by: java.lang.RuntimeException: java.lang.reflect.InvocationTargetException
Caused by: java.lang.reflect.InvocationTargetException
Caused by: java.lang.RuntimeException: java.lang.reflect.InvocationTargetException
Caused by: java.lang.reflect.InvocationTargetException
Caused by: java.lang.RuntimeException: java.lang.reflect.InvocationTargetException
Caused by: java.lang.reflect.InvocationTargetException
Caused by: java.lang.RuntimeException: java.lang.reflect.InvocationTargetException
Caused by: java.lang.reflect.InvocationTargetException
Caused by: java.lang.RuntimeException: java.lang.reflect.InvocationTargetException
Caused by: java.lang.reflect.InvocationTargetException
Caused by: java.lang.RuntimeException: java.lang.reflect.InvocationTargetException
Caused by: java.lang.reflect.InvocationTargetException
Caused by: java.lang.RuntimeException: java.lang.reflect.InvocationTargetException
Caused by: java.lang.reflect.InvocationTargetException
Caused by: java.lang.RuntimeException: java.lang.reflect.InvocationTargetException
Caused by: java.lang.reflect.InvocationTargetException
Caused by: java.lang.RuntimeException: java.lang.reflect.InvocationTargetException
Caused by: java.lang.reflect.InvocationTargetException
Caused by: java.lang.RuntimeException: java.lang.reflect.InvocationTargetException
Caused by: java.lang.reflect.InvocationTargetException
Caused by: java.lang.RuntimeException: java.lang.reflect.InvocationTargetException
Caused by: java.lang.reflect.InvocationTargetException
Caused by: java.lang.RuntimeException: java.lang.reflect.InvocationTargetException
Caused by: java.lang.reflect.InvocationTargetException
Caused by: java.lang.RuntimeException: java.lang.reflect.InvocationTargetException
Caused by: java.lang.reflect.InvocationTargetException
Caused by: java.lang.RuntimeException: java.lang.reflect.InvocationTargetException
Caused by: java.lang.reflect.InvocationTargetException
Caused by: java.lang.RuntimeException: java.lang.reflect.InvocationTargetException
Caused by: java.lang.reflect.InvocationTargetException
Caused by: java.lang.RuntimeException: java.lang.reflect.InvocationTargetException
Caused by: java.lang.reflect.InvocationTargetException
Caused by: java.lang.RuntimeException: java.lang.reflect.InvocationTargetException
Caused by: java.lang.reflect.InvocationTargetException
Caused by: java.lang.RuntimeException: java.lang.reflect.InvocationTargetException
Caused by: java.lang.reflect.InvocationTargetException
Caused by: java.lang.RuntimeException: java.lang.reflect.InvocationTargetException
Caused by: java.lang.reflect.InvocationTargetException
Caused by: java.lang.RuntimeException: java.lang.reflect.InvocationTargetException
Caused by: java.lang.reflect.InvocationTargetException
Caused by: java.lang.RuntimeException: java.lang.reflect.InvocationTargetException
Caused by: java.lang.reflect.InvocationTargetException
Caused by: java.lang.RuntimeException: java.lang.reflect.InvocationTargetException
Caused by: java.lang.reflect.InvocationTargetException
Caused by: java.lang.RuntimeException: java.lang.reflect.InvocationTargetException
Caused by: java.lang.reflect.InvocationTargetException
Caused by: java.lang.RuntimeException: java.lang.reflect.InvocationTargetException
Caused by: java.lang.reflect.InvocationTargetException
Caused by: java.lang.RuntimeException: java.lang.reflect.InvocationTargetException
Caused by: java.lang.reflect.InvocationTargetException
Caused by: java.lang.RuntimeException: java.lang.reflect.InvocationTargetException
Caused by: java.lang.reflect.InvocationTargetException
Caused by: java.lang.RuntimeException: java.lang.reflect.InvocationTargetException
Caused by: java.lang.reflect.InvocationTargetException
Caused by: java.lang.RuntimeException: java.lang.reflect.InvocationTargetException
Caused by: java.lang.reflect.InvocationTargetException
Caused by: java.lang.RuntimeException: java.lang.reflect.InvocationTargetException
Caused by: java.lang.reflect.InvocationTargetException
Caused by: java.lang.RuntimeException: java.lang.reflect.InvocationTargetException
Caused by: java.lang.reflect.InvocationTargetException
Caused by: java.lang.RuntimeException: java.lang.reflect.InvocationTargetException
Caused by: java.lang.reflect.InvocationTargetException
Caused by: java.lang.RuntimeException: java.lang.reflect.InvocationTargetException
Caused by: java.lang.reflect.InvocationTargetException
Caused by: java.lang.RuntimeException: java.lang.reflect.InvocationTargetException
Caused by: java.lang.reflect.InvocationTargetException
Caused by: java.lang.RuntimeException: java.lang.reflect.InvocationTargetException
Caused by: java.lang.reflect.InvocationTargetException
Caused by: java.lang.RuntimeException: java.lang.reflect.InvocationTargetException
Caused by: java.lang.reflect.InvocationTargetException
Caused by: java.lang.RuntimeException: java.lang.reflect.InvocationTargetException
Caused by: java.lang.reflect.InvocationTargetException
Caused by: java.lang.RuntimeException: java.lang.reflect.InvocationTargetException
Caused by: java.lang.reflect.InvocationTargetException
Caused by: java.lang.RuntimeException: java.lang.reflect.InvocationTargetException
Caused by: java.lang.reflect.InvocationTargetException
Caused by: java.lang.RuntimeException: java.lang.reflect.InvocationTargetException
Caused by: java.lang.reflect.InvocationTargetException
Caused by: java.lang.RuntimeException: java.lang.reflect.InvocationTargetException
Caused by: java.lang.reflect.InvocationTargetException
Caused by: java.lang.RuntimeException: java.lang.reflect.InvocationTargetException
Caused by: java.lang.reflect.InvocationTargetException
Caused by: java.lang.RuntimeException: java.lang.reflect.InvocationTargetException
Caused by: java.lang.reflect.InvocationTargetException
Caused by: java.lang.RuntimeException: java.lang.reflect.InvocationTargetException
Caused by: java.lang.reflect.InvocationTargetException
Caused by: java.lang.RuntimeException: java.lang.reflect.InvocationTargetException
Caused by: java.lang.reflect.InvocationTargetException
Caused by: java.lang.RuntimeException: java.lang.reflect.InvocationTargetException
Caused by: java.lang.reflect.InvocationTargetException
Caused by: java.lang.RuntimeException: java.lang.reflect.InvocationTargetException
Caused by: java.lang.reflect.InvocationTargetException
Caused by: java.lang.RuntimeException: java.lang.reflect.InvocationTargetException
Caused by: java.lang.reflect.InvocationTargetException
Caused by: java.lang.RuntimeException: java.lang.reflect.InvocationTargetException
Caused by: java.lang.reflect.InvocationTargetException
Caused by: java.lang.RuntimeException: java.lang.reflect.InvocationTargetException
Caused by: java.lang.reflect.InvocationTargetException
Caused by: java.lang.RuntimeException: java.lang.reflect.InvocationTargetException
Caused by: java.lang.reflect.InvocationTargetException
Caused by: java.lang.RuntimeException: java.lang.reflect.InvocationTargetException
Caused by: java.lang.reflect.InvocationTargetException
Caused by: java.lang.RuntimeException: java.lang.reflect.InvocationTargetException
Caused by: java.lang.reflect.InvocationTargetException
Caused by: java.lang.RuntimeException: java.lang.reflect.InvocationTargetException
Caused by: java.lang.reflect.InvocationTargetException
Caused by: java.lang.RuntimeException: java.lang.reflect.InvocationTargetException
Caused by: java.lang.reflect.InvocationTargetException
Caused by: java.lang.RuntimeException: java.lang.reflect.InvocationTargetException
Caused by: java.lang.reflect.InvocationTargetException
Caused by: java.lang.RuntimeException: java.lang.reflect.InvocationTargetException
Caused by: java.lang.reflect.InvocationTargetException
Caused by: java.lang.RuntimeException: java.lang.reflect.InvocationTargetException
Caused by: java.lang.reflect.InvocationTargetException
Caused by: java.lang.RuntimeException: java.lang.reflect.InvocationTargetException
Caused by: java.lang.reflect.InvocationTargetException
Caused by: java.lang.RuntimeException: java.lang.reflect.InvocationTargetException
Caused by: java.lang.reflect.InvocationTargetException
Caused by: java.lang.RuntimeException: java.lang.reflect.InvocationTargetException
Caused by: java.lang.reflect.InvocationTargetException
Caused by: java.lang.RuntimeException: java.lang.reflect.InvocationTargetException
Caused by: java.lang.reflect.InvocationTargetException
Caused by: java.lang.RuntimeException: java.lang.reflect.InvocationTargetException
Caused by: java.lang.reflect.InvocationTargetException
Caused by: java.lang.RuntimeException: java.lang.reflect.InvocationTargetException
Caused by: java.lang.reflect.InvocationTargetException
Caused by: java.lang.RuntimeException: java.lang.reflect.InvocationTargetException
Caused by: java.lang.reflect.InvocationTargetException
Caused by: java.lang.RuntimeException: java.lang.reflect.InvocationTargetException
Caused by: java.lang.reflect.InvocationTargetException
Caused by: java.lang.RuntimeException: java.lang.reflect.InvocationTargetException
Caused by: java.lang.reflect.InvocationTargetException
Caused by: java.lang.RuntimeException: java.lang.reflect.InvocationTargetException
Caused by: java.lang.reflect.InvocationTargetException
Caused by: java.lang.RuntimeException: java.lang.reflect.InvocationTargetException
Caused by: java.lang.reflect.InvocationTargetException
Caused by: java.lang.RuntimeException: java.lang.reflect.InvocationTargetException
Caused by: java.lang.reflect.InvocationTargetException
Caused by: java.lang.RuntimeException: java.lang.reflect.InvocationTargetException
Caused by: java.lang.reflect.InvocationTargetException
Caused by: java.lang.RuntimeException: java.lang.reflect.InvocationTargetException
Caused by: java.lang.reflect.InvocationTargetException
Caused by: java.lang.RuntimeException: java.lang.reflect.InvocationTargetException
Caused by: java.lang.reflect.InvocationTargetException
Caused by: java.lang.RuntimeException: java.lang.reflect.InvocationTargetException
Caused by: java.lang.reflect.InvocationTargetException
Caused by: java.lang.RuntimeException: java.lang.reflect.InvocationTargetException
Caused by: java.lang.reflect.InvocationTargetException
Caused by: java.lang.RuntimeException: java.lang.reflect.InvocationTargetException
Caused by: java.lang.reflect.InvocationTargetException
Caused by: java.lang.RuntimeException: java.lang.reflect.InvocationTargetException
Caused by: java.lang.reflect.InvocationTargetException
Caused by: java.lang.RuntimeException: java.lang.reflect.InvocationTargetException
Caused by: java.lang.reflect.InvocationTargetException
Caused by: java.lang.RuntimeException: java.lang.reflect.InvocationTargetException
Caused by: java.lang.reflect.InvocationTargetException
Caused by: java.lang.RuntimeException: java.lang.reflect.InvocationTargetException
Caused by: java.lang.reflect.InvocationTargetException
Caused by: java.lang.RuntimeException: java.lang.reflect.InvocationTargetException
Caused by: java.lang.reflect.InvocationTargetException
Caused by: java.lang.RuntimeException: java.lang.reflect.InvocationTargetException
Caused by: java.lang.reflect.InvocationTargetException
Caused by: java.lang.RuntimeException: java.lang.reflect.InvocationTargetException
Caused by: java.lang.reflect.InvocationTargetException
Caused by: java.lang.RuntimeException: java.lang.reflect.InvocationTargetException
Caused by: java.lang.reflect.InvocationTargetException
Caused by: java.lang.RuntimeException: java.lang.reflect.InvocationTargetException
Caused by: java.lang.reflect.InvocationTargetException
Caused by: java.lang.RuntimeException: java.lang.reflect.InvocationTargetException
Caused by: java.lang.reflect.InvocationTargetException
Caused by: java.lang.RuntimeException: java.lang.reflect.InvocationTargetException
Caused by: java.lang.reflect.InvocationTargetException
Caused by: java.lang.RuntimeException: java.lang.reflect.InvocationTargetException
Caused by: java.lang.reflect.InvocationTargetException
Caused by: java.lang.RuntimeException: java.lang.reflect.InvocationTargetException
Caused by: java.lang.reflect.InvocationTargetException
Caused by: java.lang.RuntimeException: java.lang.reflect.InvocationTargetException
Caused by: java.lang.reflect.InvocationTargetException
Caused by: java.lang.RuntimeException: java.lang.reflect.InvocationTargetException
Caused by: java.lang.reflect.InvocationTargetException
Caused by: java.lang.RuntimeException: java.lang.reflect.InvocationTargetException
Caused by: java.lang.reflect.InvocationTargetException
Caused by: java.lang.RuntimeException: java.lang.reflect.InvocationTargetException
Caused by: java.lang.reflect.InvocationTargetException
Caused by: java.lang.RuntimeException: java.lang.reflect.InvocationTargetException
Caused by: java.lang.reflect.InvocationTargetException
Caused by: java.lang.RuntimeException: java.lang.reflect.InvocationTargetException
Caused by: java.lang.reflect.InvocationTargetException
Caused by: java.lang.RuntimeException: java.lang.reflect.InvocationTargetException
Caused by: java.lang.reflect.InvocationTargetException
Caused by: java.lang.RuntimeException: java.lang.reflect.InvocationTargetException
Caused by: java.lang.reflect.InvocationTargetException
Caused by: java.lang.RuntimeException: java.lang.reflect.InvocationTargetException
Caused by: java.lang.reflect.InvocationTargetException
Caused by: java.lang.RuntimeException: java.lang.reflect.InvocationTargetException
Caused by: java.lang.reflect.InvocationTargetException
Caused by: java.lang.RuntimeException: java.lang.reflect.InvocationTargetException
Caused by: java.lang.reflect.InvocationTargetException
Caused by: java.lang.RuntimeException: java.lang.reflect.InvocationTargetException
Caused by: java.lang.reflect.InvocationTargetException
Caused by: java.lang.RuntimeException: java.lang.reflect.InvocationTargetException
Caused by: java.lang.reflect.InvocationTargetException
Caused by: java.lang.RuntimeException: java.lang.reflect.InvocationTargetException
Caused by: java.lang.reflect.InvocationTargetException
Caused by: java.lang.RuntimeException: java.lang.reflect.InvocationTargetException
Caused by: java.lang.reflect.InvocationTargetException
Caused by: java.lang.RuntimeException: java.lang.reflect.InvocationTargetException
Caused by: java.lang.reflect.InvocationTargetException
Caused by: java.lang.RuntimeException: java.lang.reflect.InvocationTargetException
Caused by: java.lang.reflect.InvocationTargetException
Caused by: java.lang.RuntimeException: java.lang.reflect.InvocationTargetException
Caused by: java.lang.reflect.InvocationTargetException
Caused by: java.lang.RuntimeException: java.lang.reflect.InvocationTargetException
Caused by: java.lang.reflect.InvocationTargetException
Caused by: java.lang.RuntimeException: java.lang.reflect.InvocationTargetException
Caused by: java.lang.reflect.InvocationTargetException
Caused by: java.lang.RuntimeException: java.lang.reflect.InvocationTargetException
Caused by: java.lang.reflect.InvocationTargetException
Caused by: java.lang.RuntimeException: java.lang.reflect.InvocationTargetException
Caused by: java.lang.reflect.InvocationTargetException
Caused by: java.lang.RuntimeException: java.lang.reflect.InvocationTargetException
Caused by: java.lang.reflect.InvocationTargetException
Caused by: java.lang.RuntimeException: java.lang.reflect.InvocationTargetException
Caused by: java.lang.reflect.InvocationTargetException
Caused by: java.lang.RuntimeException: java.lang.reflect.InvocationTargetException
Caused by: java.lang.reflect.InvocationTargetException
Caused by: java.lang.RuntimeException: java.lang.reflect.InvocationTargetException
Caused by: java.lang.reflect.InvocationTargetException
Caused by: java.lang.RuntimeException: java.lang.reflect.InvocationTargetException
Caused by: java.lang.reflect.InvocationTargetException
Caused by: java.lang.RuntimeException: java.lang.reflect.InvocationTargetException
Caused by: java.lang.reflect.InvocationTargetException
Caused by: java.lang.RuntimeException: java.lang.reflect.InvocationTargetException
Caused by: java.lang.reflect.InvocationTargetException
Caused by: java.lang.RuntimeException: java.lang.reflect.InvocationTargetException
Caused by: java.lang.reflect.InvocationTargetException
Caused by: java.lang.RuntimeException: java.lang.reflect.InvocationTargetException
Caused by: java.lang.reflect.InvocationTargetException
Caused by: java.lang.RuntimeException: java.lang.reflect.InvocationTargetException
Caused by: java.lang.reflect.InvocationTargetException
Caused by: java.lang.RuntimeException: java.lang.reflect.InvocationTargetException
Caused by: java.lang.reflect.InvocationTargetException
Caused by: java.lang.RuntimeException: java.lang.reflect.InvocationTargetException
Caused by: java.lang.reflect.InvocationTargetException
Caused by: java.lang.RuntimeException: java.lang.reflect.InvocationTargetException
Caused by: java.lang.reflect.InvocationTargetException
Caused by: java.lang.RuntimeException: java.lang.reflect.InvocationTargetException
Caused by: java.lang.reflect.InvocationTargetException
Caused by: java.lang.RuntimeException: java.lang.reflect.InvocationTargetException
Caused by: java.lang.reflect.InvocationTargetException
Caused by: java.lang.RuntimeException: java.lang.reflect.InvocationTargetException
Caused by: java.lang.reflect.InvocationTargetException
Caused by: java.lang.RuntimeException: java.lang.reflect.InvocationTargetException
Caused by: java.lang.reflect.InvocationTargetException
Caused by: java.lang.RuntimeException: java.lang.reflect.InvocationTargetException
Caused by: java.lang.reflect.InvocationTargetException
Caused by: java.lang.RuntimeException: java.lang.reflect.InvocationTargetException
Caused by: java.lang.reflect.InvocationTargetException
Caused by: java.lang.RuntimeException: java.lang.reflect.InvocationTargetException
Caused by: java.lang.reflect.InvocationTargetException
Caused by: java.lang.RuntimeException: java.lang.reflect.InvocationTargetException
Caused by: java.lang.reflect.InvocationTargetException
Caused by: java.lang.RuntimeException: java.lang.reflect.InvocationTargetException
Caused by: java.lang.reflect.InvocationTargetException
Caused by: java.lang.RuntimeException: java.lang.reflect.InvocationTargetException
Caused by: java.lang.reflect.InvocationTargetException
Caused by: java.lang.RuntimeException: java.lang.reflect.InvocationTargetException
Caused by: java.lang.reflect.InvocationTargetException
Caused by: java.lang.RuntimeException: java.lang.reflect.InvocationTargetException
Caused by: java.lang.reflect.InvocationTargetException
Caused by: java.lang.RuntimeException: java.lang.reflect.InvocationTargetException
Caused by: java.lang.reflect.InvocationTargetException
Caused by: java.lang.RuntimeException: java.lang.reflect.InvocationTargetException
Caused by: java.lang.reflect.InvocationTargetException
Caused by: java.lang.RuntimeException: java.lang.reflect.InvocationTargetException
Caused by: java.lang.reflect.InvocationTargetException
Caused by: java.lang.RuntimeException: java.lang.reflect.InvocationTargetException
Caused by: java.lang.reflect.InvocationTargetException
Caused by: java.lang.RuntimeException: java.lang.reflect.InvocationTargetException
Caused by: java.lang.reflect.InvocationTargetException
Caused by: java.lang.RuntimeException: java.lang.reflect.InvocationTargetException
Caused by: java.lang.reflect.InvocationTargetException
Caused by: java.lang.RuntimeException: java.lang.reflect.InvocationTargetException
Caused by: java.lang.reflect.InvocationTargetException
Caused by: java.lang.RuntimeException: java.lang.reflect.InvocationTargetException
Caused by: java.lang.reflect.InvocationTargetException
Caused by: java.lang.RuntimeException: java.lang.reflect.InvocationTargetException
Caused by: java.lang.reflect.InvocationTargetException
Caused by: java.lang.RuntimeException: java.lang.reflect.InvocationTargetException
Caused by: java.lang.reflect.InvocationTargetException
Caused by: java.lang.RuntimeException: java.lang.reflect.InvocationTargetException
Caused by: java.lang.reflect.InvocationTargetException
Caused by: java.lang.RuntimeException: java.lang.reflect.InvocationTargetException
Caused by: java.lang.reflect.InvocationTargetException
Caused by: java.lang.RuntimeException: java.lang.reflect.InvocationTargetException
Caused by: java.lang.reflect.InvocationTargetException
Caused by: java.lang.RuntimeException: java.lang.reflect.InvocationTargetException
Caused by: java.lang.reflect.InvocationTargetException
Caused by: java.lang.RuntimeException: java.lang.reflect.InvocationTargetException
Caused by: java.lang.reflect.InvocationTargetException
Caused by: java.lang.RuntimeException: java.lang.reflect.InvocationTargetException
Caused by: java.lang.reflect.InvocationTargetException
Caused by: java.lang.RuntimeException: java.lang.reflect.InvocationTargetException
Caused by: java.lang.reflect.InvocationTargetException
Caused by: java.lang.RuntimeException: java.lang.reflect.InvocationTargetException
Caused by: java.lang.reflect.InvocationTargetException
Caused by: java.lang.RuntimeException: java.lang.reflect.InvocationTargetException
Caused by: java.lang.reflect.InvocationTargetException
Caused by: java.lang.RuntimeException: java.lang.reflect.InvocationTargetException
Caused by: java.lang.reflect.InvocationTargetException
Caused by: java.lang.RuntimeException: java.lang.reflect.InvocationTargetException
Caused by: java.lang.reflect.InvocationTargetException
Caused by: java.lang.RuntimeException: java.lang.reflect.InvocationTargetException
Caused by: java.lang.reflect.InvocationTargetException
Caused by: java.lang.RuntimeException: java.lang.reflect.InvocationTargetException
Caused by: java.lang.reflect.InvocationTargetException
Caused by: java.lang.RuntimeException: java.lang.reflect.InvocationTargetException
Caused by: java.lang.reflect.InvocationTargetException
Caused by: java.lang.RuntimeException: java.lang.reflect.InvocationTargetException
Caused by: java.lang.reflect.InvocationTargetException
Caused by: java.lang.RuntimeException: java.lang.reflect.InvocationTargetException
Caused by: java.lang.reflect.InvocationTargetException
Caused by: java.lang.RuntimeException: java.lang.reflect.InvocationTargetException
Caused by: java.lang.reflect.InvocationTargetException
Caused by: java.lang.RuntimeException: java.lang.reflect.InvocationTargetException
Caused by: java.lang.reflect.InvocationTargetException
Caused by: java.lang.RuntimeException: java.lang.reflect.InvocationTargetException
Caused by: java.lang.reflect.InvocationTargetException
Caused by: java.lang.RuntimeException: java.lang.reflect.InvocationTargetException
Caused by: java.lang.reflect.InvocationTargetException
Caused by: java.lang.RuntimeException: java.lang.reflect.InvocationTargetException
Caused by: java.lang.reflect.InvocationTargetException
Caused by: java.lang.RuntimeException: java.lang.reflect.InvocationTargetException
Caused by: java.lang.reflect.InvocationTargetException
Caused by: java.lang.RuntimeException: java.lang.reflect.InvocationTargetException
Caused by: java.lang.reflect.InvocationTargetException
Caused by: java.lang.RuntimeException: java.lang.reflect.InvocationTargetException
Caused by: java.lang.reflect.InvocationTargetException
Caused by: java.lang.RuntimeException: java.lang.reflect.InvocationTargetException
Caused by: java.lang.reflect.InvocationTargetException
Caused by: java.lang.RuntimeException: java.lang.reflect.InvocationTargetException
Caused by: java.lang.reflect.InvocationTargetException
Caused by: java.lang.RuntimeException: java.lang.reflect.InvocationTargetException
Caused by: java.lang.reflect.InvocationTargetException
Caused by: java.lang.RuntimeException: java.lang.reflect.InvocationTargetException
Caused by: java.lang.reflect.InvocationTargetException
Caused by: java.lang.RuntimeException: java.lang.reflect.InvocationTargetException
Caused by: java.lang.reflect.InvocationTargetException
Caused by: java.lang.RuntimeException: java.lang.reflect.InvocationTargetException
Caused by: java.lang.reflect.InvocationTargetException
Caused by: java.lang.RuntimeException: java.lang.reflect.InvocationTargetException
Caused by: java.lang.reflect.InvocationTargetException
Caused by: java.lang.RuntimeException: java.lang.reflect.InvocationTargetException
Caused by: java.lang.reflect.InvocationTargetException
Caused by: java.lang.RuntimeException: java.lang.reflect.InvocationTargetException
Caused by: java.lang.reflect.InvocationTargetException
Caused by: java.lang.RuntimeException: java.lang.reflect.InvocationTargetException
Caused by: java.lang.reflect.InvocationTargetException
Caused by: java.lang.RuntimeException: java.lang.reflect.InvocationTargetException
Caused by: java.lang.reflect.InvocationTargetException
Caused by: java.lang.RuntimeException: java.lang.reflect.InvocationTargetException
Caused by: java.lang.reflect.InvocationTargetException
Caused by: java.lang.RuntimeException: java.lang.reflect.InvocationTargetException
Caused by: java.lang.reflect.InvocationTargetException
Caused by: java.lang.RuntimeException: java.lang.reflect.InvocationTargetException
Caused by: java.lang.reflect.InvocationTargetException
Caused by: java.lang.RuntimeException: java.lang.reflect.InvocationTargetException
Caused by: java.lang.reflect.InvocationTargetException
Caused by: java.lang.RuntimeException: java.lang.reflect.InvocationTargetException
Caused by: java.lang.reflect.InvocationTargetException
Caused by: java.lang.RuntimeException: java.lang.reflect.InvocationTargetException
Caused by: java.lang.reflect.InvocationTargetException
Caused by: java.lang.RuntimeException: java.lang.reflect.InvocationTargetException
Caused by: java.lang.reflect.InvocationTargetException
Caused by: java.lang.RuntimeException: java.lang.reflect.InvocationTargetException
Caused by: java.lang.reflect.InvocationTargetException
Caused by: java.lang.RuntimeException: java.lang.reflect.InvocationTargetException
Caused by: java.lang.reflect.InvocationTargetException
Caused by: java.lang.RuntimeException: java.lang.reflect.InvocationTargetException
Caused by: java.lang.reflect.InvocationTargetException
Caused by: java.lang.RuntimeException: java.lang.reflect.InvocationTargetException
Caused by: java.lang.reflect.InvocationTargetException
Caused by: java.lang.RuntimeException: java.lang.reflect.InvocationTargetException
Caused by: java.lang.reflect.InvocationTargetException
Caused by: java.lang.RuntimeException: java.lang.reflect.InvocationTargetException
Caused by: java.lang.reflect.InvocationTargetException
Caused by: java.lang.RuntimeException: java.lang.reflect.InvocationTargetException
Caused by: java.lang.reflect.InvocationTargetException
Caused by: java.lang.RuntimeException: java.lang.reflect.InvocationTargetException
Caused by: java.lang.reflect.InvocationTargetException
Caused by: java.lang.RuntimeException: java.lang.reflect.InvocationTargetException
Caused by: java.lang.reflect.InvocationTargetException
Caused by: java.lang.RuntimeException: java.lang.reflect.InvocationTargetException
Caused by: java.lang.reflect.InvocationTargetException
Caused by: java.lang.RuntimeException: java.lang.reflect.InvocationTargetException
Caused by: java.lang.reflect.InvocationTargetException
Caused by: java.lang.RuntimeException: java.lang.reflect.InvocationTargetException
Caused by: java.lang.reflect.InvocationTargetException
Caused by: java.lang.RuntimeException: java.lang.reflect.InvocationTargetException
Caused by: java.lang.reflect.InvocationTargetException
Caused by: java.lang.RuntimeException: java.lang.reflect.InvocationTargetException
Caused by: java.lang.reflect.InvocationTargetException
Caused by: java.lang.RuntimeException: java.lang.reflect.InvocationTargetException
Caused by: java.lang.reflect.InvocationTargetException
Caused by: java.lang.RuntimeException: java.lang.reflect.InvocationTargetException
Caused by: java.lang.reflect.InvocationTargetException
Caused by: java.lang.RuntimeException: java.lang.reflect.InvocationTargetException
Caused by: java.lang.reflect.InvocationTargetException
Caused by: java.lang.RuntimeException: java.lang.reflect.InvocationTargetException
Caused by: java.lang.reflect.InvocationTargetException
Caused by: java.lang.RuntimeException: java.lang.reflect.InvocationTargetException
Caused by: java.lang.reflect.InvocationTargetException
Caused by: java.lang.RuntimeException: java.lang.reflect.InvocationTargetException
Caused by: java.lang.reflect.InvocationTargetException
Caused by: java.lang.RuntimeException: java.lang.reflect.InvocationTargetException
Caused by: java.lang.reflect.InvocationTargetException
Caused by: java.lang.RuntimeException: java.lang.reflect.InvocationTargetException
Caused by: java.lang.reflect.InvocationTargetException
Caused by: java.lang.RuntimeException: java.lang.reflect.InvocationTargetException
Caused by: java.lang.reflect.InvocationTargetException
Caused by: java.lang.RuntimeException: java.lang.reflect.InvocationTargetException
Caused by: java.lang.reflect.InvocationTargetException
Caused by: java.lang.RuntimeException: java.lang.reflect.InvocationTargetException
Caused by: java.lang.reflect.InvocationTargetException
Caused by: java.lang.RuntimeException: java.lang.reflect.InvocationTargetException
Caused by: java.lang.reflect.InvocationTargetException
Caused by: java.lang.RuntimeException: java.lang.reflect.InvocationTargetException
Caused by: java.lang.reflect.InvocationTargetException
Caused by: java.lang.RuntimeException: java.lang.reflect.InvocationTargetException
Caused by: java.lang.reflect.InvocationTargetException
Caused by: java.lang.RuntimeException: java.lang.reflect.InvocationTargetException
Caused by: java.lang.reflect.InvocationTargetException
Caused by: java.lang.RuntimeException: java.lang.reflect.InvocationTargetException
Caused by: java.lang.reflect.InvocationTargetException
Caused by: java.lang.RuntimeException: java.lang.reflect.InvocationTargetException
Caused by: java.lang.reflect.InvocationTargetException
Caused by: java.lang.RuntimeException: java.lang.reflect.InvocationTargetException
Caused by: java.lang.reflect.InvocationTargetException
Caused by: java.lang.RuntimeException: java.lang.reflect.InvocationTargetException
Caused by: java.lang.reflect.InvocationTargetException
Caused by: java.lang.RuntimeException: java.lang.reflect.InvocationTargetException
Caused by: java.lang.reflect.InvocationTargetException
Caused by: java.lang.RuntimeException: java.lang.reflect.InvocationTargetException
Caused by: java.lang.reflect.InvocationTargetException
Caused by: java.lang.RuntimeException: java.lang.reflect.InvocationTargetException
Caused by: java.lang.reflect.InvocationTargetException
Caused by: java.lang.RuntimeException: java.lang.reflect.InvocationTargetException
Caused by: java.lang.reflect.InvocationTargetException
Caused by: java.lang.RuntimeException: java.lang.reflect.InvocationTargetException
Caused by: java.lang.reflect.InvocationTargetException
Caused by: java.lang.RuntimeException: java.lang.reflect.InvocationTargetException
Caused by: java.lang.reflect.InvocationTargetException
Caused by: java.lang.RuntimeException: java.lang.reflect.InvocationTargetException
Caused by: java.lang.reflect.InvocationTargetException
Caused by: java.lang.RuntimeException: java.lang.reflect.InvocationTargetException
Caused by: java.lang.reflect.InvocationTargetException
Caused by: java.lang.RuntimeException: java.lang.reflect.InvocationTargetException
Caused by: java.lang.reflect.InvocationTargetException
Caused by: java.lang.RuntimeException: java.lang.reflect.InvocationTargetException
Caused by: java.lang.reflect.InvocationTargetException
Caused by: java.lang.RuntimeException: java.lang.reflect.InvocationTargetException
Caused by: java.lang.reflect.InvocationTargetException
Caused by: java.lang.RuntimeException: java.lang.reflect.InvocationTargetException
Caused by: java.lang.reflect.InvocationTargetException
Caused by: java.lang.RuntimeException: java.lang.reflect.InvocationTargetException
Caused by: java.lang.reflect.InvocationTargetException
Caused by: java.lang.RuntimeException: java.lang.reflect.InvocationTargetException
Caused by: java.lang.reflect.InvocationTargetException
Caused by: java.lang.RuntimeException: java.lang.reflect.InvocationTargetException
Caused by: java.lang.reflect.InvocationTargetException
Caused by: java.lang.RuntimeException: java.lang.reflect.InvocationTargetException
Caused by: java.lang.reflect.InvocationTargetException
Caused by: java.lang.RuntimeException: java.lang.reflect.InvocationTargetException
Caused by: java.lang.reflect.InvocationTargetException
Caused by: java.lang.RuntimeException: java.lang.reflect.InvocationTargetException
Caused by: java.lang.reflect.InvocationTargetException
Caused by: java.lang.RuntimeException: java.lang.reflect.InvocationTargetException
Caused by: java.lang.reflect.InvocationTargetException
Caused by: java.lang.RuntimeException: java.lang.reflect.InvocationTargetException
Caused by: java.lang.reflect.InvocationTargetException
Caused by: java.lang.RuntimeException: java.lang.reflect.InvocationTargetException
Caused by: java.lang.reflect.InvocationTargetException
Caused by: java.lang.RuntimeException: java.lang.reflect.InvocationTargetException
Caused by: java.lang.reflect.InvocationTargetException
Caused by: java.lang.RuntimeException: java.lang.reflect.InvocationTargetException
Caused by: java.lang.reflect.InvocationTargetException
Caused by: java.lang.RuntimeException: java.lang.reflect.InvocationTargetException
Caused by: java.lang.reflect.InvocationTargetException
Caused by: java.lang.RuntimeException: java.lang.reflect.InvocationTargetException
Caused by: java.lang.reflect.InvocationTargetException
Caused by: java.lang.RuntimeException: java.lang.reflect.InvocationTargetException
Caused by: java.lang.reflect.InvocationTargetException
Caused by: java.lang.RuntimeException: java.lang.reflect.InvocationTargetException
Caused by: java.lang.reflect.InvocationTargetException
Caused by: java.lang.RuntimeException: java.lang.reflect.InvocationTargetException
Caused by: java.lang.reflect.InvocationTargetException
Caused by: java.lang.RuntimeException: java.lang.reflect.InvocationTargetException
Caused by: java.lang.reflect.InvocationTargetException
Caused by: java.lang.RuntimeException: java.lang.reflect.InvocationTargetException
Caused by: java.lang.reflect.InvocationTargetException
Caused by: java.lang.RuntimeException: java.lang.reflect.InvocationTargetException
Caused by: java.lang.reflect.InvocationTargetException
Caused by: java.lang.RuntimeException: java.lang.reflect.InvocationTargetException
Caused by: java.lang.reflect.InvocationTargetException
Caused by: java.lang.RuntimeException: java.lang.reflect.InvocationTargetException
Caused by: java.lang.reflect.InvocationTargetException
Caused by: java.lang.RuntimeException: java.lang.reflect.InvocationTargetException
Caused by: java.lang.reflect.InvocationTargetException
Caused by: java.lang.RuntimeException: java.lang.reflect.InvocationTargetException
Caused by: java.lang.reflect.InvocationTargetException
Caused by: java.lang.RuntimeException: java.lang.reflect.InvocationTargetException
Caused by: java.lang.reflect.InvocationTargetException
Caused by: java.lang.RuntimeException: java.lang.reflect.InvocationTargetException
Caused by: java.lang.reflect.InvocationTargetException
Caused by: java.lang.RuntimeException: java.lang.reflect.InvocationTargetException
Caused by: java.lang.reflect.InvocationTargetException
Caused by: java.lang.RuntimeException: java.lang.reflect.InvocationTargetException
Caused by: java.lang.reflect.InvocationTargetException
Caused by: java.lang.RuntimeException: java.lang.reflect.InvocationTargetException
Caused by: java.lang.reflect.InvocationTargetException
Caused by: java.lang.RuntimeException: java.lang.reflect.InvocationTargetException
Caused by: java.lang.reflect.InvocationTargetException
Caused by: java.lang.RuntimeException: java.lang.reflect.InvocationTargetException
Caused by: java.lang.reflect.InvocationTargetException
Caused by: java.lang.RuntimeException: java.lang.reflect.InvocationTargetException
Caused by: java.lang.reflect.InvocationTargetException
Caused by: java.lang.RuntimeException: java.lang.reflect.InvocationTargetException
Caused by: java.lang.reflect.InvocationTargetException
Caused by: java.lang.RuntimeException: java.lang.reflect.InvocationTargetException
Caused by: java.lang.reflect.InvocationTargetException
Caused by: java.lang.RuntimeException: java.lang.reflect.InvocationTargetException
Caused by: java.lang.reflect.InvocationTargetException
Caused by: java.lang.RuntimeException: java.lang.reflect.InvocationTargetException
Caused by: java.lang.reflect.InvocationTargetException
Caused by: java.lang.RuntimeException: java.lang.reflect.InvocationTargetException
Caused by: java.lang.reflect.InvocationTargetException
Caused by: java.lang.RuntimeException: java.lang.reflect.InvocationTargetException
Caused by: java.lang.reflect.InvocationTargetException
Caused by: java.lang.RuntimeException: java.lang.reflect.InvocationTargetException
Caused by: java.lang.reflect.InvocationTargetException
Caused by: java.lang.RuntimeException: java.lang.reflect.InvocationTargetException
Caused by: java.lang.reflect.InvocationTargetException
Caused by: java.lang.RuntimeException: java.lang.reflect.InvocationTargetException
Caused by: java.lang.reflect.InvocationTargetException
Caused by: java.lang.RuntimeException: java.lang.reflect.InvocationTargetException
Caused by: java.lang.reflect.InvocationTargetException
Caused by: java.lang.RuntimeException: java.lang.reflect.InvocationTargetException
Caused by: java.lang.reflect.InvocationTargetException
Caused by: java.lang.RuntimeException: java.lang.reflect.InvocationTargetException
Caused by: java.lang.reflect.InvocationTargetException
Caused by: java.lang.RuntimeException: java.lang.reflect.InvocationTargetException
Caused by: java.lang.reflect.InvocationTargetException
Caused by: java.lang.RuntimeException: java.lang.reflect.InvocationTargetException
Caused by: java.lang.reflect.InvocationTargetException
Caused by: java.lang.RuntimeException: java.lang.reflect.InvocationTargetException
Caused by: java.lang.reflect.InvocationTargetException
Caused by: java.lang.RuntimeException: java.lang.reflect.InvocationTargetException
Caused by: java.lang.reflect.InvocationTargetException
Caused by: java.lang.RuntimeException: java.lang.reflect.InvocationTargetException
Caused by: java.lang.reflect.InvocationTargetException
Caused by: java.lang.RuntimeException: java.lang.reflect.InvocationTargetException
Caused by: java.lang.reflect.InvocationTargetException
Caused by: java.lang.RuntimeException: java.lang.reflect.InvocationTargetException
Caused by: java.lang.reflect.InvocationTargetException
Caused by: java.lang.RuntimeException: java.lang.reflect.InvocationTargetException
Caused by: java.lang.reflect.InvocationTargetException
Caused by: java.lang.RuntimeException: java.lang.reflect.InvocationTargetException
Caused by: java.lang.reflect.InvocationTargetException
Caused by: java.lang.RuntimeException: java.lang.reflect.InvocationTargetException
Caused by: java.lang.reflect.InvocationTargetException
Caused by: java.lang.RuntimeException: java.lang.reflect.InvocationTargetException
Caused by: java.lang.reflect.InvocationTargetException
Caused by: java.lang.RuntimeException: java.lang.reflect.InvocationTargetException
Caused by: java.lang.reflect.InvocationTargetException
Caused by: java.lang.RuntimeException: java.lang.reflect.InvocationTargetException
Caused by: java.lang.reflect.InvocationTargetException
Caused by: java.lang.RuntimeException: java.lang.reflect.InvocationTargetException
Caused by: java.lang.reflect.InvocationTargetException
Caused by: java.lang.RuntimeException: java.lang.reflect.InvocationTargetException
Caused by: java.lang.reflect.InvocationTargetException
Caused by: java.lang.RuntimeException: java.lang.reflect.InvocationTargetException
Caused by: java.lang.reflect.InvocationTargetException
Caused by: java.lang.RuntimeException: java.lang.reflect.InvocationTargetException
Caused by: java.lang.reflect.InvocationTargetException
Caused by: java.lang.RuntimeException: java.lang.reflect.InvocationTargetException
Caused by: java.lang.reflect.InvocationTargetException
Caused by: java.lang.RuntimeException: java.lang.reflect.InvocationTargetException
Caused by: java.lang.reflect.InvocationTargetException
Caused by: java.lang.RuntimeException: java.lang.reflect.InvocationTargetException
Caused by: java.lang.reflect.InvocationTargetException
Caused by: java.lang.RuntimeException: java.lang.reflect.InvocationTargetException
Caused by: java.lang.reflect.InvocationTargetException
Caused by: java.lang.RuntimeException: java.lang.reflect.InvocationTargetException
Caused by: java.lang.reflect.InvocationTargetException
Caused by: java.lang.RuntimeException: java.lang.reflect.InvocationTargetException
Caused by: java.lang.reflect.InvocationTargetException
Caused by: java.lang.RuntimeException: java.lang.reflect.InvocationTargetException
Caused by: java.lang.reflect.InvocationTargetException
Caused by: java.lang.RuntimeException: java.lang.reflect.InvocationTargetException
Caused by: java.lang.reflect.InvocationTargetException
Caused by: java.lang.RuntimeException: java.lang.reflect.InvocationTargetException
Caused by: java.lang.reflect.InvocationTargetException
Caused by: java.lang.RuntimeException: java.lang.reflect.InvocationTargetException
Caused by: java.lang.reflect.InvocationTargetException
Caused by: java.lang.RuntimeException: java.lang.reflect.InvocationTargetException
Caused by: java.lang.reflect.InvocationTargetException
Caused by: java.lang.RuntimeException: java.lang.reflect.InvocationTargetException
Caused by: java.lang.reflect.InvocationTargetException
Caused by: java.lang.RuntimeException: java.lang.reflect.InvocationTargetException
Caused by: java.lang.reflect.InvocationTargetException
Caused by: java.lang.RuntimeException: java.lang.reflect.InvocationTargetException
Caused by: java.lang.reflect.InvocationTargetException
Caused by: java.lang.RuntimeException: java.lang.reflect.InvocationTargetException
Caused by: java.lang.reflect.InvocationTargetException
Caused by: java.lang.RuntimeException: java.lang.reflect.InvocationTargetException
Caused by: java.lang.reflect.InvocationTargetException
Caused by: java.lang.RuntimeException: java.lang.reflect.InvocationTargetException
Caused by: java.lang.reflect.InvocationTargetException
Caused by: java.lang.RuntimeException: java.lang.reflect.InvocationTargetException
Caused by: java.lang.reflect.InvocationTargetException
Caused by: java.lang.RuntimeException: java.lang.reflect.InvocationTargetException
Caused by: java.lang.reflect.InvocationTargetException
Caused by: java.lang.RuntimeException: java.lang.reflect.InvocationTargetException
Caused by: java.lang.reflect.InvocationTargetException
Caused by: java.lang.RuntimeException: java.lang.reflect.InvocationTargetException
Caused by: java.lang.reflect.InvocationTargetException
Caused by: java.lang.RuntimeException: java.lang.reflect.InvocationTargetException
Caused by: java.lang.reflect.InvocationTargetException
Caused by: java.lang.RuntimeException: java.lang.reflect.InvocationTargetException
Caused by: java.lang.reflect.InvocationTargetException
Caused by: java.lang.RuntimeException: java.lang.reflect.InvocationTargetException
Caused by: java.lang.reflect.InvocationTargetException
Caused by: java.lang.RuntimeException: java.lang.reflect.InvocationTargetException
Caused by: java.lang.reflect.InvocationTargetException
Caused by: java.lang.RuntimeException: java.lang.reflect.InvocationTargetException
Caused by: java.lang.reflect.InvocationTargetException
Caused by: java.lang.RuntimeException: java.lang.reflect.InvocationTargetException
Caused by: java.lang.reflect.InvocationTargetException
Caused by: java.lang.RuntimeException: java.lang.reflect.InvocationTargetException
Caused by: java.lang.reflect.InvocationTargetException
Caused by: java.lang.RuntimeException: java.lang.reflect.InvocationTargetException
Caused by: java.lang.reflect.InvocationTargetException
Caused by: java.lang.RuntimeException: java.lang.reflect.InvocationTargetException
Caused by: java.lang.reflect.InvocationTargetException
Caused by: java.lang.RuntimeException: java.lang.reflect.InvocationTargetException
Caused by: java.lang.reflect.InvocationTargetException
Caused by: java.lang.RuntimeException: java.lang.reflect.InvocationTargetException
Caused by: java.lang.reflect.InvocationTargetException
Caused by: java.lang.RuntimeException: java.lang.reflect.InvocationTargetException
Caused by: java.lang.reflect.InvocationTargetException
Caused by: java.lang.RuntimeException: java.lang.reflect.InvocationTargetException
Caused by: java.lang.reflect.InvocationTargetException
Caused by: java.lang.RuntimeException: java.lang.reflect.InvocationTargetException
Caused by: java.lang.reflect.InvocationTargetException
Caused by: java.lang.RuntimeException: java.lang.reflect.InvocationTargetException
Caused by: java.lang.reflect.InvocationTargetException
Caused by: java.lang.RuntimeException: java.lang.reflect.InvocationTargetException
Caused by: java.lang.reflect.InvocationTargetException
Caused by: java.lang.RuntimeException: java.lang.reflect.InvocationTargetException
Caused by: java.lang.reflect.InvocationTargetException
Caused by: java.lang.RuntimeException: java.lang.reflect.InvocationTargetException
Caused by: java.lang.reflect.InvocationTargetException
Caused by: java.lang.RuntimeException: java.lang.reflect.InvocationTargetException
Caused by: java.lang.reflect.InvocationTargetException
Caused by: java.lang.RuntimeException: java.lang.reflect.InvocationTargetException
Caused by: java.lang.reflect.InvocationTargetException
Caused by: java.lang.RuntimeException: java.lang.reflect.InvocationTargetException
Caused by: java.lang.reflect.InvocationTargetException
Caused by: java.lang.RuntimeException: java.lang.reflect.InvocationTargetException
Caused by: java.lang.reflect.InvocationTargetException
Caused by: java.lang.RuntimeException: java.lang.reflect.InvocationTargetException
Caused by: java.lang.reflect.InvocationTargetException
Caused by: java.lang.RuntimeException: java.lang.reflect.InvocationTargetException
Caused by: java.lang.reflect.InvocationTargetException
Caused by: java.lang.RuntimeException: java.lang.reflect.InvocationTargetException
Caused by: java.lang.reflect.InvocationTargetException
Caused by: java.lang.RuntimeException: java.lang.reflect.InvocationTargetException
Caused by: java.lang.reflect.InvocationTargetException
Caused by: java.lang.RuntimeException: java.lang.reflect.InvocationTargetException
Caused by: java.lang.reflect.InvocationTargetException
Caused by: java.lang.RuntimeException: java.lang.reflect.InvocationTargetException
Caused by: java.lang.reflect.InvocationTargetException
Caused by: java.lang.RuntimeException: java.lang.reflect.InvocationTargetException
Caused by: java.lang.reflect.InvocationTargetException
Caused by: java.lang.RuntimeException: java.lang.reflect.InvocationTargetException
Caused by: java.lang.reflect.InvocationTargetException
Caused by: java.lang.RuntimeException: java.lang.reflect.InvocationTargetException
Caused by: java.lang.reflect.InvocationTargetException
Caused by: java.lang.RuntimeException: java.lang.reflect.InvocationTargetException
Caused by: java.lang.reflect.InvocationTargetException
Caused by: java.lang.RuntimeException: java.lang.reflect.InvocationTargetException
Caused by: java.lang.reflect.InvocationTargetException
Caused by: java.lang.RuntimeException: java.lang.reflect.InvocationTargetException
Caused by: java.lang.reflect.InvocationTargetException
Caused by: java.lang.RuntimeException: java.lang.reflect.InvocationTargetException
Caused by: java.lang.reflect.InvocationTargetException
Caused by: java.lang.RuntimeException: java.lang.reflect.InvocationTargetException
Caused by: java.lang.reflect.InvocationTargetException
Caused by: java.lang.RuntimeException: java.lang.reflect.InvocationTargetException
Caused by: java.lang.reflect.InvocationTargetException
Caused by: java.lang.RuntimeException: java.lang.reflect.InvocationTargetException
Caused by: java.lang.reflect.InvocationTargetException
Caused by: java.lang.RuntimeException: java.lang.reflect.InvocationTargetException
Caused by: java.lang.reflect.InvocationTargetException
Caused by: java.lang.RuntimeException: java.lang.reflect.InvocationTargetException
Caused by: java.lang.reflect.InvocationTargetException
Caused by: java.lang.RuntimeException: java.lang.reflect.InvocationTargetException
Caused by: java.lang.reflect.InvocationTargetException
Caused by: java.lang.RuntimeException: java.lang.reflect.InvocationTargetException
Caused by: java.lang.reflect.InvocationTargetException
Caused by: java.lang.RuntimeException: java.lang.reflect.InvocationTargetException
Caused by: java.lang.reflect.InvocationTargetException
Caused by: java.lang.RuntimeException: java.lang.reflect.InvocationTargetException
Caused by: java.lang.reflect.InvocationTargetException
Caused by: java.lang.RuntimeException: java.lang.reflect.InvocationTargetException
Caused by: java.lang.reflect.InvocationTargetException
Caused by: java.lang.RuntimeException: java.lang.reflect.InvocationTargetException
Caused by: java.lang.reflect.InvocationTargetException
Caused by: java.lang.RuntimeException: java.lang.reflect.InvocationTargetException
Caused by: java.lang.reflect.InvocationTargetException
Caused by: java.lang.RuntimeException: java.lang.reflect.InvocationTargetException
Caused by: java.lang.reflect.InvocationTargetException
Caused by: java.lang.RuntimeException: java.lang.reflect.InvocationTargetException
Caused by: java.lang.reflect.InvocationTargetException
Caused by: java.lang.RuntimeException: java.lang.reflect.InvocationTargetException
Caused by: java.lang.reflect.InvocationTargetException
Caused by: java.lang.RuntimeException: java.lang.reflect.InvocationTargetException
Caused by: java.lang.reflect.InvocationTargetException
Caused by: java.lang.RuntimeException: java.lang.reflect.InvocationTargetException
Caused by: java.lang.reflect.InvocationTargetException
Caused by: java.lang.RuntimeException: java.lang.reflect.InvocationTargetException
Caused by: java.lang.reflect.InvocationTargetException
Caused by: java.lang.RuntimeException: java.lang.reflect.InvocationTargetException
Caused by: java.lang.reflect.InvocationTargetException
Caused by: java.lang.RuntimeException: java.lang.reflect.InvocationTargetException
Caused by: java.lang.reflect.InvocationTargetException
Caused by: java.lang.RuntimeException: java.lang.reflect.InvocationTargetException
Caused by: java.lang.reflect.InvocationTargetException
Caused by: java.lang.RuntimeException: java.lang.reflect.InvocationTargetException
Caused by: java.lang.reflect.InvocationTargetException
Caused by: java.lang.RuntimeException: java.lang.reflect.InvocationTargetException
Caused by: java.lang.reflect.InvocationTargetException
Caused by: java.lang.RuntimeException: java.lang.reflect.InvocationTargetException
Caused by: java.lang.reflect.InvocationTargetException
Caused by: java.lang.RuntimeException: java.lang.reflect.InvocationTargetException
Caused by: java.lang.reflect.InvocationTargetException
Caused by: java.lang.RuntimeException: java.lang.reflect.InvocationTargetException
Caused by: java.lang.reflect.InvocationTargetException
Caused by: java.lang.RuntimeException: java.lang.reflect.InvocationTargetException
Caused by: java.lang.reflect.InvocationTargetException
Caused by: java.lang.RuntimeException: java.lang.reflect.InvocationTargetException
Caused by: java.lang.reflect.InvocationTargetException
Caused by: java.lang.RuntimeException: java.lang.reflect.InvocationTargetException
Caused by: java.lang.reflect.InvocationTargetException
Caused by: java.lang.RuntimeException: java.lang.reflect.InvocationTargetException
Caused by: java.lang.reflect.InvocationTargetException
Caused by: java.lang.RuntimeException: java.lang.reflect.InvocationTargetException
Caused by: java.lang.reflect.InvocationTargetException
Caused by: java.lang.RuntimeException: java.lang.reflect.InvocationTargetException
Caused by: java.lang.reflect.InvocationTargetException
Caused by: java.lang.RuntimeException: java.lang.reflect.InvocationTargetException
Caused by: java.lang.reflect.InvocationTargetException
Caused by: java.lang.RuntimeException: java.lang.reflect.InvocationTargetException
Caused by: java.lang.reflect.InvocationTargetException
Caused by: java.lang.RuntimeException: java.lang.reflect.InvocationTargetException
Caused by: java.lang.reflect.InvocationTargetException
Caused by: java.lang.RuntimeException: java.lang.reflect.InvocationTargetException
Caused by: java.lang.reflect.InvocationTargetException
Caused by: java.lang.RuntimeException: java.lang.reflect.InvocationTargetException
Caused by: java.lang.reflect.InvocationTargetException
Caused by: java.lang.RuntimeException: java.lang.reflect.InvocationTargetException
Caused by: java.lang.reflect.InvocationTargetException
Caused by: java.lang.RuntimeException: java.lang.reflect.InvocationTargetException
Caused by: java.lang.reflect.InvocationTargetException
Caused by: java.lang.RuntimeException: java.lang.reflect.InvocationTargetException
Caused by: java.lang.reflect.InvocationTargetException
Caused by: java.lang.RuntimeException: java.lang.reflect.InvocationTargetException
Caused by: java.lang.reflect.InvocationTargetException
Caused by: java.lang.RuntimeException: java.lang.reflect.InvocationTargetException
Caused by: java.lang.reflect.InvocationTargetException
Caused by: java.lang.RuntimeException: java.lang.reflect.InvocationTargetException
Caused by: java.lang.reflect.InvocationTargetException
Caused by: java.lang.RuntimeException: java.lang.reflect.InvocationTargetException
Caused by: java.lang.reflect.InvocationTargetException
Caused by: java.lang.RuntimeException: java.lang.reflect.InvocationTargetException
Caused by: java.lang.reflect.InvocationTargetException
Caused by: java.lang.RuntimeException: java.lang.reflect.InvocationTargetException
Caused by: java.lang.reflect.InvocationTargetException
Caused by: java.lang.RuntimeException: java.lang.reflect.InvocationTargetException
Caused by: java.lang.reflect.InvocationTargetException
Caused by: java.lang.RuntimeException: java.lang.reflect.InvocationTargetException
Caused by: java.lang.reflect.InvocationTargetException
Caused by: java.lang.RuntimeException: java.lang.reflect.InvocationTargetException
Caused by: java.lang.reflect.InvocationTargetException
Caused by: java.lang.RuntimeException: java.lang.reflect.InvocationTargetException
Caused by: java.lang.reflect.InvocationTargetException
Caused by: java.lang.RuntimeException: java.lang.reflect.InvocationTargetException
Caused by: java.lang.reflect.InvocationTargetException
Caused by: java.lang.RuntimeException: java.lang.reflect.InvocationTargetException
Caused by: java.lang.reflect.InvocationTargetException
Caused by: java.lang.RuntimeException: java.lang.reflect.InvocationTargetException
Caused by: java.lang.reflect.InvocationTargetException
Caused by: java.lang.RuntimeException: java.lang.reflect.InvocationTargetException
Caused by: java.lang.reflect.InvocationTargetException
Caused by: java.lang.RuntimeException: java.lang.reflect.InvocationTargetException
Caused by: java.lang.reflect.InvocationTargetException
Caused by: java.lang.RuntimeException: java.lang.reflect.InvocationTargetException
Caused by: java.lang.reflect.InvocationTargetException
Caused by: java.lang.RuntimeException: java.lang.reflect.InvocationTargetException
Caused by: java.lang.reflect.InvocationTargetException
Caused by: java.lang.RuntimeException: java.lang.reflect.InvocationTargetException
Caused by: java.lang.reflect.InvocationTargetException
Caused by: java.lang.RuntimeException: java.lang.reflect.InvocationTargetException
Caused by: java.lang.reflect.InvocationTargetException
Caused by: java.lang.RuntimeException: java.lang.reflect.InvocationTargetException
Caused by: java.lang.reflect.InvocationTargetException
Caused by: java.lang.RuntimeException: java.lang.reflect.InvocationTargetException
Caused by: java.lang.reflect.InvocationTargetException
Caused by: java.lang.RuntimeException: java.lang.reflect.InvocationTargetException
Caused by: java.lang.reflect.InvocationTargetException
Caused by: java.lang.RuntimeException: java.lang.reflect.InvocationTargetException
Caused by: java.lang.reflect.InvocationTargetException
Caused by: java.lang.RuntimeException: java.lang.reflect.InvocationTargetException
Caused by: java.lang.reflect.InvocationTargetException
Caused by: java.lang.RuntimeException: java.lang.reflect.InvocationTargetException
Caused by: java.lang.reflect.InvocationTargetException
Caused by: java.lang.RuntimeException: java.lang.reflect.InvocationTargetException
Caused by: java.lang.reflect.InvocationTargetException
Caused by: java.lang.RuntimeException: java.lang.reflect.InvocationTargetException
Caused by: java.lang.reflect.InvocationTargetException
Caused by: java.lang.RuntimeException: java.lang.reflect.InvocationTargetException
Caused by: java.lang.reflect.InvocationTargetException
Caused by: java.lang.RuntimeException: java.lang.reflect.InvocationTargetException
Caused by: java.lang.reflect.InvocationTargetException
Caused by: java.lang.RuntimeException: java.lang.reflect.InvocationTargetException
Caused by: java.lang.reflect.InvocationTargetException
Caused by: java.lang.RuntimeException: java.lang.reflect.InvocationTargetException
Caused by: java.lang.reflect.InvocationTargetException
Caused by: java.lang.RuntimeException: java.lang.reflect.InvocationTargetException
Caused by: java.lang.reflect.InvocationTargetException
Caused by: java.lang.RuntimeException: java.lang.reflect.InvocationTargetException
Caused by: java.lang.reflect.InvocationTargetException
Caused by: java.lang.RuntimeException: java.lang.reflect.InvocationTargetException
Caused by: java.lang.reflect.InvocationTargetException
Caused by: java.lang.RuntimeException: java.lang.reflect.InvocationTargetException
Caused by: java.lang.reflect.InvocationTargetException
Caused by: java.lang.RuntimeException: java.lang.reflect.InvocationTargetException
Caused by: java.lang.reflect.InvocationTargetException
Caused by: java.lang.RuntimeException: java.lang.reflect.InvocationTargetException
Caused by: java.lang.reflect.InvocationTargetException
Caused by: java.lang.RuntimeException: java.lang.reflect.InvocationTargetException
Caused by: java.lang.reflect.InvocationTargetException
Caused by: java.lang.RuntimeException: java.lang.reflect.InvocationTargetException
Caused by: java.lang.reflect.InvocationTargetException
Caused by: java.lang.RuntimeException: java.lang.reflect.InvocationTargetException
Caused by: java.lang.reflect.InvocationTargetException
Caused by: java.lang.RuntimeException: java.lang.reflect.InvocationTargetException
Caused by: java.lang.reflect.InvocationTargetException
Caused by: java.lang.RuntimeException: java.lang.reflect.InvocationTargetException
Caused by: java.lang.reflect.InvocationTargetException
Caused by: java.lang.RuntimeException: java.lang.reflect.InvocationTargetException
Caused by: java.lang.reflect.InvocationTargetException
Caused by: java.lang.RuntimeException: java.lang.reflect.InvocationTargetException
Caused by: java.lang.reflect.InvocationTargetException
Caused by: java.lang.RuntimeException: java.lang.reflect.InvocationTargetException
Caused by: java.lang.reflect.InvocationTargetException
Caused by: java.lang.RuntimeException: java.lang.reflect.InvocationTargetException
Caused by: java.lang.reflect.InvocationTargetException
Caused by: java.lang.RuntimeException: java.lang.reflect.InvocationTargetException
Caused by: java.lang.reflect.InvocationTargetException
Caused by: java.lang.RuntimeException: java.lang.reflect.InvocationTargetException
Caused by: java.lang.reflect.InvocationTargetException
Caused by: java.lang.RuntimeException: java.lang.reflect.InvocationTargetException
Caused by: java.lang.reflect.InvocationTargetException
Caused by: java.lang.RuntimeException: java.lang.reflect.InvocationTargetException
Caused by: java.lang.reflect.InvocationTargetException
Caused by: java.lang.RuntimeException: java.lang.reflect.InvocationTargetException
Caused by: java.lang.reflect.InvocationTargetException
Caused by: java.lang.RuntimeException: java.lang.reflect.InvocationTargetException
Caused by: java.lang.reflect.InvocationTargetException
Caused by: java.lang.RuntimeException: java.lang.reflect.InvocationTargetException
Caused by: java.lang.reflect.InvocationTargetException
Caused by: java.lang.RuntimeException: java.lang.reflect.InvocationTargetException
Caused by: java.lang.reflect.InvocationTargetException
Caused by: java.lang.RuntimeException: java.lang.reflect.InvocationTargetException
Caused by: java.lang.reflect.InvocationTargetException
Caused by: java.lang.RuntimeException: java.lang.reflect.InvocationTargetException
Caused by: java.lang.reflect.InvocationTargetException
Caused by: java.lang.RuntimeException: java.lang.reflect.InvocationTargetException
Caused by: java.lang.reflect.InvocationTargetException
Caused by: java.lang.RuntimeException: java.lang.reflect.InvocationTargetException
Caused by: java.lang.reflect.InvocationTargetException
Caused by: java.lang.RuntimeException: java.lang.reflect.InvocationTargetException
Caused by: java.lang.reflect.InvocationTargetException
Caused by: java.lang.RuntimeException: java.lang.reflect.InvocationTargetException
Caused by: java.lang.reflect.InvocationTargetException
Caused by: java.lang.RuntimeException: java.lang.reflect.InvocationTargetException
Caused by: java.lang.reflect.InvocationTargetException
Caused by: java.lang.RuntimeException: java.lang.reflect.InvocationTargetException
Caused by: java.lang.reflect.InvocationTargetException
Caused by: java.lang.RuntimeException: java.lang.reflect.InvocationTargetException
Caused by: java.lang.reflect.InvocationTargetException
Caused by: java.lang.RuntimeException: java.lang.reflect.InvocationTargetException
Caused by: java.lang.reflect.InvocationTargetException
Caused by: java.lang.RuntimeException: java.lang.reflect.InvocationTargetException
Caused by: java.lang.reflect.InvocationTargetException
Caused by: java.lang.RuntimeException: java.lang.reflect.InvocationTargetException
Caused by: java.lang.reflect.InvocationTargetException
Caused by: java.lang.RuntimeException: java.lang.reflect.InvocationTargetException
Caused by: java.lang.reflect.InvocationTargetException
Caused by: java.lang.RuntimeException: java.lang.reflect.InvocationTargetException
Caused by: java.lang.reflect.InvocationTargetException
Caused by: java.lang.RuntimeException: java.lang.reflect.InvocationTargetException
Caused by: java.lang.reflect.InvocationTargetException
Caused by: java.lang.RuntimeException: java.lang.reflect.InvocationTargetException
Caused by: java.lang.reflect.InvocationTargetException
Caused by: java.lang.RuntimeException: java.lang.reflect.InvocationTargetException
Caused by: java.lang.reflect.InvocationTargetException
Caused by: java.lang.RuntimeException: java.lang.reflect.InvocationTargetException
Caused by: java.lang.reflect.InvocationTargetException
Caused by: java.lang.RuntimeException: java.lang.reflect.InvocationTargetException
Caused by: java.lang.reflect.InvocationTargetException
Caused by: java.lang.RuntimeException: java.lang.reflect.InvocationTargetException
Caused by: java.lang.reflect.InvocationTargetException
Caused by: java.lang.RuntimeException: java.lang.reflect.InvocationTargetException
Caused by: java.lang.reflect.InvocationTargetException
Caused by: java.lang.RuntimeException: java.lang.reflect.InvocationTargetException
Caused by: java.lang.reflect.InvocationTargetException
Caused by: java.lang.RuntimeException: java.lang.reflect.InvocationTargetException
Caused by: java.lang.reflect.InvocationTargetException
Caused by: java.lang.RuntimeException: java.lang.reflect.InvocationTargetException
Caused by: java.lang.reflect.InvocationTargetException
Caused by: java.lang.RuntimeException: java.lang.reflect.InvocationTargetException
Caused by: java.lang.reflect.InvocationTargetException
Caused by: java.lang.RuntimeException: java.lang.reflect.InvocationTargetException
Caused by: java.lang.reflect.InvocationTargetException
Caused by: java.lang.RuntimeException: java.lang.reflect.InvocationTargetException
Caused by: java.lang.reflect.InvocationTargetException
Caused by: java.lang.RuntimeException: java.lang.reflect.InvocationTargetException
Caused by: java.lang.reflect.InvocationTargetException
Caused by: java.lang.RuntimeException: java.lang.reflect.InvocationTargetException
Caused by: java.lang.reflect.InvocationTargetException
Caused by: java.lang.RuntimeException: java.lang.reflect.InvocationTargetException
Caused by: java.lang.reflect.InvocationTargetException
Caused by: java.lang.RuntimeException: java.lang.reflect.InvocationTargetException
Caused by: java.lang.reflect.InvocationTargetException
Caused by: java.lang.RuntimeException: java.lang.reflect.InvocationTargetException
Caused by: java.lang.reflect.InvocationTargetException
Caused by: java.lang.RuntimeException: java.lang.reflect.InvocationTargetException
Caused by: java.lang.reflect.InvocationTargetException
Caused by: java.lang.RuntimeException: java.lang.reflect.InvocationTargetException
Caused by: java.lang.reflect.InvocationTargetException
Caused by: java.lang.RuntimeException: java.lang.reflect.InvocationTargetException
Caused by: java.lang.reflect.InvocationTargetException
Caused by: java.lang.RuntimeException: java.lang.reflect.InvocationTargetException
Caused by: java.lang.reflect.InvocationTargetException
Caused by: java.lang.RuntimeException: java.lang.reflect.InvocationTargetException
Caused by: java.lang.reflect.InvocationTargetException
Caused by: java.lang.RuntimeException: java.lang.reflect.InvocationTargetException
Caused by: java.lang.reflect.InvocationTargetException
Caused by: java.lang.RuntimeException: java.lang.reflect.InvocationTargetException
Caused by: java.lang.reflect.InvocationTargetException
Caused by: java.lang.RuntimeException: java.lang.reflect.InvocationTargetException
Caused by: java.lang.reflect.InvocationTargetException
Caused by: java.lang.RuntimeException: java.lang.reflect.InvocationTargetException
Caused by: java.lang.reflect.InvocationTargetException
Caused by: java.lang.RuntimeException: java.lang.reflect.InvocationTargetException
Caused by: java.lang.reflect.InvocationTargetException
Caused by: java.lang.RuntimeException: java.lang.reflect.InvocationTargetException
Caused by: java.lang.reflect.InvocationTargetException
Caused by: java.lang.RuntimeException: java.lang.reflect.InvocationTargetException
Caused by: java.lang.reflect.InvocationTargetException
Caused by: java.lang.RuntimeException: java.lang.reflect.InvocationTargetException
Caused by: java.lang.reflect.InvocationTargetException
Caused by: java.lang.RuntimeException: java.lang.reflect.InvocationTargetException
Caused by: java.lang.reflect.InvocationTargetException
Caused by: java.lang.RuntimeException: java.lang.reflect.InvocationTargetException
Caused by: java.lang.reflect.InvocationTargetException
Caused by: java.lang.RuntimeException: java.lang.reflect.InvocationTargetException
Caused by: java.lang.reflect.InvocationTargetException
Caused by: java.lang.RuntimeException: java.lang.reflect.InvocationTargetException
Caused by: java.lang.reflect.InvocationTargetException
Caused by: java.lang.RuntimeException: java.lang.reflect.InvocationTargetException
Caused by: java.lang.reflect.InvocationTargetException
Caused by: java.lang.RuntimeException: java.lang.reflect.InvocationTargetException
Caused by: java.lang.reflect.InvocationTargetException
Caused by: java.lang.RuntimeException: java.lang.reflect.InvocationTargetException
Caused by: java.lang.reflect.InvocationTargetException
Caused by: java.lang.RuntimeException: java.lang.reflect.InvocationTargetException
Caused by: java.lang.reflect.InvocationTargetException
Caused by: java.lang.RuntimeException: java.lang.reflect.InvocationTargetException
Caused by: java.lang.reflect.InvocationTargetException
Caused by: java.lang.RuntimeException: java.lang.reflect.InvocationTargetException
Caused by: java.lang.reflect.InvocationTargetException
Caused by: java.lang.RuntimeException: java.lang.reflect.InvocationTargetException
Caused by: java.lang.reflect.InvocationTargetException
Caused by: java.lang.RuntimeException: java.lang.reflect.InvocationTargetException
Caused by: java.lang.reflect.InvocationTargetException
Caused by: java.lang.RuntimeException: java.lang.reflect.InvocationTargetException
Caused by: java.lang.reflect.InvocationTargetException
Caused by: java.lang.RuntimeException: java.lang.reflect.InvocationTargetException
Caused by: java.lang.reflect.InvocationTargetException
Caused by: java.lang.RuntimeException: java.lang.reflect.InvocationTargetException
Caused by: java.lang.reflect.InvocationTargetException
Caused by: java.lang.RuntimeException: java.lang.reflect.InvocationTargetException
Caused by: java.lang.reflect.InvocationTargetException
Caused by: java.lang.RuntimeException: java.lang.reflect.InvocationTargetException
Caused by: java.lang.reflect.InvocationTargetException
Caused by: java.lang.RuntimeException: java.lang.reflect.InvocationTargetException
Caused by: java.lang.reflect.InvocationTargetException
Caused by: java.lang.RuntimeException: java.lang.reflect.InvocationTargetException
Caused by: java.lang.reflect.InvocationTargetException
Caused by: java.lang.RuntimeException: java.lang.reflect.InvocationTargetException
Caused by: java.lang.reflect.InvocationTargetException
Caused by: java.lang.RuntimeException: java.lang.reflect.InvocationTargetException
Caused by: java.lang.reflect.InvocationTargetException
Caused by: java.lang.RuntimeException: java.lang.reflect.InvocationTargetException
Caused by: java.lang.reflect.InvocationTargetException
Caused by: java.lang.RuntimeException: java.lang.reflect.InvocationTargetException
Caused by: java.lang.reflect.InvocationTargetException
Caused by: java.lang.RuntimeException: java.lang.reflect.InvocationTargetException
Caused by: java.lang.reflect.InvocationTargetException
Caused by: java.lang.RuntimeException: java.lang.reflect.InvocationTargetException
Caused by: java.lang.reflect.InvocationTargetException
Caused by: java.lang.RuntimeException: java.lang.reflect.InvocationTargetException
Caused by: java.lang.reflect.InvocationTargetException
Caused by: java.lang.RuntimeException: java.lang.reflect.InvocationTargetException
Caused by: java.lang.reflect.InvocationTargetException
Caused by: java.lang.RuntimeException: java.lang.reflect.InvocationTargetException
Caused by: java.lang.reflect.InvocationTargetException
Caused by: java.lang.RuntimeException: java.lang.reflect.InvocationTargetException
Caused by: java.lang.reflect.InvocationTargetException
Caused by: java.lang.RuntimeException: java.lang.reflect.InvocationTargetException
Caused by: java.lang.reflect.InvocationTargetException
Caused by: java.lang.RuntimeException: java.lang.reflect.InvocationTargetException
Caused by: java.lang.reflect.InvocationTargetException
Caused by: java.lang.RuntimeException: java.lang.reflect.InvocationTargetException
Caused by: java.lang.reflect.InvocationTargetException
Caused by: java.lang.RuntimeException: java.lang.reflect.InvocationTargetException
Caused by: java.lang.reflect.InvocationTargetException
Caused by: java.lang.RuntimeException: java.lang.reflect.InvocationTargetException
Caused by: java.lang.reflect.InvocationTargetException
Caused by: java.lang.RuntimeException: java.lang.reflect.InvocationTargetException
Caused by: java.lang.reflect.InvocationTargetException
Caused by: java.lang.RuntimeException: java.lang.reflect.InvocationTargetException
Caused by: java.lang.reflect.InvocationTargetException
Caused by: java.lang.RuntimeException: java.lang.reflect.InvocationTargetException
Caused by: java.lang.reflect.InvocationTargetException
Caused by: java.lang.RuntimeException: java.lang.reflect.InvocationTargetException
Caused by: java.lang.reflect.InvocationTargetException
Caused by: java.lang.RuntimeException: java.lang.reflect.InvocationTargetException
Caused by: java.lang.reflect.InvocationTargetException
Caused by: java.lang.RuntimeException: java.lang.reflect.InvocationTargetException
Caused by: java.lang.reflect.InvocationTargetException
Caused by: java.lang.RuntimeException: java.lang.reflect.InvocationTargetException
Caused by: java.lang.reflect.InvocationTargetException
Caused by: java.lang.RuntimeException: java.lang.reflect.InvocationTargetException
Caused by: java.lang.reflect.InvocationTargetException
Caused by: java.lang.RuntimeException: java.lang.reflect.InvocationTargetException
Caused by: java.lang.reflect.InvocationTargetException
Caused by: java.lang.RuntimeException: java.lang.reflect.InvocationTargetException
Caused by: java.lang.reflect.InvocationTargetException
Caused by: java.lang.RuntimeException: java.lang.reflect.InvocationTargetException
Caused by: java.lang.reflect.InvocationTargetException
Caused by: java.lang.RuntimeException: java.lang.reflect.InvocationTargetException
Caused by: java.lang.reflect.InvocationTargetException
Caused by: java.lang.RuntimeException: java.lang.reflect.InvocationTargetException
Caused by: java.lang.reflect.InvocationTargetException
Caused by: java.lang.RuntimeException: java.lang.reflect.InvocationTargetException
Caused by: java.lang.reflect.InvocationTargetException
Caused by: java.lang.RuntimeException: java.lang.reflect.InvocationTargetException
Caused by: java.lang.reflect.InvocationTargetException
Caused by: java.lang.RuntimeException: java.lang.reflect.InvocationTargetException
Caused by: java.lang.reflect.InvocationTargetException
Caused by: java.lang.RuntimeException: java.lang.reflect.InvocationTargetException
Caused by: java.lang.reflect.InvocationTargetException
Caused by: java.lang.RuntimeException: java.lang.reflect.InvocationTargetException
Caused by: java.lang.reflect.InvocationTargetException
Caused by: java.lang.RuntimeException: java.lang.reflect.InvocationTargetException
Caused by: java.lang.reflect.InvocationTargetException
Caused by: java.lang.RuntimeException: java.lang.reflect.InvocationTargetException
Caused by: java.lang.reflect.InvocationTargetException
Caused by: java.lang.RuntimeException: java.lang.reflect.InvocationTargetException
Caused by: java.lang.reflect.InvocationTargetException
Caused by: java.lang.RuntimeException: java.lang.reflect.InvocationTargetException
Caused by: java.lang.reflect.InvocationTargetException
Caused by: java.lang.RuntimeException: java.lang.reflect.InvocationTargetException
Caused by: java.lang.reflect.InvocationTargetException
Caused by: java.lang.RuntimeException: java.lang.reflect.InvocationTargetException
Caused by: java.lang.reflect.InvocationTargetException
Caused by: java.lang.RuntimeException: java.lang.reflect.InvocationTargetException
Caused by: java.lang.reflect.InvocationTargetException
Caused by: java.lang.RuntimeException: java.lang.reflect.InvocationTargetException
Caused by: java.lang.reflect.InvocationTargetException
Caused by: java.lang.RuntimeException: java.lang.reflect.InvocationTargetException
Caused by: java.lang.reflect.InvocationTargetException
Caused by: java.lang.RuntimeException: java.lang.reflect.InvocationTargetException
Caused by: java.lang.reflect.InvocationTargetException
Caused by: java.lang.RuntimeException: java.lang.reflect.InvocationTargetException
Caused by: java.lang.reflect.InvocationTargetException
Caused by: java.lang.RuntimeException: java.lang.reflect.InvocationTargetException
Caused by: java.lang.reflect.InvocationTargetException
Caused by: java.lang.RuntimeException: java.lang.reflect.InvocationTargetException
Caused by: java.lang.reflect.InvocationTargetException
Caused by: java.lang.RuntimeException: java.lang.reflect.InvocationTargetException
Caused by: java.lang.reflect.InvocationTargetException
Caused by: java.lang.RuntimeException: java.lang.reflect.InvocationTargetException
Caused by: java.lang.reflect.InvocationTargetException
Caused by: java.lang.RuntimeException: java.lang.reflect.InvocationTargetException
Caused by: java.lang.reflect.InvocationTargetException
Caused by: java.lang.RuntimeException: java.lang.reflect.InvocationTargetException
Caused by: java.lang.reflect.InvocationTargetException
Caused by: java.lang.RuntimeException: java.lang.reflect.InvocationTargetException
Caused by: java.lang.reflect.InvocationTargetException
Caused by: java.lang.RuntimeException: java.lang.reflect.InvocationTargetException
Caused by: java.lang.reflect.InvocationTargetException
Caused by: java.lang.RuntimeException: java.lang.reflect.InvocationTargetException
Caused by: java.lang.reflect.InvocationTargetException
Caused by: java.lang.RuntimeException: java.lang.reflect.InvocationTargetException
Caused by: java.lang.reflect.InvocationTargetException
Caused by: java.lang.RuntimeException: java.lang.reflect.InvocationTargetException
Caused by: java.lang.reflect.InvocationTargetException
Caused by: java.lang.RuntimeException: java.lang.reflect.InvocationTargetException
Caused by: java.lang.reflect.InvocationTargetException
Caused by: java.lang.RuntimeException: java.lang.reflect.InvocationTargetException
Caused by: java.lang.reflect.InvocationTargetException
Caused by: java.lang.RuntimeException: java.lang.reflect.InvocationTargetException
Caused by: java.lang.reflect.InvocationTargetException
Caused by: java.lang.RuntimeException: java.lang.reflect.InvocationTargetException
Caused by: java.lang.reflect.InvocationTargetException
Caused by: java.lang.RuntimeException: java.lang.reflect.InvocationTargetException
Caused by: java.lang.reflect.InvocationTargetException
Caused by: java.lang.RuntimeException: java.lang.reflect.InvocationTargetException
Caused by: java.lang.reflect.InvocationTargetException
Caused by: java.lang.RuntimeException: java.lang.reflect.InvocationTargetException
Caused by: java.lang.reflect.InvocationTargetException
Caused by: java.lang.RuntimeException: java.lang.reflect.InvocationTargetException
Caused by: java.lang.reflect.InvocationTargetException
Caused by: java.lang.RuntimeException: java.lang.reflect.InvocationTargetException
Caused by: java.lang.reflect.InvocationTargetException
Caused by: java.lang.RuntimeException: java.lang.reflect.InvocationTargetException
Caused by: java.lang.reflect.InvocationTargetException
Caused by: java.lang.RuntimeException: java.lang.reflect.InvocationTargetException
Caused by: java.lang.reflect.InvocationTargetException
Caused by: java.lang.RuntimeException: java.lang.reflect.InvocationTargetException
Caused by: java.lang.reflect.InvocationTargetException
Caused by: java.lang.RuntimeException: java.lang.reflect.InvocationTargetException
Caused by: java.lang.reflect.InvocationTargetException
Caused by: java.lang.RuntimeException: java.lang.reflect.InvocationTargetException
Caused by: java.lang.reflect.InvocationTargetException
Caused by: java.lang.RuntimeException: java.lang.reflect.InvocationTargetException
Caused by: java.lang.reflect.InvocationTargetException
Caused by: java.lang.RuntimeException: java.lang.reflect.InvocationTargetException
Caused by: java.lang.reflect.InvocationTargetException
Caused by: java.lang.RuntimeException: java.lang.reflect.InvocationTargetException
Caused by: java.lang.reflect.InvocationTargetException
Caused by: java.lang.RuntimeException: java.lang.reflect.InvocationTargetException
Caused by: java.lang.reflect.InvocationTargetException
Caused by: java.lang.RuntimeException: java.lang.reflect.InvocationTargetException
Caused by: java.lang.reflect.InvocationTargetException
Caused by: java.lang.RuntimeException: java.lang.reflect.InvocationTargetException
Caused by: java.lang.reflect.InvocationTargetException
Caused by: java.lang.RuntimeException: java.lang.reflect.InvocationTargetException
Caused by: java.lang.reflect.InvocationTargetException
Caused by: java.lang.RuntimeException: java.lang.reflect.InvocationTargetException
Caused by: java.lang.reflect.InvocationTargetException
Caused by: java.lang.RuntimeException: java.lang.reflect.InvocationTargetException
Caused by: java.lang.reflect.InvocationTargetException
Caused by: java.lang.RuntimeException: java.lang.reflect.InvocationTargetException
Caused by: java.lang.reflect.InvocationTargetException
Caused by: java.lang.RuntimeException: java.lang.reflect.InvocationTargetException
Caused by: java.lang.reflect.InvocationTargetException
Caused by: java.lang.RuntimeException: java.lang.reflect.InvocationTargetException
Caused by: java.lang.reflect.InvocationTargetException
Caused by: java.lang.RuntimeException: java.lang.reflect.InvocationTargetException
Caused by: java.lang.reflect.InvocationTargetException
Caused by: java.lang.RuntimeException: java.lang.reflect.InvocationTargetException
Caused by: java.lang.reflect.InvocationTargetException
Caused by: java.lang.RuntimeException: java.lang.reflect.InvocationTargetException
Caused by: java.lang.reflect.InvocationTargetException
Caused by: java.lang.RuntimeException: java.lang.reflect.InvocationTargetException
Caused by: java.lang.reflect.InvocationTargetException
Caused by: java.lang.RuntimeException: java.lang.reflect.InvocationTargetException
Caused by: java.lang.reflect.InvocationTargetException
Caused by: java.lang.RuntimeException: java.lang.reflect.InvocationTargetException
Caused by: java.lang.reflect.InvocationTargetException
Caused by: java.lang.RuntimeException: java.lang.reflect.InvocationTargetException
Caused by: java.lang.reflect.InvocationTargetException
Caused by: java.lang.RuntimeException: java.lang.reflect.InvocationTargetException
Caused by: java.lang.reflect.InvocationTargetException
Caused by: java.lang.RuntimeException: java.lang.reflect.InvocationTargetException
Caused by: java.lang.reflect.InvocationTargetException
Caused by: java.lang.RuntimeException: java.lang.reflect.InvocationTargetException
Caused by: java.lang.reflect.InvocationTargetException
Caused by: java.lang.RuntimeException: java.lang.reflect.InvocationTargetException
Caused by: java.lang.reflect.InvocationTargetException
Caused by: java.lang.RuntimeException: java.lang.reflect.InvocationTargetException
Caused by: java.lang.reflect.InvocationTargetException
Caused by: java.lang.RuntimeException: java.lang.reflect.InvocationTargetException
Caused by: java.lang.reflect.InvocationTargetException
Caused by: java.lang.RuntimeException: java.lang.reflect.InvocationTargetException
Caused by: java.lang.reflect.InvocationTargetException
Caused by: java.lang.RuntimeException: java.lang.reflect.InvocationTargetException
Caused by: java.lang.reflect.InvocationTargetException
Caused by: java.lang.RuntimeException: java.lang.reflect.InvocationTargetException
Caused by: java.lang.reflect.InvocationTargetException
Caused by: java.lang.RuntimeException: java.lang.reflect.InvocationTargetException
Caused by: java.lang.reflect.InvocationTargetException
Caused by: java.lang.RuntimeException: java.lang.reflect.InvocationTargetException
Caused by: java.lang.reflect.InvocationTargetException
Caused by: java.lang.RuntimeException: java.lang.reflect.InvocationTargetException
Caused by: java.lang.reflect.InvocationTargetException
Caused by: java.lang.RuntimeException: java.lang.reflect.InvocationTargetException
Caused by: java.lang.reflect.InvocationTargetException
Caused by: java.lang.RuntimeException: java.lang.reflect.InvocationTargetException
Caused by: java.lang.reflect.InvocationTargetException
Caused by: java.lang.RuntimeException: java.lang.reflect.InvocationTargetException
Caused by: java.lang.reflect.InvocationTargetException
Caused by: java.lang.RuntimeException: java.lang.reflect.InvocationTargetException
Caused by: java.lang.reflect.InvocationTargetException
Caused by: java.lang.RuntimeException: java.lang.reflect.InvocationTargetException
Caused by: java.lang.reflect.InvocationTargetException
Caused by: java.lang.RuntimeException: java.lang.reflect.InvocationTargetException
Caused by: java.lang.reflect.InvocationTargetException
Caused by: java.lang.RuntimeException: java.lang.reflect.InvocationTargetException
Caused by: java.lang.reflect.InvocationTargetException
Caused by: java.lang.RuntimeException: java.lang.reflect.InvocationTargetException
Caused by: java.lang.reflect.InvocationTargetException
Caused by: java.lang.RuntimeException: java.lang.reflect.InvocationTargetException
Caused by: java.lang.reflect.InvocationTargetException
Caused by: java.lang.RuntimeException: java.lang.reflect.InvocationTargetException
Caused by: java.lang.reflect.InvocationTargetException
Caused by: java.lang.RuntimeException: java.lang.reflect.InvocationTargetException
Caused by: java.lang.reflect.InvocationTargetException
Caused by: java.lang.RuntimeException: java.lang.reflect.InvocationTargetException
Caused by: java.lang.reflect.InvocationTargetException
Caused by: java.lang.RuntimeException: java.lang.reflect.InvocationTargetException
Caused by: java.lang.reflect.InvocationTargetException
Caused by: java.lang.RuntimeException: java.lang.reflect.InvocationTargetException
Caused by: java.lang.reflect.InvocationTargetException
Caused by: java.lang.RuntimeException: java.lang.reflect.InvocationTargetException
Caused by: java.lang.reflect.InvocationTargetException
Caused by: java.lang.RuntimeException: java.lang.reflect.InvocationTargetException
Caused by: java.lang.reflect.InvocationTargetException
Caused by: java.lang.RuntimeException: java.lang.reflect.InvocationTargetException
Caused by: java.lang.reflect.InvocationTargetException
Caused by: java.lang.RuntimeException: java.lang.reflect.InvocationTargetException
Caused by: java.lang.reflect.InvocationTargetException
Caused by: java.lang.RuntimeException: java.lang.reflect.InvocationTargetException
Caused by: java.lang.reflect.InvocationTargetException
Caused by: java.lang.RuntimeException: java.lang.reflect.InvocationTargetException
Caused by: java.lang.reflect.InvocationTargetException
Caused by: java.lang.RuntimeException: java.lang.reflect.InvocationTargetException
Caused by: java.lang.reflect.InvocationTargetException
Caused by: java.lang.RuntimeException: java.lang.reflect.InvocationTargetException
Caused by: java.lang.reflect.InvocationTargetException
Caused by: java.lang.RuntimeException: java.lang.reflect.InvocationTargetException
Caused by: java.lang.reflect.InvocationTargetException
Caused by: java.lang.RuntimeException: java.lang.reflect.InvocationTargetException
Caused by: java.lang.reflect.InvocationTargetException
Caused by: java.lang.RuntimeException: java.lang.reflect.InvocationTargetException
Caused by: java.lang.reflect.InvocationTargetException
Caused by: java.lang.RuntimeException: java.lang.reflect.InvocationTargetException
Caused by: java.lang.reflect.InvocationTargetException
Caused by: java.lang.RuntimeException: java.lang.reflect.InvocationTargetException
Caused by: java.lang.reflect.InvocationTargetException
Caused by: java.lang.RuntimeException: java.lang.reflect.InvocationTargetException
Caused by: java.lang.reflect.InvocationTargetException
Caused by: java.lang.RuntimeException: java.lang.reflect.InvocationTargetException
Caused by: java.lang.reflect.InvocationTargetException
Caused by: java.lang.RuntimeException: java.lang.reflect.InvocationTargetException
Caused by: java.lang.reflect.InvocationTargetException
Caused by: java.lang.RuntimeException: java.lang.reflect.InvocationTargetException
Caused by: java.lang.reflect.InvocationTargetException
Caused by: java.lang.RuntimeException: java.lang.reflect.InvocationTargetException
Caused by: java.lang.reflect.InvocationTargetException
Caused by: java.lang.RuntimeException: java.lang.reflect.InvocationTargetException
Caused by: java.lang.reflect.InvocationTargetException
Caused by: java.lang.RuntimeException: java.lang.reflect.InvocationTargetException
Caused by: java.lang.reflect.InvocationTargetException
Caused by: java.lang.RuntimeException: java.lang.reflect.InvocationTargetException
Caused by: java.lang.reflect.InvocationTargetException
Caused by: java.lang.RuntimeException: java.lang.reflect.InvocationTargetException
Caused by: java.lang.reflect.InvocationTargetException
Caused by: java.lang.RuntimeException: java.lang.reflect.InvocationTargetException
Caused by: java.lang.reflect.InvocationTargetException
Caused by: java.lang.RuntimeException: java.lang.reflect.InvocationTargetException
Caused by: java.lang.reflect.InvocationTargetException
Caused by: java.lang.RuntimeException: java.lang.reflect.InvocationTargetException
Caused by: java.lang.reflect.InvocationTargetException
Caused by: java.lang.RuntimeException: java.lang.reflect.InvocationTargetException
Caused by: java.lang.reflect.InvocationTargetException
Caused by: java.lang.RuntimeException: java.lang.reflect.InvocationTargetException
Caused by: java.lang.reflect.InvocationTargetException
Caused by: java.lang.RuntimeException: java.lang.reflect.InvocationTargetException
Caused by: java.lang.reflect.InvocationTargetException
Caused by: java.lang.RuntimeException: java.lang.reflect.InvocationTargetException
Caused by: java.lang.reflect.InvocationTargetException
Caused by: java.lang.RuntimeException: java.lang.reflect.InvocationTargetException
Caused by: java.lang.reflect.InvocationTargetException
Caused by: java.lang.RuntimeException: java.lang.reflect.InvocationTargetException
Caused by: java.lang.reflect.InvocationTargetException
Caused by: java.lang.RuntimeException: java.lang.reflect.InvocationTargetException
Caused by: java.lang.reflect.InvocationTargetException
Caused by: java.lang.RuntimeException: java.lang.reflect.InvocationTargetException
Caused by: java.lang.reflect.InvocationTargetException
Caused by: java.lang.RuntimeException: java.lang.reflect.InvocationTargetException
Caused by: java.lang.reflect.InvocationTargetException
Caused by: java.lang.RuntimeException: java.lang.reflect.InvocationTargetException
Caused by: java.lang.reflect.InvocationTargetException
Caused by: java.lang.RuntimeException: java.lang.reflect.InvocationTargetException
Caused by: java.lang.reflect.InvocationTargetException
Caused by: java.lang.RuntimeException: java.lang.reflect.InvocationTargetException
Caused by: java.lang.reflect.InvocationTargetException
Caused by: java.lang.RuntimeException: java.lang.reflect.InvocationTargetException
Caused by: java.lang.reflect.InvocationTargetException
Caused by: java.lang.RuntimeException: java.lang.reflect.InvocationTargetException
Caused by: java.lang.reflect.InvocationTargetException
Caused by: java.lang.RuntimeException: java.lang.reflect.InvocationTargetException
Caused by: java.lang.reflect.InvocationTargetException
Caused by: java.lang.RuntimeException: java.lang.reflect.InvocationTargetException
Caused by: java.lang.reflect.InvocationTargetException
Caused by: java.lang.RuntimeException: java.lang.reflect.InvocationTargetException
Caused by: java.lang.reflect.InvocationTargetException
Caused by: java.lang.RuntimeException: java.lang.reflect.InvocationTargetException
Caused by: java.lang.reflect.InvocationTargetException
Caused by: java.lang.RuntimeException: java.lang.reflect.InvocationTargetException
Caused by: java.lang.reflect.InvocationTargetException
Caused by: java.lang.RuntimeException: java.lang.reflect.InvocationTargetException
Caused by: java.lang.reflect.InvocationTargetException
Caused by: java.lang.RuntimeException: java.lang.reflect.InvocationTargetException
Caused by: java.lang.reflect.InvocationTargetException
Caused by: java.lang.RuntimeException: java.lang.reflect.InvocationTargetException
Caused by: java.lang.reflect.InvocationTargetException
Caused by: java.lang.RuntimeException: java.lang.reflect.InvocationTargetException
Caused by: java.lang.reflect.InvocationTargetException
Caused by: java.lang.RuntimeException: java.lang.reflect.InvocationTargetException
Caused by: java.lang.reflect.InvocationTargetException
Caused by: java.lang.RuntimeException: java.lang.reflect.InvocationTargetException
Caused by: java.lang.reflect.InvocationTargetException
Caused by: java.lang.RuntimeException: java.lang.reflect.InvocationTargetException
Caused by: java.lang.reflect.InvocationTargetException
Caused by: java.lang.RuntimeException: java.lang.reflect.InvocationTargetException
Caused by: java.lang.reflect.InvocationTargetException
Caused by: java.lang.RuntimeException: java.lang.reflect.InvocationTargetException
Caused by: java.lang.reflect.InvocationTargetException
Caused by: java.lang.RuntimeException: java.lang.reflect.InvocationTargetException
Caused by: java.lang.reflect.InvocationTargetException
Caused by: java.lang.RuntimeException: java.lang.reflect.InvocationTargetException
Caused by: java.lang.reflect.InvocationTargetException
Caused by: java.lang.RuntimeException: java.lang.reflect.InvocationTargetException
Caused by: java.lang.reflect.InvocationTargetException
Caused by: java.lang.RuntimeException: java.lang.reflect.InvocationTargetException
Caused by: java.lang.reflect.InvocationTargetException
Caused by: java.lang.RuntimeException: java.lang.reflect.InvocationTargetException
Caused by: java.lang.reflect.InvocationTargetException
Caused by: java.lang.RuntimeException: java.lang.reflect.InvocationTargetException
Caused by: java.lang.reflect.InvocationTargetException
Caused by: java.lang.RuntimeException: java.lang.reflect.InvocationTargetException
Caused by: java.lang.reflect.InvocationTargetException
Caused by: java.lang.RuntimeException: java.lang.reflect.InvocationTargetException
Caused by: java.lang.reflect.InvocationTargetException
Caused by: java.lang.RuntimeException: java.lang.reflect.InvocationTargetException
Caused by: java.lang.reflect.InvocationTargetException
Caused by: java.lang.RuntimeException: java.lang.reflect.InvocationTargetException
Caused by: java.lang.reflect.InvocationTargetException
Caused by: java.lang.RuntimeException: java.lang.reflect.InvocationTargetException
Caused by: java.lang.reflect.InvocationTargetException
Caused by: java.lang.RuntimeException: java.lang.reflect.InvocationTargetException
Caused by: java.lang.reflect.InvocationTargetException
Caused by: java.lang.RuntimeException: java.lang.reflect.InvocationTargetException
Caused by: java.lang.reflect.InvocationTargetException
Caused by: java.lang.RuntimeException: java.lang.reflect.InvocationTargetException
Caused by: java.lang.reflect.InvocationTargetException
Caused by: java.lang.RuntimeException: java.lang.reflect.InvocationTargetException
Caused by: java.lang.reflect.InvocationTargetException
Caused by: java.lang.RuntimeException: java.lang.reflect.InvocationTargetException
Caused by: java.lang.reflect.InvocationTargetException
Caused by: java.lang.RuntimeException: java.lang.reflect.InvocationTargetException
Caused by: java.lang.reflect.InvocationTargetException
Caused by: java.lang.RuntimeException: java.lang.reflect.InvocationTargetException
Caused by: java.lang.reflect.InvocationTargetException
Caused by: java.lang.RuntimeException: java.lang.reflect.InvocationTargetException
Caused by: java.lang.reflect.InvocationTargetException
Caused by: java.lang.RuntimeException: java.lang.reflect.InvocationTargetException
Caused by: java.lang.reflect.InvocationTargetException
Caused by: java.lang.RuntimeException: java.lang.reflect.InvocationTargetException
Caused by: java.lang.reflect.InvocationTargetException
Caused by: java.lang.RuntimeException: java.lang.reflect.InvocationTargetException
Caused by: java.lang.reflect.InvocationTargetException
Caused by: java.lang.RuntimeException: java.lang.reflect.InvocationTargetException
Caused by: java.lang.reflect.InvocationTargetException
Caused by: java.lang.RuntimeException: java.lang.reflect.InvocationTargetException
Caused by: java.lang.reflect.InvocationTargetException
Caused by: java.lang.RuntimeException: java.lang.reflect.InvocationTargetException
Caused by: java.lang.reflect.InvocationTargetException
Caused by: java.lang.RuntimeException: java.lang.reflect.InvocationTargetException
Caused by: java.lang.reflect.InvocationTargetException
Caused by: java.lang.RuntimeException: java.lang.reflect.InvocationTargetException
Caused by: java.lang.reflect.InvocationTargetException
Caused by: java.lang.RuntimeException: java.lang.reflect.InvocationTargetException
Caused by: java.lang.reflect.InvocationTargetException
Caused by: java.lang.RuntimeException: java.lang.reflect.InvocationTargetException
Caused by: java.lang.reflect.InvocationTargetException
Caused by: java.lang.RuntimeException: java.lang.reflect.InvocationTargetException
Caused by: java.lang.reflect.InvocationTargetException
Caused by: java.lang.RuntimeException: java.lang.reflect.InvocationTargetException
Caused by: java.lang.reflect.InvocationTargetException
Caused by: java.lang.RuntimeException: java.lang.reflect.InvocationTargetException
Caused by: java.lang.reflect.InvocationTargetException
Caused by: java.lang.RuntimeException: java.lang.reflect.InvocationTargetException
Caused by: java.lang.reflect.InvocationTargetException
Caused by: java.lang.RuntimeException: java.lang.reflect.InvocationTargetException
Caused by: java.lang.reflect.InvocationTargetException
Caused by: java.lang.RuntimeException: java.lang.reflect.InvocationTargetException
Caused by: java.lang.reflect.InvocationTargetException
Caused by: java.lang.RuntimeException: java.lang.reflect.InvocationTargetException
Caused by: java.lang.reflect.InvocationTargetException
Caused by: java.lang.RuntimeException: java.lang.reflect.InvocationTargetException
Caused by: java.lang.reflect.InvocationTargetException
Caused by: java.lang.RuntimeException: java.lang.reflect.InvocationTargetException
Caused by: java.lang.reflect.InvocationTargetException
Caused by: java.lang.RuntimeException: java.lang.reflect.InvocationTargetException
Caused by: java.lang.reflect.InvocationTargetException
Caused by: java.lang.RuntimeException: java.lang.reflect.InvocationTargetException
Caused by: java.lang.reflect.InvocationTargetException
Caused by: java.lang.RuntimeException: java.lang.reflect.InvocationTargetException
Caused by: java.lang.reflect.InvocationTargetException
Caused by: java.lang.RuntimeException: java.lang.reflect.InvocationTargetException
Caused by: java.lang.reflect.InvocationTargetException
Caused by: java.lang.RuntimeException: java.lang.reflect.InvocationTargetException
Caused by: java.lang.reflect.InvocationTargetException
Caused by: java.lang.RuntimeException: java.lang.reflect.InvocationTargetException
Caused by: java.lang.reflect.InvocationTargetException
Caused by: java.lang.RuntimeException: java.lang.reflect.InvocationTargetException
Caused by: java.lang.reflect.InvocationTargetException
Caused by: java.lang.RuntimeException: java.lang.reflect.InvocationTargetException
Caused by: java.lang.reflect.InvocationTargetException
Caused by: java.lang.RuntimeException: java.lang.reflect.InvocationTargetException
Caused by: java.lang.reflect.InvocationTargetException
Caused by: java.lang.RuntimeException: java.lang.reflect.InvocationTargetException
Caused by: java.lang.reflect.InvocationTargetException
Caused by: java.lang.RuntimeException: java.lang.reflect.InvocationTargetException
Caused by: java.lang.reflect.InvocationTargetException
Caused by: java.lang.RuntimeException: java.lang.reflect.InvocationTargetException
Caused by: java.lang.reflect.InvocationTargetException
Caused by: java.lang.RuntimeException: java.lang.reflect.InvocationTargetException
Caused by: java.lang.reflect.InvocationTargetException
Caused by: java.lang.RuntimeException: java.lang.reflect.InvocationTargetException
Caused by: java.lang.reflect.InvocationTargetException
Caused by: java.lang.RuntimeException: java.lang.reflect.InvocationTargetException
Caused by: java.lang.reflect.InvocationTargetException
Caused by: java.lang.RuntimeException: java.lang.reflect.InvocationTargetException
Caused by: java.lang.reflect.InvocationTargetException
Caused by: java.lang.RuntimeException: java.lang.reflect.InvocationTargetException
Caused by: java.lang.reflect.InvocationTargetException
Caused by: java.lang.RuntimeException: java.lang.reflect.InvocationTargetException
Caused by: java.lang.reflect.InvocationTargetException
Caused by: java.lang.RuntimeException: java.lang.reflect.InvocationTargetException
Caused by: java.lang.reflect.InvocationTargetException
Caused by: java.lang.RuntimeException: java.lang.reflect.InvocationTargetException
Caused by: java.lang.reflect.InvocationTargetException
Caused by: java.lang.RuntimeException: java.lang.reflect.InvocationTargetException
Caused by: java.lang.reflect.InvocationTargetException
Caused by: java.lang.RuntimeException: java.lang.reflect.InvocationTargetException
Caused by: java.lang.reflect.InvocationTargetException
Caused by: java.lang.RuntimeException: java.lang.reflect.InvocationTargetException
Caused by: java.lang.reflect.InvocationTargetException
Caused by: java.lang.RuntimeException: java.lang.reflect.InvocationTargetException
Caused by: java.lang.reflect.InvocationTargetException
Caused by: java.lang.RuntimeException: java.lang.reflect.InvocationTargetException
Caused by: java.lang.reflect.InvocationTargetException
Caused by: java.lang.RuntimeException: java.lang.reflect.InvocationTargetException
Caused by: java.lang.reflect.InvocationTargetException
Caused by: java.lang.RuntimeException: java.lang.reflect.InvocationTargetException
Caused by: java.lang.reflect.InvocationTargetException
Caused by: java.lang.RuntimeException: java.lang.reflect.InvocationTargetException
Caused by: java.lang.reflect.InvocationTargetException
Caused by: java.lang.RuntimeException: java.lang.reflect.InvocationTargetException
Caused by: java.lang.reflect.InvocationTargetException
Caused by: java.lang.RuntimeException: java.lang.reflect.InvocationTargetException
Caused by: java.lang.reflect.InvocationTargetException
Caused by: java.lang.RuntimeException: java.lang.reflect.InvocationTargetException
Caused by: java.lang.reflect.InvocationTargetException
Caused by: java.lang.RuntimeException: java.lang.reflect.InvocationTargetException
Caused by: java.lang.reflect.InvocationTargetException
Caused by: java.lang.RuntimeException: java.lang.reflect.InvocationTargetException
Caused by: java.lang.reflect.InvocationTargetException
Caused by: java.lang.RuntimeException: java.lang.reflect.InvocationTargetException
Caused by: java.lang.reflect.InvocationTargetException
Caused by: java.lang.RuntimeException: java.lang.reflect.InvocationTargetException
Caused by: java.lang.reflect.InvocationTargetException
Caused by: java.lang.RuntimeException: java.lang.reflect.InvocationTargetException
Caused by: java.lang.reflect.InvocationTargetException
Caused by: java.lang.RuntimeException: java.lang.reflect.InvocationTargetException
Caused by: java.lang.reflect.InvocationTargetException
Caused by: java.lang.RuntimeException: java.lang.reflect.InvocationTargetException
Caused by: java.lang.reflect.InvocationTargetException
Caused by: java.lang.RuntimeException: java.lang.reflect.InvocationTargetException
Caused by: java.lang.reflect.InvocationTargetException
Caused by: java.lang.RuntimeException: java.lang.reflect.InvocationTargetException
Caused by: java.lang.reflect.InvocationTargetException
Caused by: java.lang.RuntimeException: java.lang.reflect.InvocationTargetException
Caused by: java.lang.reflect.InvocationTargetException
Caused by: java.lang.RuntimeException: java.lang.reflect.InvocationTargetException
Caused by: java.lang.reflect.InvocationTargetException
Caused by: java.lang.RuntimeException: java.lang.reflect.InvocationTargetException
Caused by: java.lang.reflect.InvocationTargetException
Caused by: java.lang.RuntimeException: java.lang.reflect.InvocationTargetException
Caused by: java.lang.reflect.InvocationTargetException
Caused by: java.lang.RuntimeException: java.lang.reflect.InvocationTargetException
Caused by: java.lang.reflect.InvocationTargetException
Caused by: java.lang.RuntimeException: java.lang.reflect.InvocationTargetException
Caused by: java.lang.reflect.InvocationTargetException
Caused by: java.lang.RuntimeException: java.lang.reflect.InvocationTargetException
Caused by: java.lang.reflect.InvocationTargetException
Caused by: java.lang.RuntimeException: java.lang.reflect.InvocationTargetException
Caused by: java.lang.reflect.InvocationTargetException
Caused by: java.lang.RuntimeException: java.lang.reflect.InvocationTargetException
Caused by: java.lang.reflect.InvocationTargetException
Caused by: java.lang.RuntimeException: java.lang.reflect.InvocationTargetException
Caused by: java.lang.reflect.InvocationTargetException
Caused by: java.lang.RuntimeException: java.lang.reflect.InvocationTargetException
Caused by: java.lang.reflect.InvocationTargetException
Caused by: java.lang.RuntimeException: java.lang.reflect.InvocationTargetException
Caused by: java.lang.reflect.InvocationTargetException
Caused by: java.lang.RuntimeException: java.lang.reflect.InvocationTargetException
Caused by: java.lang.reflect.InvocationTargetException
Caused by: java.lang.RuntimeException: java.lang.reflect.InvocationTargetException
Caused by: java.lang.reflect.InvocationTargetException
Caused by: java.lang.RuntimeException: java.lang.reflect.InvocationTargetException
Caused by: java.lang.reflect.InvocationTargetException
Caused by: java.lang.RuntimeException: java.lang.reflect.InvocationTargetException
Caused by: java.lang.reflect.InvocationTargetException
Caused by: java.lang.RuntimeException: java.lang.reflect.InvocationTargetException
Caused by: java.lang.reflect.InvocationTargetException
Caused by: java.lang.RuntimeException: java.lang.reflect.InvocationTargetException
Caused by: java.lang.reflect.InvocationTargetException
Caused by: java.lang.RuntimeException: java.lang.reflect.InvocationTargetException
Caused by: java.lang.reflect.InvocationTargetException
Caused by: java.lang.RuntimeException: java.lang.reflect.InvocationTargetException
Caused by: java.lang.reflect.InvocationTargetException
Caused by: java.lang.RuntimeException: java.lang.reflect.InvocationTargetException
Caused by: java.lang.reflect.InvocationTargetException
Caused by: java.lang.RuntimeException: java.lang.reflect.InvocationTargetException
Caused by: java.lang.reflect.InvocationTargetException
Caused by: java.lang.RuntimeException: java.lang.reflect.InvocationTargetException
Caused by: java.lang.reflect.InvocationTargetException
Caused by: java.lang.RuntimeException: java.lang.reflect.InvocationTargetException
Caused by: java.lang.reflect.InvocationTargetException
Caused by: java.lang.RuntimeException: java.lang.reflect.InvocationTargetException
Caused by: java.lang.reflect.InvocationTargetException
Caused by: java.lang.RuntimeException: java.lang.reflect.InvocationTargetException
Caused by: java.lang.reflect.InvocationTargetException
Caused by: java.lang.RuntimeException: java.lang.reflect.InvocationTargetException
Caused by: java.lang.reflect.InvocationTargetException
Caused by: java.lang.RuntimeException: java.lang.reflect.InvocationTargetException
Caused by: java.lang.reflect.InvocationTargetException
Caused by: java.lang.RuntimeException: java.lang.reflect.InvocationTargetException
Caused by: java.lang.reflect.InvocationTargetException
Caused by: java.lang.RuntimeException: java.lang.reflect.InvocationTargetException
Caused by: java.lang.reflect.InvocationTargetException
Caused by: java.lang.RuntimeException: java.lang.reflect.InvocationTargetException
Caused by: java.lang.reflect.InvocationTargetException
Caused by: java.lang.RuntimeException: java.lang.reflect.InvocationTargetException
Caused by: java.lang.reflect.InvocationTargetException
Caused by: java.lang.RuntimeException: java.lang.reflect.InvocationTargetException
Caused by: java.lang.reflect.InvocationTargetException
Caused by: java.lang.RuntimeException: java.lang.reflect.InvocationTargetException
Caused by: java.lang.reflect.InvocationTargetException
Caused by: java.lang.RuntimeException: java.lang.reflect.InvocationTargetException
Caused by: java.lang.reflect.InvocationTargetException
Caused by: java.lang.RuntimeException: java.lang.reflect.InvocationTargetException
Caused by: java.lang.reflect.InvocationTargetException
Caused by: java.lang.RuntimeException: java.lang.reflect.InvocationTargetException
Caused by: java.lang.reflect.InvocationTargetException
Caused by: java.lang.RuntimeException: java.lang.reflect.InvocationTargetException
Caused by: java.lang.reflect.InvocationTargetException
Caused by: java.lang.RuntimeException: java.lang.reflect.InvocationTargetException
Caused by: java.lang.reflect.InvocationTargetException
Caused by: java.lang.RuntimeException: java.lang.reflect.InvocationTargetException
Caused by: java.lang.reflect.InvocationTargetException
Caused by: java.lang.RuntimeException: java.lang.reflect.InvocationTargetException
Caused by: java.lang.reflect.InvocationTargetException
Caused by: java.lang.RuntimeException: java.lang.reflect.InvocationTargetException
Caused by: java.lang.reflect.InvocationTargetException
Caused by: java.lang.RuntimeException: java.lang.reflect.InvocationTargetException
Caused by: java.lang.reflect.InvocationTargetException
Caused by: java.lang.RuntimeException: java.lang.reflect.InvocationTargetException
Caused by: java.lang.reflect.InvocationTargetException
Caused by: java.lang.RuntimeException: java.lang.reflect.InvocationTargetException
Caused by: java.lang.reflect.InvocationTargetException
Caused by: java.lang.RuntimeException: java.lang.reflect.InvocationTargetException
Caused by: java.lang.reflect.InvocationTargetException
Caused by: java.lang.RuntimeException: java.lang.reflect.InvocationTargetException
Caused by: java.lang.reflect.InvocationTargetException
Caused by: java.lang.RuntimeException: java.lang.reflect.InvocationTargetException
Caused by: java.lang.reflect.InvocationTargetException
Caused by: java.lang.RuntimeException: java.lang.reflect.InvocationTargetException
Caused by: java.lang.reflect.InvocationTargetException
Caused by: java.lang.RuntimeException: java.lang.reflect.InvocationTargetException
Caused by: java.lang.reflect.InvocationTargetException
Caused by: java.lang.RuntimeException: java.lang.reflect.InvocationTargetException
Caused by: java.lang.reflect.InvocationTargetException
Caused by: java.lang.RuntimeException: java.lang.reflect.InvocationTargetException
Caused by: java.lang.reflect.InvocationTargetException
Caused by: java.lang.RuntimeException: java.lang.reflect.InvocationTargetException
Caused by: java.lang.reflect.InvocationTargetException
Caused by: java.lang.RuntimeException: java.lang.reflect.InvocationTargetException
Caused by: java.lang.reflect.InvocationTargetException
Caused by: java.lang.RuntimeException: java.lang.reflect.InvocationTargetException
Caused by: java.lang.reflect.InvocationTargetException
Caused by: java.lang.RuntimeException: java.lang.reflect.InvocationTargetException
Caused by: java.lang.reflect.InvocationTargetException
Caused by: java.lang.RuntimeException: java.lang.reflect.InvocationTargetException
Caused by: java.lang.reflect.InvocationTargetException
Caused by: java.lang.RuntimeException: java.lang.reflect.InvocationTargetException
Caused by: java.lang.reflect.InvocationTargetException
Caused by: java.lang.RuntimeException: java.lang.reflect.InvocationTargetException
Caused by: java.lang.reflect.InvocationTargetException
Caused by: java.lang.RuntimeException: java.lang.reflect.InvocationTargetException
Caused by: java.lang.reflect.InvocationTargetException
Caused by: java.lang.RuntimeException: java.lang.reflect.InvocationTargetException
Caused by: java.lang.reflect.InvocationTargetException
Caused by: java.lang.RuntimeException: java.lang.reflect.InvocationTargetException
Caused by: java.lang.reflect.InvocationTargetException
Caused by: java.lang.RuntimeException: java.lang.reflect.InvocationTargetException
Caused by: java.lang.reflect.InvocationTargetException
Caused by: java.lang.RuntimeException: java.lang.reflect.InvocationTargetException
Caused by: java.lang.reflect.InvocationTargetException
Caused by: java.lang.RuntimeException: java.lang.reflect.InvocationTargetException
Caused by: java.lang.reflect.InvocationTargetException
Caused by: java.lang.RuntimeException: java.lang.reflect.InvocationTargetException
Caused by: java.lang.reflect.InvocationTargetException
Caused by: java.lang.RuntimeException: java.lang.reflect.InvocationTargetException
Caused by: java.lang.reflect.InvocationTargetException
Caused by: java.lang.RuntimeException: java.lang.reflect.InvocationTargetException
Caused by: java.lang.reflect.InvocationTargetException
Caused by: java.lang.RuntimeException: java.lang.reflect.InvocationTargetException
Caused by: java.lang.reflect.InvocationTargetException
Caused by: java.lang.RuntimeException: java.lang.reflect.InvocationTargetException
Caused by: java.lang.reflect.InvocationTargetException
Caused by: java.lang.RuntimeException: java.lang.reflect.InvocationTargetException
Caused by: java.lang.reflect.InvocationTargetException
Caused by: java.lang.RuntimeException: java.lang.reflect.InvocationTargetException
Caused by: java.lang.reflect.InvocationTargetException
Caused by: java.lang.RuntimeException: java.lang.reflect.InvocationTargetException
Caused by: java.lang.reflect.InvocationTargetException
Caused by: java.lang.RuntimeException: java.lang.reflect.InvocationTargetException
Caused by: java.lang.reflect.InvocationTargetException
Caused by: java.lang.RuntimeException: java.lang.reflect.InvocationTargetException
Caused by: java.lang.reflect.InvocationTargetException
Caused by: java.lang.RuntimeException: java.lang.reflect.InvocationTargetException
Caused by: java.lang.reflect.InvocationTargetException
Caused by: java.lang.RuntimeException: java.lang.reflect.InvocationTargetException
Caused by: java.lang.reflect.InvocationTargetException
Caused by: java.lang.RuntimeException: java.lang.reflect.InvocationTargetException
Caused by: java.lang.reflect.InvocationTargetException
Caused by: java.lang.RuntimeException: java.lang.reflect.InvocationTargetException
Caused by: java.lang.reflect.InvocationTargetException
Caused by: java.lang.RuntimeException: java.lang.reflect.InvocationTargetException
Caused by: java.lang.reflect.InvocationTargetException
Caused by: java.lang.RuntimeException: java.lang.reflect.InvocationTargetException
Caused by: java.lang.reflect.InvocationTargetException
Caused by: java.lang.RuntimeException: java.lang.reflect.InvocationTargetException
Caused by: java.lang.reflect.InvocationTargetException
Caused by: java.lang.RuntimeException: java.lang.reflect.InvocationTargetException
Caused by: java.lang.reflect.InvocationTargetException
Caused by: java.lang.RuntimeException: java.lang.reflect.InvocationTargetException
Caused by: java.lang.reflect.InvocationTargetException
Caused by: java.lang.RuntimeException: java.lang.reflect.InvocationTargetException
Caused by: java.lang.reflect.InvocationTargetException
Caused by: java.lang.RuntimeException: java.lang.reflect.InvocationTargetException
Caused by: java.lang.reflect.InvocationTargetException
Caused by: java.lang.RuntimeException: java.lang.reflect.InvocationTargetException
Caused by: java.lang.reflect.InvocationTargetException
Caused by: java.lang.RuntimeException: java.lang.reflect.InvocationTargetException
Caused by: java.lang.reflect.InvocationTargetException
Caused by: java.lang.RuntimeException: java.lang.reflect.InvocationTargetException
Caused by: java.lang.reflect.InvocationTargetException
Caused by: java.lang.RuntimeException: java.lang.reflect.InvocationTargetException
Caused by: java.lang.reflect.InvocationTargetException
Caused by: java.lang.RuntimeException: java.lang.reflect.InvocationTargetException
Caused by: java.lang.reflect.InvocationTargetException
Caused by: java.lang.RuntimeException: java.lang.reflect.InvocationTargetException
Caused by: java.lang.reflect.InvocationTargetException
Caused by: java.lang.RuntimeException: java.lang.reflect.InvocationTargetException
Caused by: java.lang.reflect.InvocationTargetException
Caused by: java.lang.RuntimeException: java.lang.reflect.InvocationTargetException
Caused by: java.lang.reflect.InvocationTargetException
Caused by: java.lang.RuntimeException: java.lang.reflect.InvocationTargetException
Caused by: java.lang.reflect.InvocationTargetException
Caused by: java.lang.RuntimeException: java.lang.reflect.InvocationTargetException
Caused by: java.lang.reflect.InvocationTargetException
Caused by: java.lang.RuntimeException: java.lang.reflect.InvocationTargetException
Caused by: java.lang.reflect.InvocationTargetException
Caused by: java.lang.RuntimeException: java.lang.reflect.InvocationTargetException
Caused by: java.lang.reflect.InvocationTargetException
Caused by: java.lang.RuntimeException: java.lang.reflect.InvocationTargetException
Caused by: java.lang.reflect.InvocationTargetException
Caused by: java.lang.RuntimeException: java.lang.reflect.InvocationTargetException
Caused by: java.lang.reflect.InvocationTargetException
Caused by: java.lang.RuntimeException: java.lang.reflect.InvocationTargetException
Caused by: java.lang.reflect.InvocationTargetException
Caused by: java.lang.RuntimeException: java.lang.reflect.InvocationTargetException
Caused by: java.lang.reflect.InvocationTargetException
Caused by: java.lang.RuntimeException: java.lang.reflect.InvocationTargetException
Caused by: java.lang.reflect.InvocationTargetException
Caused by: java.lang.RuntimeException: java.lang.reflect.InvocationTargetException
Caused by: java.lang.reflect.InvocationTargetException
Caused by: java.lang.RuntimeException: java.lang.reflect.InvocationTargetException
Caused by: java.lang.reflect.InvocationTargetException
Caused by: java.lang.RuntimeException: java.lang.reflect.InvocationTargetException
Caused by: java.lang.reflect.InvocationTargetException
Caused by: java.lang.RuntimeException: java.lang.reflect.InvocationTargetException
Caused by: java.lang.reflect.InvocationTargetException
Caused by: java.lang.RuntimeException: java.lang.reflect.InvocationTargetException
Caused by: java.lang.reflect.InvocationTargetException
Caused by: java.lang.RuntimeException: java.lang.reflect.InvocationTargetException
Caused by: java.lang.reflect.InvocationTargetException
Caused by: java.lang.RuntimeException: java.lang.reflect.InvocationTargetException
Caused by: java.lang.reflect.InvocationTargetException
Caused by: java.lang.RuntimeException: java.lang.reflect.InvocationTargetException
Caused by: java.lang.reflect.InvocationTargetException
Caused by: java.lang.RuntimeException: java.lang.reflect.InvocationTargetException
Caused by: java.lang.reflect.InvocationTargetException
Caused by: java.lang.RuntimeException: java.lang.reflect.InvocationTargetException
Caused by: java.lang.reflect.InvocationTargetException
Caused by: java.lang.RuntimeException: java.lang.reflect.InvocationTargetException
Caused by: java.lang.reflect.InvocationTargetException
Caused by: java.lang.RuntimeException: java.lang.reflect.InvocationTargetException
Caused by: java.lang.reflect.InvocationTargetException
Caused by: java.lang.RuntimeException: java.lang.reflect.InvocationTargetException
Caused by: java.lang.reflect.InvocationTargetException
Caused by: java.lang.RuntimeException: java.lang.reflect.InvocationTargetException
Caused by: java.lang.reflect.InvocationTargetException
Caused by: java.lang.RuntimeException: java.lang.reflect.InvocationTargetException
Caused by: java.lang.reflect.InvocationTargetException
Caused by: java.lang.RuntimeException: java.lang.reflect.InvocationTargetException
Caused by: java.lang.reflect.InvocationTargetException
Caused by: java.lang.RuntimeException: java.lang.reflect.InvocationTargetException
Caused by: java.lang.reflect.InvocationTargetException
Caused by: java.lang.RuntimeException: java.lang.reflect.InvocationTargetException
Caused by: java.lang.reflect.InvocationTargetException
Caused by: java.lang.RuntimeException: java.lang.reflect.InvocationTargetException
Caused by: java.lang.reflect.InvocationTargetException
Caused by: java.lang.RuntimeException: java.lang.reflect.InvocationTargetException
Caused by: java.lang.reflect.InvocationTargetException
Caused by: java.lang.RuntimeException: java.lang.reflect.InvocationTargetException
Caused by: java.lang.reflect.InvocationTargetException
Caused by: java.lang.RuntimeException: java.lang.reflect.InvocationTargetException
Caused by: java.lang.reflect.InvocationTargetException
Caused by: java.lang.RuntimeException: java.lang.reflect.InvocationTargetException
Caused by: java.lang.reflect.InvocationTargetException
Caused by: java.lang.RuntimeException: java.lang.reflect.InvocationTargetException
Caused by: java.lang.reflect.InvocationTargetException
Caused by: java.lang.RuntimeException: java.lang.reflect.InvocationTargetException
Caused by: java.lang.reflect.InvocationTargetException
Caused by: java.lang.RuntimeException: java.lang.reflect.InvocationTargetException
Caused by: java.lang.reflect.InvocationTargetException
Caused by: java.lang.RuntimeException: java.lang.reflect.InvocationTargetException
Caused by: java.lang.reflect.InvocationTargetException
Caused by: java.lang.RuntimeException: java.lang.reflect.InvocationTargetException
Caused by: java.lang.reflect.InvocationTargetException
Caused by: java.lang.RuntimeException: java.lang.reflect.InvocationTargetException
Caused by: java.lang.reflect.InvocationTargetException
Caused by: java.lang.RuntimeException: java.lang.reflect.InvocationTargetException
Caused by: java.lang.reflect.InvocationTargetException
Caused by: java.lang.RuntimeException: java.lang.reflect.InvocationTargetException
Caused by: java.lang.reflect.InvocationTargetException
Caused by: java.lang.RuntimeException: java.lang.reflect.InvocationTargetException
Caused by: java.lang.reflect.InvocationTargetException
Caused by: java.lang.RuntimeException: java.lang.reflect.InvocationTargetException
Caused by: java.lang.reflect.InvocationTargetException
Caused by: java.lang.RuntimeException: java.lang.reflect.InvocationTargetException
Caused by: java.lang.reflect.InvocationTargetException
Caused by: java.lang.RuntimeException: java.lang.reflect.InvocationTargetException
Caused by: java.lang.reflect.InvocationTargetException
Caused by: java.lang.RuntimeException: java.lang.reflect.InvocationTargetException
Caused by: java.lang.reflect.InvocationTargetException
Caused by: java.lang.RuntimeException: java.lang.reflect.InvocationTargetException
Caused by: java.lang.reflect.InvocationTargetException
Caused by: java.lang.RuntimeException: java.lang.reflect.InvocationTargetException
Caused by: java.lang.reflect.InvocationTargetException
Caused by: java.lang.RuntimeException: java.lang.reflect.InvocationTargetException
Caused by: java.lang.reflect.InvocationTargetException
Caused by: java.lang.RuntimeException: java.lang.reflect.InvocationTargetException
Caused by: java.lang.reflect.InvocationTargetException
Caused by: java.lang.RuntimeException: java.lang.reflect.InvocationTargetException
Caused by: java.lang.reflect.InvocationTargetException
Caused by: java.lang.RuntimeException: java.lang.reflect.InvocationTargetException
Caused by: java.lang.reflect.InvocationTargetException
Caused by: java.lang.RuntimeException: java.lang.reflect.InvocationTargetException
Caused by: java.lang.reflect.InvocationTargetException
Caused by: java.lang.RuntimeException: java.lang.reflect.InvocationTargetException
Caused by: java.lang.reflect.InvocationTargetException
Caused by: java.lang.RuntimeException: java.lang.reflect.InvocationTargetException
Caused by: java.lang.reflect.InvocationTargetException
Caused by: java.lang.RuntimeException: java.lang.reflect.InvocationTargetException
Caused by: java.lang.reflect.InvocationTargetException
Caused by: java.lang.RuntimeException: java.lang.reflect.InvocationTargetException
Caused by: java.lang.reflect.InvocationTargetException
Caused by: java.lang.RuntimeException: java.lang.reflect.InvocationTargetException
Caused by: java.lang.reflect.InvocationTargetException
Caused by: java.lang.RuntimeException: java.lang.reflect.InvocationTargetException
Caused by: java.lang.reflect.InvocationTargetException
Caused by: java.lang.RuntimeException: java.lang.reflect.InvocationTargetException
Caused by: java.lang.reflect.InvocationTargetException
Caused by: java.lang.RuntimeException: java.lang.reflect.InvocationTargetException
Caused by: java.lang.reflect.InvocationTargetException
Caused by: java.lang.RuntimeException: java.lang.reflect.InvocationTargetException
Caused by: java.lang.reflect.InvocationTargetException
Caused by: java.lang.RuntimeException: java.lang.reflect.InvocationTargetException
Caused by: java.lang.reflect.InvocationTargetException
Caused by: java.lang.RuntimeException: java.lang.reflect.InvocationTargetException
Caused by: java.lang.reflect.InvocationTargetException
Caused by: java.lang.RuntimeException: java.lang.reflect.InvocationTargetException
Caused by: java.lang.reflect.InvocationTargetException
Caused by: java.lang.RuntimeException: java.lang.reflect.InvocationTargetException
Caused by: java.lang.reflect.InvocationTargetException
Caused by: java.lang.RuntimeException: java.lang.reflect.InvocationTargetException
Caused by: java.lang.reflect.InvocationTargetException
Caused by: java.lang.RuntimeException: java.lang.reflect.InvocationTargetException
Caused by: java.lang.reflect.InvocationTargetException
Caused by: java.lang.RuntimeException: java.lang.reflect.InvocationTargetException
Caused by: java.lang.reflect.InvocationTargetException
Caused by: java.lang.RuntimeException: java.lang.reflect.InvocationTargetException
Caused by: java.lang.reflect.InvocationTargetException
Caused by: java.lang.RuntimeException: java.lang.reflect.InvocationTargetException
Caused by: java.lang.reflect.InvocationTargetException
Caused by: java.lang.RuntimeException: java.lang.reflect.InvocationTargetException
Caused by: java.lang.reflect.InvocationTargetException
Caused by: java.lang.RuntimeException: java.lang.reflect.InvocationTargetException
Caused by: java.lang.reflect.InvocationTargetException
Caused by: java.lang.RuntimeException: java.lang.reflect.InvocationTargetException
Caused by: java.lang.reflect.InvocationTargetException
Caused by: java.lang.RuntimeException: java.lang.reflect.InvocationTargetException
Caused by: java.lang.reflect.InvocationTargetException
Caused by: java.lang.RuntimeException: java.lang.reflect.InvocationTargetException
Caused by: java.lang.reflect.InvocationTargetException
Caused by: java.lang.RuntimeException: java.lang.reflect.InvocationTargetException
Caused by: java.lang.reflect.InvocationTargetException
Caused by: java.lang.RuntimeException: java.lang.reflect.InvocationTargetException
Caused by: java.lang.reflect.InvocationTargetException
Caused by: java.lang.RuntimeException: java.lang.reflect.InvocationTargetException
Caused by: java.lang.reflect.InvocationTargetException
Caused by: java.lang.RuntimeException: java.lang.reflect.InvocationTargetException
Caused by: java.lang.reflect.InvocationTargetException
Caused by: java.lang.RuntimeException: java.lang.reflect.InvocationTargetException
Caused by: java.lang.reflect.InvocationTargetException
Caused by: java.lang.RuntimeException: java.lang.reflect.InvocationTargetException
Caused by: java.lang.reflect.InvocationTargetException
Caused by: java.lang.RuntimeException: java.lang.reflect.InvocationTargetException
Caused by: java.lang.reflect.InvocationTargetException
Caused by: java.lang.RuntimeException: java.lang.reflect.InvocationTargetException
Caused by: java.lang.reflect.InvocationTargetException
Caused by: java.lang.RuntimeException: java.lang.reflect.InvocationTargetException
Caused by: java.lang.reflect.InvocationTargetException
Caused by: java.lang.RuntimeException: java.lang.reflect.InvocationTargetException
Caused by: java.lang.reflect.InvocationTargetException
Caused by: java.lang.RuntimeException: java.lang.reflect.InvocationTargetException
Caused by: java.lang.reflect.InvocationTargetException
Caused by: java.lang.RuntimeException: java.lang.reflect.InvocationTargetException
Caused by: java.lang.reflect.InvocationTargetException
Caused by: java.lang.RuntimeException: java.lang.reflect.InvocationTargetException
Caused by: java.lang.reflect.InvocationTargetException
Caused by: java.lang.RuntimeException: java.lang.reflect.InvocationTargetException
Caused by: java.lang.reflect.InvocationTargetException
Caused by: java.lang.RuntimeException: java.lang.reflect.InvocationTargetException
Caused by: java.lang.reflect.InvocationTargetException
Caused by: java.lang.RuntimeException: java.lang.reflect.InvocationTargetException
Caused by: java.lang.reflect.InvocationTargetException
Caused by: java.lang.RuntimeException: java.lang.reflect.InvocationTargetException
Caused by: java.lang.reflect.InvocationTargetException
Caused by: java.lang.RuntimeException: java.lang.reflect.InvocationTargetException
Caused by: java.lang.reflect.InvocationTargetException
Caused by: java.lang.RuntimeException: java.lang.reflect.InvocationTargetException
Caused by: java.lang.reflect.InvocationTargetException
Caused by: java.lang.RuntimeException: java.lang.reflect.InvocationTargetException
Caused by: java.lang.reflect.InvocationTargetException
Caused by: java.lang.RuntimeException: java.lang.reflect.InvocationTargetException
Caused by: java.lang.reflect.InvocationTargetException
Caused by: java.lang.RuntimeException: java.lang.reflect.InvocationTargetException
Caused by: java.lang.reflect.InvocationTargetException
Caused by: java.lang.RuntimeException: java.lang.reflect.InvocationTargetException
Caused by: java.lang.reflect.InvocationTargetException
Caused by: java.lang.RuntimeException: java.lang.reflect.InvocationTargetException
Caused by: java.lang.reflect.InvocationTargetException
Caused by: java.lang.RuntimeException: java.lang.reflect.InvocationTargetException
Caused by: java.lang.reflect.InvocationTargetException
Caused by: java.lang.RuntimeException: java.lang.reflect.InvocationTargetException
Caused by: java.lang.reflect.InvocationTargetException
Caused by: java.lang.RuntimeException: java.lang.reflect.InvocationTargetException
Caused by: java.lang.reflect.InvocationTargetException
Caused by: java.lang.RuntimeException: java.lang.reflect.InvocationTargetException
Caused by: java.lang.reflect.InvocationTargetException
Caused by: java.lang.RuntimeException: java.lang.reflect.InvocationTargetException
Caused by: java.lang.reflect.InvocationTargetException
Caused by: java.lang.RuntimeException: java.lang.reflect.InvocationTargetException
Caused by: java.lang.reflect.InvocationTargetException
Caused by: java.lang.RuntimeException: java.lang.reflect.InvocationTargetException
Caused by: java.lang.reflect.InvocationTargetException
Caused by: java.lang.RuntimeException: java.lang.reflect.InvocationTargetException
Caused by: java.lang.reflect.InvocationTargetException
Caused by: java.lang.RuntimeException: java.lang.reflect.InvocationTargetException
Caused by: java.lang.reflect.InvocationTargetException
Caused by: java.lang.RuntimeException: java.lang.reflect.InvocationTargetException
Caused by: java.lang.reflect.InvocationTargetException
Caused by: java.lang.RuntimeException: java.lang.reflect.InvocationTargetException
Caused by: java.lang.reflect.InvocationTargetException
Caused by: java.lang.RuntimeException: java.lang.reflect.InvocationTargetException
Caused by: java.lang.reflect.InvocationTargetException
Caused by: java.lang.RuntimeException: java.lang.reflect.InvocationTargetException
Caused by: java.lang.reflect.InvocationTargetException
Caused by: java.lang.RuntimeException: java.lang.reflect.InvocationTargetException
Caused by: java.lang.reflect.InvocationTargetException
Caused by: java.lang.RuntimeException: java.lang.reflect.InvocationTargetException
Caused by: java.lang.reflect.InvocationTargetException
Caused by: java.lang.RuntimeException: java.lang.reflect.InvocationTargetException
Caused by: java.lang.reflect.InvocationTargetException
Caused by: java.lang.RuntimeException: java.lang.reflect.InvocationTargetException
Caused by: java.lang.reflect.InvocationTargetException
Caused by: java.lang.RuntimeException: java.lang.reflect.InvocationTargetException
Caused by: java.lang.reflect.InvocationTargetException
Caused by: java.lang.RuntimeException: java.lang.reflect.InvocationTargetException
Caused by: java.lang.reflect.InvocationTargetException
Caused by: java.lang.RuntimeException: java.lang.reflect.InvocationTargetException
Caused by: java.lang.reflect.InvocationTargetException
Caused by: java.lang.RuntimeException: java.lang.reflect.InvocationTargetException
Caused by: java.lang.reflect.InvocationTargetException
Caused by: java.lang.RuntimeException: java.lang.reflect.InvocationTargetException
Caused by: java.lang.reflect.InvocationTargetException
Caused by: java.lang.RuntimeException: java.lang.reflect.InvocationTargetException
Caused by: java.lang.reflect.InvocationTargetException
Caused by: java.lang.RuntimeException: java.lang.reflect.InvocationTargetException
Caused by: java.lang.reflect.InvocationTargetException
Caused by: java.lang.RuntimeException: java.lang.reflect.InvocationTargetException
Caused by: java.lang.reflect.InvocationTargetException
Caused by: java.lang.RuntimeException: java.lang.reflect.InvocationTargetException
Caused by: java.lang.reflect.InvocationTargetException
Caused by: java.lang.RuntimeException: java.lang.reflect.InvocationTargetException
Caused by: java.lang.reflect.InvocationTargetException
Caused by: java.lang.RuntimeException: java.lang.reflect.InvocationTargetException
Caused by: java.lang.reflect.InvocationTargetException
Caused by: java.lang.RuntimeException: java.lang.reflect.InvocationTargetException
Caused by: java.lang.reflect.InvocationTargetException
Caused by: java.lang.RuntimeException: java.lang.reflect.InvocationTargetException
Caused by: java.lang.reflect.InvocationTargetException
Caused by: java.lang.RuntimeException: java.lang.reflect.InvocationTargetException
Caused by: java.lang.reflect.InvocationTargetException
Caused by: java.lang.RuntimeException: java.lang.reflect.InvocationTargetException
Caused by: java.lang.reflect.InvocationTargetException
Caused by: java.lang.RuntimeException: java.lang.reflect.InvocationTargetException
Caused by: java.lang.reflect.InvocationTargetException
Caused by: java.lang.RuntimeException: java.lang.reflect.InvocationTargetException
Caused by: java.lang.reflect.InvocationTargetException
Caused by: java.lang.RuntimeException: java.lang.reflect.InvocationTargetException
Caused by: java.lang.reflect.InvocationTargetException
Caused by: java.lang.RuntimeException: java.lang.reflect.InvocationTargetException
Caused by: java.lang.reflect.InvocationTargetException
Caused by: java.lang.RuntimeException: java.lang.reflect.InvocationTargetException
Caused by: java.lang.reflect.InvocationTargetException
Caused by: java.lang.RuntimeException: java.lang.reflect.InvocationTargetException
Caused by: java.lang.reflect.InvocationTargetException
Caused by: java.lang.RuntimeException: java.lang.reflect.InvocationTargetException
Caused by: java.lang.reflect.InvocationTargetException
Caused by: java.lang.RuntimeException: java.lang.reflect.InvocationTargetException
Caused by: java.lang.reflect.InvocationTargetException
Caused by: java.lang.RuntimeException: java.lang.reflect.InvocationTargetException
Caused by: java.lang.reflect.InvocationTargetException
Caused by: java.lang.RuntimeException: java.lang.reflect.InvocationTargetException
Caused by: java.lang.reflect.InvocationTargetException
Caused by: java.lang.RuntimeException: java.lang.reflect.InvocationTargetException
Caused by: java.lang.reflect.InvocationTargetException
Caused by: java.lang.RuntimeException: java.lang.reflect.InvocationTargetException
Caused by: java.lang.reflect.InvocationTargetException
Caused by: java.lang.RuntimeException: java.lang.reflect.InvocationTargetException
Caused by: java.lang.reflect.InvocationTargetException
Caused by: java.lang.RuntimeException: java.lang.reflect.InvocationTargetException
Caused by: java.lang.reflect.InvocationTargetException
Caused by: java.lang.RuntimeException: java.lang.reflect.InvocationTargetException
Caused by: java.lang.reflect.InvocationTargetException
Caused by: java.lang.RuntimeException: java.lang.reflect.InvocationTargetException
Caused by: java.lang.reflect.InvocationTargetException
Caused by: java.lang.RuntimeException: java.lang.reflect.InvocationTargetException
Caused by: java.lang.reflect.InvocationTargetException
Caused by: java.lang.RuntimeException: java.lang.reflect.InvocationTargetException
Caused by: java.lang.reflect.InvocationTargetException
Caused by: java.lang.RuntimeException: java.lang.reflect.InvocationTargetException
Caused by: java.lang.reflect.InvocationTargetException
Caused by: java.lang.RuntimeException: java.lang.reflect.InvocationTargetException
Caused by: java.lang.reflect.InvocationTargetException
Caused by: java.lang.RuntimeException: java.lang.reflect.InvocationTargetException
Caused by: java.lang.reflect.InvocationTargetException
Caused by: java.lang.RuntimeException: java.lang.reflect.InvocationTargetException
Caused by: java.lang.reflect.InvocationTargetException
Caused by: java.lang.RuntimeException: java.lang.reflect.InvocationTargetException
Caused by: java.lang.reflect.InvocationTargetException
Caused by: java.lang.RuntimeException: java.lang.reflect.InvocationTargetException
Caused by: java.lang.reflect.InvocationTargetException
Caused by: java.lang.RuntimeException: java.lang.reflect.InvocationTargetException
Caused by: java.lang.reflect.InvocationTargetException
Caused by: java.lang.RuntimeException: java.lang.reflect.InvocationTargetException
Caused by: java.lang.reflect.InvocationTargetException
Caused by: java.lang.RuntimeException: java.lang.reflect.InvocationTargetException
Caused by: java.lang.reflect.InvocationTargetException
Caused by: java.lang.RuntimeException: java.lang.reflect.InvocationTargetException
Caused by: java.lang.reflect.InvocationTargetException
Caused by: java.lang.RuntimeException: java.lang.reflect.InvocationTargetException
Caused by: java.lang.reflect.InvocationTargetException
Caused by: java.lang.RuntimeException: java.lang.reflect.InvocationTargetException
Caused by: java.lang.reflect.InvocationTargetException
Caused by: java.lang.RuntimeException: java.lang.reflect.InvocationTargetException
Caused by: java.lang.reflect.InvocationTargetException
Caused by: java.lang.RuntimeException: java.lang.reflect.InvocationTargetException
Caused by: java.lang.reflect.InvocationTargetException
Caused by: java.lang.RuntimeException: java.lang.reflect.InvocationTargetException
Caused by: java.lang.reflect.InvocationTargetException
Caused by: java.lang.RuntimeException: java.lang.reflect.InvocationTargetException
Caused by: java.lang.reflect.InvocationTargetException
Caused by: java.lang.RuntimeException: java.lang.reflect.InvocationTargetException
Caused by: java.lang.reflect.InvocationTargetException
Caused by: java.lang.RuntimeException: java.lang.reflect.InvocationTargetException
Caused by: java.lang.reflect.InvocationTargetException
Caused by: java.lang.RuntimeException: java.lang.reflect.InvocationTargetException
Caused by: java.lang.reflect.InvocationTargetException
Caused by: java.lang.RuntimeException: java.lang.reflect.InvocationTargetException
Caused by: java.lang.reflect.InvocationTargetException
Caused by: java.lang.RuntimeException: java.lang.reflect.InvocationTargetException
Caused by: java.lang.reflect.InvocationTargetException
Caused by: java.lang.RuntimeException: java.lang.reflect.InvocationTargetException
Caused by: java.lang.reflect.InvocationTargetException
Caused by: java.lang.RuntimeException: java.lang.reflect.InvocationTargetException
Caused by: java.lang.reflect.InvocationTargetException
Caused by: java.lang.RuntimeException: java.lang.reflect.InvocationTargetException
Caused by: java.lang.reflect.InvocationTargetException
Caused by: java.lang.RuntimeException: java.lang.reflect.InvocationTargetException
Caused by: java.lang.reflect.InvocationTargetException
Caused by: java.lang.RuntimeException: java.lang.reflect.InvocationTargetException
Caused by: java.lang.reflect.InvocationTargetException
Caused by: java.lang.RuntimeException: java.lang.reflect.InvocationTargetException
Caused by: java.lang.reflect.InvocationTargetException
Caused by: java.lang.RuntimeException: java.lang.reflect.InvocationTargetException
Caused by: java.lang.reflect.InvocationTargetException
Caused by: java.lang.RuntimeException: java.lang.reflect.InvocationTargetException
Caused by: java.lang.reflect.InvocationTargetException
Caused by: java.lang.RuntimeException: java.lang.reflect.InvocationTargetException
Caused by: java.lang.reflect.InvocationTargetException
Caused by: java.lang.RuntimeException: java.lang.reflect.InvocationTargetException
Caused by: java.lang.reflect.InvocationTargetException
Caused by: java.lang.RuntimeException: java.lang.reflect.InvocationTargetException
Caused by: java.lang.reflect.InvocationTargetException
Caused by: java.lang.RuntimeException: java.lang.reflect.InvocationTargetException
Caused by: java.lang.reflect.InvocationTargetException
Caused by: java.lang.RuntimeException: java.lang.reflect.InvocationTargetException
Caused by: java.lang.reflect.InvocationTargetException
Caused by: java.lang.RuntimeException: java.lang.reflect.InvocationTargetException
Caused by: java.lang.reflect.InvocationTargetException
Caused by: java.lang.RuntimeException: java.lang.reflect.InvocationTargetException
Caused by: java.lang.reflect.InvocationTargetException
Caused by: java.lang.RuntimeException: java.lang.reflect.InvocationTargetException
Caused by: java.lang.reflect.InvocationTargetException
Caused by: java.lang.RuntimeException: java.lang.reflect.InvocationTargetException
Caused by: java.lang.reflect.InvocationTargetException
Caused by: java.lang.RuntimeException: java.lang.reflect.InvocationTargetException
Caused by: java.lang.reflect.InvocationTargetException
Caused by: java.lang.RuntimeException: java.lang.reflect.InvocationTargetException
Caused by: java.lang.reflect.InvocationTargetException
Caused by: java.lang.RuntimeException: java.lang.reflect.InvocationTargetException
Caused by: java.lang.reflect.InvocationTargetException
Caused by: java.lang.RuntimeException: java.lang.reflect.InvocationTargetException
Caused by: java.lang.reflect.InvocationTargetException
Caused by: java.lang.RuntimeException: java.lang.reflect.InvocationTargetException
Caused by: java.lang.reflect.InvocationTargetException
Caused by: java.lang.RuntimeException: java.lang.reflect.InvocationTargetException
Caused by: java.lang.reflect.InvocationTargetException
Caused by: java.lang.RuntimeException: java.lang.reflect.InvocationTargetException
Caused by: java.lang.reflect.InvocationTargetException
Caused by: java.lang.RuntimeException: java.lang.reflect.InvocationTargetException
Caused by: java.lang.reflect.InvocationTargetException
Caused by: java.lang.RuntimeException: java.lang.reflect.InvocationTargetException
Caused by: java.lang.reflect.InvocationTargetException
Caused by: java.lang.RuntimeException: java.lang.reflect.InvocationTargetException
Caused by: java.lang.reflect.InvocationTargetException
Caused by: java.lang.RuntimeException: java.lang.reflect.InvocationTargetException
Caused by: java.lang.reflect.InvocationTargetException
Caused by: java.lang.RuntimeException: java.lang.reflect.InvocationTargetException
Caused by: java.lang.reflect.InvocationTargetException
Caused by: java.lang.RuntimeException: java.lang.reflect.InvocationTargetException
Caused by: java.lang.reflect.InvocationTargetException
Caused by: java.lang.RuntimeException: java.lang.reflect.InvocationTargetException
Caused by: java.lang.reflect.InvocationTargetException
Caused by: java.lang.RuntimeException: java.lang.reflect.InvocationTargetException
Caused by: java.lang.reflect.InvocationTargetException
Caused by: java.lang.RuntimeException: java.lang.reflect.InvocationTargetException
Caused by: java.lang.reflect.InvocationTargetException
Caused by: java.lang.RuntimeException: java.lang.reflect.InvocationTargetException
Caused by: java.lang.reflect.InvocationTargetException
Caused by: java.lang.RuntimeException: java.lang.reflect.InvocationTargetException
Caused by: java.lang.reflect.InvocationTargetException
Caused by: java.lang.StackOverflowError
</error>
  </testcase>
  <testcase name="CucumberOptions.TestRunner" classname="CucumberOptions.TestRunner" time="69.813">
    <error message="Java heap space" type="java.lang.OutOfMemoryError">java.lang.OutOfMemoryError: Java heap space
</error>
    <system-out><![CDATA[&amp#27;[34mCurrent Page URL is https://qa.seniorhousingnet.com/&amp#27;[0m

  @RegressionTest
  Scenario: Verify caretypes mentioned in requirements are displaying in Learn about section and verify each links on HomePage &amp#27;[90m# src/test/java/Featurefiles/1_LearnAboutSection.feature:4&amp#27;[0m
    &amp#27;[32mGiven &amp#27;[0m&amp#27;[32mI launch the URL&amp#27;[0m                                                                                                     &amp#27;[90m# VerifyLearnAboutSection.LaunchingURL()&amp#27;[0m
    &amp#27;[32mWhen &amp#27;[0m&amp#27;[32mi am in HomePage&amp#27;[0m                                                                                                      &amp#27;[90m# VerifyLearnAboutSection.homepage()&amp#27;[0m
    &amp#27;[31mThen &amp#27;[0m&amp#27;[31mVerify caretypes under Learnaboutsection on Homepage&amp#27;[0m                                                                  &amp#27;[90m# VerifyLearnAboutSection.careTypesOnHomePage()&amp#27;[0m
]]></system-out>
    <system-err><![CDATA[May 16, 2019 2:03:47 PM org.openqa.selenium.os.OsProcess destroy
SEVERE: Unable to kill process java.lang.ProcessImpl@4abf3f0
]]></system-err>
  </testcase>
</testsuite>